[2024-07-22T12:39:36.581+0000] {local_task_job_runner.py:120} INFO - ::group::Pre task execution logs
[2024-07-22T12:39:36.734+0000] {taskinstance.py:2076} INFO - Dependencies all met for dep_context=non-requeueable deps ti=<TaskInstance: fetch_and_store_amazon_books.create_table manual__2024-07-22T12:33:00.491009+00:00 [queued]>
[2024-07-22T12:39:36.826+0000] {taskinstance.py:2076} INFO - Dependencies all met for dep_context=requeueable deps ti=<TaskInstance: fetch_and_store_amazon_books.create_table manual__2024-07-22T12:33:00.491009+00:00 [queued]>
[2024-07-22T12:39:36.832+0000] {taskinstance.py:2306} INFO - Starting attempt 2 of 2
[2024-07-22T12:39:36.983+0000] {taskinstance.py:2330} INFO - Executing <Task(PostgresOperator): create_table> on 2024-07-22 12:33:00.491009+00:00
[2024-07-22T12:39:37.046+0000] {warnings.py:112} WARNING - /home/***/.local/lib/python3.12/site-packages/***/task/task_runner/standard_task_runner.py:62: DeprecationWarning: This process (pid=376) is multi-threaded, use of fork() may lead to deadlocks in the child.
  pid = os.fork()

[2024-07-22T12:39:37.052+0000] {standard_task_runner.py:64} INFO - Started process 385 to run task
[2024-07-22T12:39:37.053+0000] {standard_task_runner.py:90} INFO - Running: ['***', 'tasks', 'run', 'fetch_and_store_amazon_books', 'create_table', 'manual__2024-07-22T12:33:00.491009+00:00', '--job-id', '9', '--raw', '--subdir', 'DAGS_FOLDER/dag.py', '--cfg-path', '/tmp/tmp7ijp73vx']
[2024-07-22T12:39:37.062+0000] {standard_task_runner.py:91} INFO - Job 9: Subtask create_table
[2024-07-22T12:39:37.284+0000] {task_command.py:426} INFO - Running <TaskInstance: fetch_and_store_amazon_books.create_table manual__2024-07-22T12:33:00.491009+00:00 [running]> on host d3b217dd6db7
[2024-07-22T12:39:37.628+0000] {taskinstance.py:2648} INFO - Exporting env vars: AIRFLOW_CTX_DAG_OWNER='***' AIRFLOW_CTX_DAG_ID='fetch_and_store_amazon_books' AIRFLOW_CTX_TASK_ID='create_table' AIRFLOW_CTX_EXECUTION_DATE='2024-07-22T12:33:00.491009+00:00' AIRFLOW_CTX_TRY_NUMBER='2' AIRFLOW_CTX_DAG_RUN_ID='manual__2024-07-22T12:33:00.491009+00:00'
[2024-07-22T12:39:37.635+0000] {taskinstance.py:430} INFO - ::endgroup::
[2024-07-22T12:39:37.636+0000] {sql.py:282} INFO - Executing: 
    CREATE TABLE IF NOT EXISTS books (
        id SERIAL PRIMARY KEY,
        title TEXT NOT NULL,
        authors TEXT,
        price TEXT,
        rating TEXT
    );
    
[2024-07-22T12:39:37.673+0000] {base.py:84} INFO - Using connection ID 'books_connection' for task execution.
[2024-07-22T12:39:37.736+0000] {base.py:84} INFO - Using connection ID 'books_connection' for task execution.
[2024-07-22T12:39:37.752+0000] {sql.py:495} INFO - Running statement: 
    CREATE TABLE IF NOT EXISTS books (
        id SERIAL PRIMARY KEY,
        title TEXT NOT NULL,
        authors TEXT,
        price TEXT,
        rating TEXT
    );
    , parameters: None
[2024-07-22T12:39:37.823+0000] {taskinstance.py:441} INFO - ::group::Post task execution logs
[2024-07-22T12:39:37.846+0000] {taskinstance.py:1206} INFO - Marking task as SUCCESS. dag_id=fetch_and_store_amazon_books, task_id=create_table, run_id=manual__2024-07-22T12:33:00.491009+00:00, execution_date=20240722T123300, start_date=20240722T123936, end_date=20240722T123937
[2024-07-22T12:39:37.927+0000] {local_task_job_runner.py:243} INFO - Task exited with return code 0
[2024-07-22T12:39:38.067+0000] {warnings.py:112} WARNING - /home/***/.local/lib/python3.12/site-packages/***/models/baseoperator.py:1297: AirflowProviderDeprecationWarning: Call to deprecated class PostgresOperator. (Please use `***.providers.common.sql.operators.sql.SQLExecuteQueryOperator`.Also, you can provide `hook_params={'schema': <database>}`.)
  result = cls.__new__(cls)

[2024-07-22T12:39:38.130+0000] {taskinstance.py:3503} INFO - 1 downstream tasks scheduled from follow-on schedule check
[2024-07-22T12:39:38.138+0000] {local_task_job_runner.py:222} INFO - ::endgroup::
