[2024-07-22T11:28:04.411+0000] {processor.py:161} INFO - Started process (PID=101) to work on /home/airflow/.local/lib/python3.12/site-packages/airflow/example_dags/example_sensors.py
[2024-07-22T11:28:04.414+0000] {processor.py:830} INFO - Processing file /home/airflow/.local/lib/python3.12/site-packages/airflow/example_dags/example_sensors.py for tasks to queue
[2024-07-22T11:28:04.417+0000] {logging_mixin.py:188} INFO - [2024-07-22T11:28:04.416+0000] {dagbag.py:545} INFO - Filling up the DagBag from /home/airflow/.local/lib/python3.12/site-packages/airflow/example_dags/example_sensors.py
[2024-07-22T11:28:04.431+0000] {processor.py:840} INFO - DAG(s) 'example_sensors' retrieved from /home/airflow/.local/lib/python3.12/site-packages/airflow/example_dags/example_sensors.py
[2024-07-22T11:28:04.610+0000] {logging_mixin.py:188} INFO - [2024-07-22T11:28:04.609+0000] {dag.py:3089} INFO - Sync 1 DAGs
[2024-07-22T11:28:04.626+0000] {logging_mixin.py:188} INFO - [2024-07-22T11:28:04.626+0000] {dag.py:3947} INFO - Setting next_dagrun for example_sensors to None, run_after=None
[2024-07-22T11:28:04.665+0000] {processor.py:183} INFO - Processing /home/airflow/.local/lib/python3.12/site-packages/airflow/example_dags/example_sensors.py took 0.261 seconds
[2024-07-22T11:28:35.514+0000] {processor.py:161} INFO - Started process (PID=159) to work on /home/airflow/.local/lib/python3.12/site-packages/airflow/example_dags/example_sensors.py
[2024-07-22T11:28:35.515+0000] {processor.py:830} INFO - Processing file /home/airflow/.local/lib/python3.12/site-packages/airflow/example_dags/example_sensors.py for tasks to queue
[2024-07-22T11:28:35.521+0000] {logging_mixin.py:188} INFO - [2024-07-22T11:28:35.521+0000] {dagbag.py:545} INFO - Filling up the DagBag from /home/airflow/.local/lib/python3.12/site-packages/airflow/example_dags/example_sensors.py
[2024-07-22T11:28:35.554+0000] {processor.py:840} INFO - DAG(s) 'example_sensors' retrieved from /home/airflow/.local/lib/python3.12/site-packages/airflow/example_dags/example_sensors.py
[2024-07-22T11:28:35.586+0000] {logging_mixin.py:188} INFO - [2024-07-22T11:28:35.586+0000] {dag.py:3089} INFO - Sync 1 DAGs
[2024-07-22T11:28:35.606+0000] {logging_mixin.py:188} INFO - [2024-07-22T11:28:35.606+0000] {dag.py:3947} INFO - Setting next_dagrun for example_sensors to None, run_after=None
[2024-07-22T11:28:35.620+0000] {processor.py:183} INFO - Processing /home/airflow/.local/lib/python3.12/site-packages/airflow/example_dags/example_sensors.py took 0.112 seconds
[2024-07-22T11:29:06.364+0000] {processor.py:161} INFO - Started process (PID=217) to work on /home/airflow/.local/lib/python3.12/site-packages/airflow/example_dags/example_sensors.py
[2024-07-22T11:29:06.368+0000] {processor.py:830} INFO - Processing file /home/airflow/.local/lib/python3.12/site-packages/airflow/example_dags/example_sensors.py for tasks to queue
[2024-07-22T11:29:06.371+0000] {logging_mixin.py:188} INFO - [2024-07-22T11:29:06.370+0000] {dagbag.py:545} INFO - Filling up the DagBag from /home/airflow/.local/lib/python3.12/site-packages/airflow/example_dags/example_sensors.py
[2024-07-22T11:29:06.386+0000] {processor.py:840} INFO - DAG(s) 'example_sensors' retrieved from /home/airflow/.local/lib/python3.12/site-packages/airflow/example_dags/example_sensors.py
[2024-07-22T11:29:06.414+0000] {logging_mixin.py:188} INFO - [2024-07-22T11:29:06.414+0000] {dag.py:3089} INFO - Sync 1 DAGs
[2024-07-22T11:29:06.471+0000] {logging_mixin.py:188} INFO - [2024-07-22T11:29:06.469+0000] {dag.py:3947} INFO - Setting next_dagrun for example_sensors to None, run_after=None
[2024-07-22T11:29:06.523+0000] {processor.py:183} INFO - Processing /home/airflow/.local/lib/python3.12/site-packages/airflow/example_dags/example_sensors.py took 0.165 seconds
[2024-07-22T11:29:36.647+0000] {processor.py:161} INFO - Started process (PID=275) to work on /home/airflow/.local/lib/python3.12/site-packages/airflow/example_dags/example_sensors.py
[2024-07-22T11:29:36.649+0000] {processor.py:830} INFO - Processing file /home/airflow/.local/lib/python3.12/site-packages/airflow/example_dags/example_sensors.py for tasks to queue
[2024-07-22T11:29:36.652+0000] {logging_mixin.py:188} INFO - [2024-07-22T11:29:36.651+0000] {dagbag.py:545} INFO - Filling up the DagBag from /home/airflow/.local/lib/python3.12/site-packages/airflow/example_dags/example_sensors.py
[2024-07-22T11:29:36.661+0000] {processor.py:840} INFO - DAG(s) 'example_sensors' retrieved from /home/airflow/.local/lib/python3.12/site-packages/airflow/example_dags/example_sensors.py
[2024-07-22T11:29:36.688+0000] {logging_mixin.py:188} INFO - [2024-07-22T11:29:36.688+0000] {dag.py:3089} INFO - Sync 1 DAGs
[2024-07-22T11:29:36.699+0000] {logging_mixin.py:188} INFO - [2024-07-22T11:29:36.699+0000] {dag.py:3947} INFO - Setting next_dagrun for example_sensors to None, run_after=None
[2024-07-22T11:29:36.712+0000] {processor.py:183} INFO - Processing /home/airflow/.local/lib/python3.12/site-packages/airflow/example_dags/example_sensors.py took 0.073 seconds
[2024-07-22T11:30:06.917+0000] {processor.py:161} INFO - Started process (PID=333) to work on /home/airflow/.local/lib/python3.12/site-packages/airflow/example_dags/example_sensors.py
[2024-07-22T11:30:06.918+0000] {processor.py:830} INFO - Processing file /home/airflow/.local/lib/python3.12/site-packages/airflow/example_dags/example_sensors.py for tasks to queue
[2024-07-22T11:30:06.920+0000] {logging_mixin.py:188} INFO - [2024-07-22T11:30:06.920+0000] {dagbag.py:545} INFO - Filling up the DagBag from /home/airflow/.local/lib/python3.12/site-packages/airflow/example_dags/example_sensors.py
[2024-07-22T11:30:06.929+0000] {processor.py:840} INFO - DAG(s) 'example_sensors' retrieved from /home/airflow/.local/lib/python3.12/site-packages/airflow/example_dags/example_sensors.py
[2024-07-22T11:30:06.953+0000] {logging_mixin.py:188} INFO - [2024-07-22T11:30:06.953+0000] {dag.py:3089} INFO - Sync 1 DAGs
[2024-07-22T11:30:06.965+0000] {logging_mixin.py:188} INFO - [2024-07-22T11:30:06.965+0000] {dag.py:3947} INFO - Setting next_dagrun for example_sensors to None, run_after=None
[2024-07-22T11:30:06.988+0000] {processor.py:183} INFO - Processing /home/airflow/.local/lib/python3.12/site-packages/airflow/example_dags/example_sensors.py took 0.078 seconds
[2024-07-22T11:30:38.196+0000] {processor.py:161} INFO - Started process (PID=391) to work on /home/airflow/.local/lib/python3.12/site-packages/airflow/example_dags/example_sensors.py
[2024-07-22T11:30:38.198+0000] {processor.py:830} INFO - Processing file /home/airflow/.local/lib/python3.12/site-packages/airflow/example_dags/example_sensors.py for tasks to queue
[2024-07-22T11:30:38.201+0000] {logging_mixin.py:188} INFO - [2024-07-22T11:30:38.200+0000] {dagbag.py:545} INFO - Filling up the DagBag from /home/airflow/.local/lib/python3.12/site-packages/airflow/example_dags/example_sensors.py
[2024-07-22T11:30:38.217+0000] {processor.py:840} INFO - DAG(s) 'example_sensors' retrieved from /home/airflow/.local/lib/python3.12/site-packages/airflow/example_dags/example_sensors.py
[2024-07-22T11:30:38.253+0000] {logging_mixin.py:188} INFO - [2024-07-22T11:30:38.253+0000] {dag.py:3089} INFO - Sync 1 DAGs
[2024-07-22T11:30:38.278+0000] {logging_mixin.py:188} INFO - [2024-07-22T11:30:38.277+0000] {dag.py:3947} INFO - Setting next_dagrun for example_sensors to None, run_after=None
[2024-07-22T11:30:38.303+0000] {processor.py:183} INFO - Processing /home/airflow/.local/lib/python3.12/site-packages/airflow/example_dags/example_sensors.py took 0.119 seconds
[2024-07-22T11:31:09.592+0000] {processor.py:161} INFO - Started process (PID=449) to work on /home/airflow/.local/lib/python3.12/site-packages/airflow/example_dags/example_sensors.py
[2024-07-22T11:31:09.595+0000] {processor.py:830} INFO - Processing file /home/airflow/.local/lib/python3.12/site-packages/airflow/example_dags/example_sensors.py for tasks to queue
[2024-07-22T11:31:09.597+0000] {logging_mixin.py:188} INFO - [2024-07-22T11:31:09.597+0000] {dagbag.py:545} INFO - Filling up the DagBag from /home/airflow/.local/lib/python3.12/site-packages/airflow/example_dags/example_sensors.py
[2024-07-22T11:31:09.609+0000] {processor.py:840} INFO - DAG(s) 'example_sensors' retrieved from /home/airflow/.local/lib/python3.12/site-packages/airflow/example_dags/example_sensors.py
[2024-07-22T11:31:09.634+0000] {logging_mixin.py:188} INFO - [2024-07-22T11:31:09.634+0000] {dag.py:3089} INFO - Sync 1 DAGs
[2024-07-22T11:31:09.649+0000] {logging_mixin.py:188} INFO - [2024-07-22T11:31:09.648+0000] {dag.py:3947} INFO - Setting next_dagrun for example_sensors to None, run_after=None
[2024-07-22T11:31:09.670+0000] {processor.py:183} INFO - Processing /home/airflow/.local/lib/python3.12/site-packages/airflow/example_dags/example_sensors.py took 0.084 seconds
[2024-07-22T11:31:40.673+0000] {processor.py:161} INFO - Started process (PID=507) to work on /home/airflow/.local/lib/python3.12/site-packages/airflow/example_dags/example_sensors.py
[2024-07-22T11:31:40.674+0000] {processor.py:830} INFO - Processing file /home/airflow/.local/lib/python3.12/site-packages/airflow/example_dags/example_sensors.py for tasks to queue
[2024-07-22T11:31:40.676+0000] {logging_mixin.py:188} INFO - [2024-07-22T11:31:40.676+0000] {dagbag.py:545} INFO - Filling up the DagBag from /home/airflow/.local/lib/python3.12/site-packages/airflow/example_dags/example_sensors.py
[2024-07-22T11:31:40.684+0000] {processor.py:840} INFO - DAG(s) 'example_sensors' retrieved from /home/airflow/.local/lib/python3.12/site-packages/airflow/example_dags/example_sensors.py
[2024-07-22T11:31:40.708+0000] {logging_mixin.py:188} INFO - [2024-07-22T11:31:40.708+0000] {dag.py:3089} INFO - Sync 1 DAGs
[2024-07-22T11:31:40.718+0000] {logging_mixin.py:188} INFO - [2024-07-22T11:31:40.718+0000] {dag.py:3947} INFO - Setting next_dagrun for example_sensors to None, run_after=None
[2024-07-22T11:31:40.739+0000] {processor.py:183} INFO - Processing /home/airflow/.local/lib/python3.12/site-packages/airflow/example_dags/example_sensors.py took 0.071 seconds
[2024-07-22T11:32:11.384+0000] {processor.py:161} INFO - Started process (PID=565) to work on /home/airflow/.local/lib/python3.12/site-packages/airflow/example_dags/example_sensors.py
[2024-07-22T11:32:11.386+0000] {processor.py:830} INFO - Processing file /home/airflow/.local/lib/python3.12/site-packages/airflow/example_dags/example_sensors.py for tasks to queue
[2024-07-22T11:32:11.388+0000] {logging_mixin.py:188} INFO - [2024-07-22T11:32:11.388+0000] {dagbag.py:545} INFO - Filling up the DagBag from /home/airflow/.local/lib/python3.12/site-packages/airflow/example_dags/example_sensors.py
[2024-07-22T11:32:11.404+0000] {processor.py:840} INFO - DAG(s) 'example_sensors' retrieved from /home/airflow/.local/lib/python3.12/site-packages/airflow/example_dags/example_sensors.py
[2024-07-22T11:32:11.427+0000] {logging_mixin.py:188} INFO - [2024-07-22T11:32:11.427+0000] {dag.py:3089} INFO - Sync 1 DAGs
[2024-07-22T11:32:11.437+0000] {logging_mixin.py:188} INFO - [2024-07-22T11:32:11.437+0000] {dag.py:3947} INFO - Setting next_dagrun for example_sensors to None, run_after=None
[2024-07-22T11:32:11.465+0000] {processor.py:183} INFO - Processing /home/airflow/.local/lib/python3.12/site-packages/airflow/example_dags/example_sensors.py took 0.088 seconds
[2024-07-22T11:32:42.372+0000] {processor.py:161} INFO - Started process (PID=623) to work on /home/airflow/.local/lib/python3.12/site-packages/airflow/example_dags/example_sensors.py
[2024-07-22T11:32:42.374+0000] {processor.py:830} INFO - Processing file /home/airflow/.local/lib/python3.12/site-packages/airflow/example_dags/example_sensors.py for tasks to queue
[2024-07-22T11:32:42.377+0000] {logging_mixin.py:188} INFO - [2024-07-22T11:32:42.377+0000] {dagbag.py:545} INFO - Filling up the DagBag from /home/airflow/.local/lib/python3.12/site-packages/airflow/example_dags/example_sensors.py
[2024-07-22T11:32:42.386+0000] {processor.py:840} INFO - DAG(s) 'example_sensors' retrieved from /home/airflow/.local/lib/python3.12/site-packages/airflow/example_dags/example_sensors.py
[2024-07-22T11:32:42.408+0000] {logging_mixin.py:188} INFO - [2024-07-22T11:32:42.408+0000] {dag.py:3089} INFO - Sync 1 DAGs
[2024-07-22T11:32:42.419+0000] {logging_mixin.py:188} INFO - [2024-07-22T11:32:42.419+0000] {dag.py:3947} INFO - Setting next_dagrun for example_sensors to None, run_after=None
[2024-07-22T11:32:42.434+0000] {processor.py:183} INFO - Processing /home/airflow/.local/lib/python3.12/site-packages/airflow/example_dags/example_sensors.py took 0.068 seconds
[2024-07-22T11:33:13.158+0000] {processor.py:161} INFO - Started process (PID=681) to work on /home/airflow/.local/lib/python3.12/site-packages/airflow/example_dags/example_sensors.py
[2024-07-22T11:33:13.163+0000] {processor.py:830} INFO - Processing file /home/airflow/.local/lib/python3.12/site-packages/airflow/example_dags/example_sensors.py for tasks to queue
[2024-07-22T11:33:13.166+0000] {logging_mixin.py:188} INFO - [2024-07-22T11:33:13.166+0000] {dagbag.py:545} INFO - Filling up the DagBag from /home/airflow/.local/lib/python3.12/site-packages/airflow/example_dags/example_sensors.py
[2024-07-22T11:33:13.174+0000] {processor.py:840} INFO - DAG(s) 'example_sensors' retrieved from /home/airflow/.local/lib/python3.12/site-packages/airflow/example_dags/example_sensors.py
[2024-07-22T11:33:13.196+0000] {logging_mixin.py:188} INFO - [2024-07-22T11:33:13.195+0000] {dag.py:3089} INFO - Sync 1 DAGs
[2024-07-22T11:33:13.205+0000] {logging_mixin.py:188} INFO - [2024-07-22T11:33:13.205+0000] {dag.py:3947} INFO - Setting next_dagrun for example_sensors to None, run_after=None
[2024-07-22T11:33:13.218+0000] {processor.py:183} INFO - Processing /home/airflow/.local/lib/python3.12/site-packages/airflow/example_dags/example_sensors.py took 0.065 seconds
[2024-07-22T11:37:00.505+0000] {processor.py:161} INFO - Started process (PID=114) to work on /home/airflow/.local/lib/python3.12/site-packages/airflow/example_dags/example_sensors.py
[2024-07-22T11:37:00.515+0000] {processor.py:830} INFO - Processing file /home/airflow/.local/lib/python3.12/site-packages/airflow/example_dags/example_sensors.py for tasks to queue
[2024-07-22T11:37:00.552+0000] {logging_mixin.py:188} INFO - [2024-07-22T11:37:00.551+0000] {dagbag.py:545} INFO - Filling up the DagBag from /home/airflow/.local/lib/python3.12/site-packages/airflow/example_dags/example_sensors.py
[2024-07-22T11:37:00.692+0000] {processor.py:840} INFO - DAG(s) 'example_sensors' retrieved from /home/airflow/.local/lib/python3.12/site-packages/airflow/example_dags/example_sensors.py
[2024-07-22T11:37:02.067+0000] {logging_mixin.py:188} INFO - [2024-07-22T11:37:02.065+0000] {dag.py:3089} INFO - Sync 1 DAGs
[2024-07-22T11:37:02.140+0000] {logging_mixin.py:188} INFO - [2024-07-22T11:37:02.139+0000] {dag.py:3947} INFO - Setting next_dagrun for example_sensors to None, run_after=None
[2024-07-22T11:37:02.723+0000] {processor.py:183} INFO - Processing /home/airflow/.local/lib/python3.12/site-packages/airflow/example_dags/example_sensors.py took 2.246 seconds
[2024-07-22T11:37:40.437+0000] {processor.py:161} INFO - Started process (PID=178) to work on /home/airflow/.local/lib/python3.12/site-packages/airflow/example_dags/example_sensors.py
[2024-07-22T11:37:40.440+0000] {processor.py:830} INFO - Processing file /home/airflow/.local/lib/python3.12/site-packages/airflow/example_dags/example_sensors.py for tasks to queue
[2024-07-22T11:37:40.446+0000] {logging_mixin.py:188} INFO - [2024-07-22T11:37:40.445+0000] {dagbag.py:545} INFO - Filling up the DagBag from /home/airflow/.local/lib/python3.12/site-packages/airflow/example_dags/example_sensors.py
[2024-07-22T11:37:40.495+0000] {processor.py:840} INFO - DAG(s) 'example_sensors' retrieved from /home/airflow/.local/lib/python3.12/site-packages/airflow/example_dags/example_sensors.py
[2024-07-22T11:37:40.601+0000] {logging_mixin.py:188} INFO - [2024-07-22T11:37:40.600+0000] {dag.py:3089} INFO - Sync 1 DAGs
[2024-07-22T11:37:40.644+0000] {logging_mixin.py:188} INFO - [2024-07-22T11:37:40.644+0000] {dag.py:3947} INFO - Setting next_dagrun for example_sensors to None, run_after=None
[2024-07-22T11:37:40.716+0000] {processor.py:183} INFO - Processing /home/airflow/.local/lib/python3.12/site-packages/airflow/example_dags/example_sensors.py took 0.304 seconds
[2024-07-22T11:38:42.378+0000] {processor.py:161} INFO - Started process (PID=240) to work on /home/airflow/.local/lib/python3.12/site-packages/airflow/example_dags/example_sensors.py
[2024-07-22T11:38:42.394+0000] {processor.py:830} INFO - Processing file /home/airflow/.local/lib/python3.12/site-packages/airflow/example_dags/example_sensors.py for tasks to queue
[2024-07-22T11:38:42.430+0000] {logging_mixin.py:188} INFO - [2024-07-22T11:38:42.428+0000] {dagbag.py:545} INFO - Filling up the DagBag from /home/airflow/.local/lib/python3.12/site-packages/airflow/example_dags/example_sensors.py
[2024-07-22T11:38:42.610+0000] {processor.py:840} INFO - DAG(s) 'example_sensors' retrieved from /home/airflow/.local/lib/python3.12/site-packages/airflow/example_dags/example_sensors.py
[2024-07-22T11:38:43.050+0000] {logging_mixin.py:188} INFO - [2024-07-22T11:38:43.047+0000] {dag.py:3089} INFO - Sync 1 DAGs
[2024-07-22T11:38:43.167+0000] {logging_mixin.py:188} INFO - [2024-07-22T11:38:43.166+0000] {dag.py:3947} INFO - Setting next_dagrun for example_sensors to None, run_after=None
[2024-07-22T11:38:43.269+0000] {processor.py:183} INFO - Processing /home/airflow/.local/lib/python3.12/site-packages/airflow/example_dags/example_sensors.py took 1.062 seconds
[2024-07-22T11:39:30.983+0000] {processor.py:161} INFO - Started process (PID=297) to work on /home/airflow/.local/lib/python3.12/site-packages/airflow/example_dags/example_sensors.py
[2024-07-22T11:39:31.005+0000] {processor.py:830} INFO - Processing file /home/airflow/.local/lib/python3.12/site-packages/airflow/example_dags/example_sensors.py for tasks to queue
[2024-07-22T11:39:31.016+0000] {logging_mixin.py:188} INFO - [2024-07-22T11:39:31.014+0000] {dagbag.py:545} INFO - Filling up the DagBag from /home/airflow/.local/lib/python3.12/site-packages/airflow/example_dags/example_sensors.py
[2024-07-22T11:39:31.065+0000] {processor.py:840} INFO - DAG(s) 'example_sensors' retrieved from /home/airflow/.local/lib/python3.12/site-packages/airflow/example_dags/example_sensors.py
[2024-07-22T11:39:31.274+0000] {logging_mixin.py:188} INFO - [2024-07-22T11:39:31.272+0000] {dag.py:3089} INFO - Sync 1 DAGs
[2024-07-22T11:39:31.394+0000] {logging_mixin.py:188} INFO - [2024-07-22T11:39:31.392+0000] {dag.py:3947} INFO - Setting next_dagrun for example_sensors to None, run_after=None
[2024-07-22T11:39:31.557+0000] {processor.py:183} INFO - Processing /home/airflow/.local/lib/python3.12/site-packages/airflow/example_dags/example_sensors.py took 0.615 seconds
[2024-07-22T11:40:38.422+0000] {processor.py:161} INFO - Started process (PID=365) to work on /home/airflow/.local/lib/python3.12/site-packages/airflow/example_dags/example_sensors.py
[2024-07-22T11:40:38.459+0000] {processor.py:830} INFO - Processing file /home/airflow/.local/lib/python3.12/site-packages/airflow/example_dags/example_sensors.py for tasks to queue
[2024-07-22T11:40:38.478+0000] {logging_mixin.py:188} INFO - [2024-07-22T11:40:38.476+0000] {dagbag.py:545} INFO - Filling up the DagBag from /home/airflow/.local/lib/python3.12/site-packages/airflow/example_dags/example_sensors.py
[2024-07-22T11:40:38.581+0000] {processor.py:840} INFO - DAG(s) 'example_sensors' retrieved from /home/airflow/.local/lib/python3.12/site-packages/airflow/example_dags/example_sensors.py
[2024-07-22T11:40:38.810+0000] {logging_mixin.py:188} INFO - [2024-07-22T11:40:38.809+0000] {dag.py:3089} INFO - Sync 1 DAGs
[2024-07-22T11:40:38.952+0000] {logging_mixin.py:188} INFO - [2024-07-22T11:40:38.950+0000] {dag.py:3947} INFO - Setting next_dagrun for example_sensors to None, run_after=None
[2024-07-22T11:40:39.037+0000] {processor.py:183} INFO - Processing /home/airflow/.local/lib/python3.12/site-packages/airflow/example_dags/example_sensors.py took 0.829 seconds
[2024-07-22T11:41:09.808+0000] {processor.py:161} INFO - Started process (PID=423) to work on /home/airflow/.local/lib/python3.12/site-packages/airflow/example_dags/example_sensors.py
[2024-07-22T11:41:09.851+0000] {processor.py:830} INFO - Processing file /home/airflow/.local/lib/python3.12/site-packages/airflow/example_dags/example_sensors.py for tasks to queue
[2024-07-22T11:41:09.897+0000] {logging_mixin.py:188} INFO - [2024-07-22T11:41:09.879+0000] {dagbag.py:545} INFO - Filling up the DagBag from /home/airflow/.local/lib/python3.12/site-packages/airflow/example_dags/example_sensors.py
[2024-07-22T11:41:10.074+0000] {processor.py:840} INFO - DAG(s) 'example_sensors' retrieved from /home/airflow/.local/lib/python3.12/site-packages/airflow/example_dags/example_sensors.py
[2024-07-22T11:41:10.230+0000] {logging_mixin.py:188} INFO - [2024-07-22T11:41:10.230+0000] {dag.py:3089} INFO - Sync 1 DAGs
[2024-07-22T11:41:10.276+0000] {logging_mixin.py:188} INFO - [2024-07-22T11:41:10.276+0000] {dag.py:3947} INFO - Setting next_dagrun for example_sensors to None, run_after=None
[2024-07-22T11:41:10.332+0000] {processor.py:183} INFO - Processing /home/airflow/.local/lib/python3.12/site-packages/airflow/example_dags/example_sensors.py took 0.713 seconds
[2024-07-22T11:41:41.059+0000] {processor.py:161} INFO - Started process (PID=480) to work on /home/airflow/.local/lib/python3.12/site-packages/airflow/example_dags/example_sensors.py
[2024-07-22T11:41:41.062+0000] {processor.py:830} INFO - Processing file /home/airflow/.local/lib/python3.12/site-packages/airflow/example_dags/example_sensors.py for tasks to queue
[2024-07-22T11:41:41.066+0000] {logging_mixin.py:188} INFO - [2024-07-22T11:41:41.065+0000] {dagbag.py:545} INFO - Filling up the DagBag from /home/airflow/.local/lib/python3.12/site-packages/airflow/example_dags/example_sensors.py
[2024-07-22T11:41:41.099+0000] {processor.py:840} INFO - DAG(s) 'example_sensors' retrieved from /home/airflow/.local/lib/python3.12/site-packages/airflow/example_dags/example_sensors.py
[2024-07-22T11:41:41.169+0000] {logging_mixin.py:188} INFO - [2024-07-22T11:41:41.168+0000] {dag.py:3089} INFO - Sync 1 DAGs
[2024-07-22T11:41:41.198+0000] {logging_mixin.py:188} INFO - [2024-07-22T11:41:41.198+0000] {dag.py:3947} INFO - Setting next_dagrun for example_sensors to None, run_after=None
[2024-07-22T11:41:41.231+0000] {processor.py:183} INFO - Processing /home/airflow/.local/lib/python3.12/site-packages/airflow/example_dags/example_sensors.py took 0.187 seconds
[2024-07-22T11:42:11.938+0000] {processor.py:161} INFO - Started process (PID=538) to work on /home/airflow/.local/lib/python3.12/site-packages/airflow/example_dags/example_sensors.py
[2024-07-22T11:42:11.939+0000] {processor.py:830} INFO - Processing file /home/airflow/.local/lib/python3.12/site-packages/airflow/example_dags/example_sensors.py for tasks to queue
[2024-07-22T11:42:11.941+0000] {logging_mixin.py:188} INFO - [2024-07-22T11:42:11.941+0000] {dagbag.py:545} INFO - Filling up the DagBag from /home/airflow/.local/lib/python3.12/site-packages/airflow/example_dags/example_sensors.py
[2024-07-22T11:42:11.949+0000] {processor.py:840} INFO - DAG(s) 'example_sensors' retrieved from /home/airflow/.local/lib/python3.12/site-packages/airflow/example_dags/example_sensors.py
[2024-07-22T11:42:11.977+0000] {logging_mixin.py:188} INFO - [2024-07-22T11:42:11.977+0000] {dag.py:3089} INFO - Sync 1 DAGs
[2024-07-22T11:42:11.991+0000] {logging_mixin.py:188} INFO - [2024-07-22T11:42:11.990+0000] {dag.py:3947} INFO - Setting next_dagrun for example_sensors to None, run_after=None
[2024-07-22T11:42:12.018+0000] {processor.py:183} INFO - Processing /home/airflow/.local/lib/python3.12/site-packages/airflow/example_dags/example_sensors.py took 0.089 seconds
[2024-07-22T11:42:42.284+0000] {processor.py:161} INFO - Started process (PID=596) to work on /home/airflow/.local/lib/python3.12/site-packages/airflow/example_dags/example_sensors.py
[2024-07-22T11:42:42.290+0000] {processor.py:830} INFO - Processing file /home/airflow/.local/lib/python3.12/site-packages/airflow/example_dags/example_sensors.py for tasks to queue
[2024-07-22T11:42:42.293+0000] {logging_mixin.py:188} INFO - [2024-07-22T11:42:42.293+0000] {dagbag.py:545} INFO - Filling up the DagBag from /home/airflow/.local/lib/python3.12/site-packages/airflow/example_dags/example_sensors.py
[2024-07-22T11:42:42.303+0000] {processor.py:840} INFO - DAG(s) 'example_sensors' retrieved from /home/airflow/.local/lib/python3.12/site-packages/airflow/example_dags/example_sensors.py
[2024-07-22T11:42:42.332+0000] {logging_mixin.py:188} INFO - [2024-07-22T11:42:42.332+0000] {dag.py:3089} INFO - Sync 1 DAGs
[2024-07-22T11:42:42.345+0000] {logging_mixin.py:188} INFO - [2024-07-22T11:42:42.344+0000] {dag.py:3947} INFO - Setting next_dagrun for example_sensors to None, run_after=None
[2024-07-22T11:42:42.366+0000] {processor.py:183} INFO - Processing /home/airflow/.local/lib/python3.12/site-packages/airflow/example_dags/example_sensors.py took 0.092 seconds
[2024-07-22T11:43:12.473+0000] {processor.py:161} INFO - Started process (PID=654) to work on /home/airflow/.local/lib/python3.12/site-packages/airflow/example_dags/example_sensors.py
[2024-07-22T11:43:12.474+0000] {processor.py:830} INFO - Processing file /home/airflow/.local/lib/python3.12/site-packages/airflow/example_dags/example_sensors.py for tasks to queue
[2024-07-22T11:43:12.478+0000] {logging_mixin.py:188} INFO - [2024-07-22T11:43:12.477+0000] {dagbag.py:545} INFO - Filling up the DagBag from /home/airflow/.local/lib/python3.12/site-packages/airflow/example_dags/example_sensors.py
[2024-07-22T11:43:12.489+0000] {processor.py:840} INFO - DAG(s) 'example_sensors' retrieved from /home/airflow/.local/lib/python3.12/site-packages/airflow/example_dags/example_sensors.py
[2024-07-22T11:43:12.514+0000] {logging_mixin.py:188} INFO - [2024-07-22T11:43:12.514+0000] {dag.py:3089} INFO - Sync 1 DAGs
[2024-07-22T11:43:12.529+0000] {logging_mixin.py:188} INFO - [2024-07-22T11:43:12.529+0000] {dag.py:3947} INFO - Setting next_dagrun for example_sensors to None, run_after=None
[2024-07-22T11:43:12.562+0000] {processor.py:183} INFO - Processing /home/airflow/.local/lib/python3.12/site-packages/airflow/example_dags/example_sensors.py took 0.096 seconds
[2024-07-22T11:43:43.685+0000] {processor.py:161} INFO - Started process (PID=712) to work on /home/airflow/.local/lib/python3.12/site-packages/airflow/example_dags/example_sensors.py
[2024-07-22T11:43:43.688+0000] {processor.py:830} INFO - Processing file /home/airflow/.local/lib/python3.12/site-packages/airflow/example_dags/example_sensors.py for tasks to queue
[2024-07-22T11:43:43.690+0000] {logging_mixin.py:188} INFO - [2024-07-22T11:43:43.689+0000] {dagbag.py:545} INFO - Filling up the DagBag from /home/airflow/.local/lib/python3.12/site-packages/airflow/example_dags/example_sensors.py
[2024-07-22T11:43:43.698+0000] {processor.py:840} INFO - DAG(s) 'example_sensors' retrieved from /home/airflow/.local/lib/python3.12/site-packages/airflow/example_dags/example_sensors.py
[2024-07-22T11:43:43.727+0000] {logging_mixin.py:188} INFO - [2024-07-22T11:43:43.727+0000] {dag.py:3089} INFO - Sync 1 DAGs
[2024-07-22T11:43:43.742+0000] {logging_mixin.py:188} INFO - [2024-07-22T11:43:43.742+0000] {dag.py:3947} INFO - Setting next_dagrun for example_sensors to None, run_after=None
[2024-07-22T11:43:43.756+0000] {processor.py:183} INFO - Processing /home/airflow/.local/lib/python3.12/site-packages/airflow/example_dags/example_sensors.py took 0.079 seconds
[2024-07-22T11:44:13.985+0000] {processor.py:161} INFO - Started process (PID=770) to work on /home/airflow/.local/lib/python3.12/site-packages/airflow/example_dags/example_sensors.py
[2024-07-22T11:44:13.986+0000] {processor.py:830} INFO - Processing file /home/airflow/.local/lib/python3.12/site-packages/airflow/example_dags/example_sensors.py for tasks to queue
[2024-07-22T11:44:13.990+0000] {logging_mixin.py:188} INFO - [2024-07-22T11:44:13.989+0000] {dagbag.py:545} INFO - Filling up the DagBag from /home/airflow/.local/lib/python3.12/site-packages/airflow/example_dags/example_sensors.py
[2024-07-22T11:44:14.002+0000] {processor.py:840} INFO - DAG(s) 'example_sensors' retrieved from /home/airflow/.local/lib/python3.12/site-packages/airflow/example_dags/example_sensors.py
[2024-07-22T11:44:14.036+0000] {logging_mixin.py:188} INFO - [2024-07-22T11:44:14.036+0000] {dag.py:3089} INFO - Sync 1 DAGs
[2024-07-22T11:44:14.051+0000] {logging_mixin.py:188} INFO - [2024-07-22T11:44:14.051+0000] {dag.py:3947} INFO - Setting next_dagrun for example_sensors to None, run_after=None
[2024-07-22T11:44:14.077+0000] {processor.py:183} INFO - Processing /home/airflow/.local/lib/python3.12/site-packages/airflow/example_dags/example_sensors.py took 0.100 seconds
[2024-07-22T11:44:44.298+0000] {processor.py:161} INFO - Started process (PID=828) to work on /home/airflow/.local/lib/python3.12/site-packages/airflow/example_dags/example_sensors.py
[2024-07-22T11:44:44.302+0000] {processor.py:830} INFO - Processing file /home/airflow/.local/lib/python3.12/site-packages/airflow/example_dags/example_sensors.py for tasks to queue
[2024-07-22T11:44:44.304+0000] {logging_mixin.py:188} INFO - [2024-07-22T11:44:44.304+0000] {dagbag.py:545} INFO - Filling up the DagBag from /home/airflow/.local/lib/python3.12/site-packages/airflow/example_dags/example_sensors.py
[2024-07-22T11:44:44.314+0000] {processor.py:840} INFO - DAG(s) 'example_sensors' retrieved from /home/airflow/.local/lib/python3.12/site-packages/airflow/example_dags/example_sensors.py
[2024-07-22T11:44:44.367+0000] {logging_mixin.py:188} INFO - [2024-07-22T11:44:44.366+0000] {dag.py:3089} INFO - Sync 1 DAGs
[2024-07-22T11:44:44.381+0000] {logging_mixin.py:188} INFO - [2024-07-22T11:44:44.381+0000] {dag.py:3947} INFO - Setting next_dagrun for example_sensors to None, run_after=None
[2024-07-22T11:44:44.412+0000] {processor.py:183} INFO - Processing /home/airflow/.local/lib/python3.12/site-packages/airflow/example_dags/example_sensors.py took 0.120 seconds
[2024-07-22T11:45:14.818+0000] {processor.py:161} INFO - Started process (PID=884) to work on /home/airflow/.local/lib/python3.12/site-packages/airflow/example_dags/example_sensors.py
[2024-07-22T11:45:14.823+0000] {processor.py:830} INFO - Processing file /home/airflow/.local/lib/python3.12/site-packages/airflow/example_dags/example_sensors.py for tasks to queue
[2024-07-22T11:45:14.829+0000] {logging_mixin.py:188} INFO - [2024-07-22T11:45:14.829+0000] {dagbag.py:545} INFO - Filling up the DagBag from /home/airflow/.local/lib/python3.12/site-packages/airflow/example_dags/example_sensors.py
[2024-07-22T11:45:14.840+0000] {processor.py:840} INFO - DAG(s) 'example_sensors' retrieved from /home/airflow/.local/lib/python3.12/site-packages/airflow/example_dags/example_sensors.py
[2024-07-22T11:45:14.870+0000] {logging_mixin.py:188} INFO - [2024-07-22T11:45:14.870+0000] {dag.py:3089} INFO - Sync 1 DAGs
[2024-07-22T11:45:14.884+0000] {logging_mixin.py:188} INFO - [2024-07-22T11:45:14.884+0000] {dag.py:3947} INFO - Setting next_dagrun for example_sensors to None, run_after=None
[2024-07-22T11:45:14.901+0000] {processor.py:183} INFO - Processing /home/airflow/.local/lib/python3.12/site-packages/airflow/example_dags/example_sensors.py took 0.095 seconds
[2024-07-22T11:45:45.392+0000] {processor.py:161} INFO - Started process (PID=942) to work on /home/airflow/.local/lib/python3.12/site-packages/airflow/example_dags/example_sensors.py
[2024-07-22T11:45:45.394+0000] {processor.py:830} INFO - Processing file /home/airflow/.local/lib/python3.12/site-packages/airflow/example_dags/example_sensors.py for tasks to queue
[2024-07-22T11:45:45.399+0000] {logging_mixin.py:188} INFO - [2024-07-22T11:45:45.399+0000] {dagbag.py:545} INFO - Filling up the DagBag from /home/airflow/.local/lib/python3.12/site-packages/airflow/example_dags/example_sensors.py
[2024-07-22T11:45:45.414+0000] {processor.py:840} INFO - DAG(s) 'example_sensors' retrieved from /home/airflow/.local/lib/python3.12/site-packages/airflow/example_dags/example_sensors.py
[2024-07-22T11:45:45.460+0000] {logging_mixin.py:188} INFO - [2024-07-22T11:45:45.460+0000] {dag.py:3089} INFO - Sync 1 DAGs
[2024-07-22T11:45:45.477+0000] {logging_mixin.py:188} INFO - [2024-07-22T11:45:45.477+0000] {dag.py:3947} INFO - Setting next_dagrun for example_sensors to None, run_after=None
[2024-07-22T11:45:45.516+0000] {processor.py:183} INFO - Processing /home/airflow/.local/lib/python3.12/site-packages/airflow/example_dags/example_sensors.py took 0.130 seconds
[2024-07-22T11:46:15.926+0000] {processor.py:161} INFO - Started process (PID=1000) to work on /home/airflow/.local/lib/python3.12/site-packages/airflow/example_dags/example_sensors.py
[2024-07-22T11:46:15.928+0000] {processor.py:830} INFO - Processing file /home/airflow/.local/lib/python3.12/site-packages/airflow/example_dags/example_sensors.py for tasks to queue
[2024-07-22T11:46:15.932+0000] {logging_mixin.py:188} INFO - [2024-07-22T11:46:15.931+0000] {dagbag.py:545} INFO - Filling up the DagBag from /home/airflow/.local/lib/python3.12/site-packages/airflow/example_dags/example_sensors.py
[2024-07-22T11:46:15.969+0000] {processor.py:840} INFO - DAG(s) 'example_sensors' retrieved from /home/airflow/.local/lib/python3.12/site-packages/airflow/example_dags/example_sensors.py
[2024-07-22T11:46:16.080+0000] {logging_mixin.py:188} INFO - [2024-07-22T11:46:16.079+0000] {dag.py:3089} INFO - Sync 1 DAGs
[2024-07-22T11:46:16.143+0000] {logging_mixin.py:188} INFO - [2024-07-22T11:46:16.143+0000] {dag.py:3947} INFO - Setting next_dagrun for example_sensors to None, run_after=None
[2024-07-22T11:46:16.190+0000] {processor.py:183} INFO - Processing /home/airflow/.local/lib/python3.12/site-packages/airflow/example_dags/example_sensors.py took 0.273 seconds
[2024-07-22T11:46:46.859+0000] {processor.py:161} INFO - Started process (PID=1058) to work on /home/airflow/.local/lib/python3.12/site-packages/airflow/example_dags/example_sensors.py
[2024-07-22T11:46:46.860+0000] {processor.py:830} INFO - Processing file /home/airflow/.local/lib/python3.12/site-packages/airflow/example_dags/example_sensors.py for tasks to queue
[2024-07-22T11:46:46.861+0000] {logging_mixin.py:188} INFO - [2024-07-22T11:46:46.861+0000] {dagbag.py:545} INFO - Filling up the DagBag from /home/airflow/.local/lib/python3.12/site-packages/airflow/example_dags/example_sensors.py
[2024-07-22T11:46:46.868+0000] {processor.py:840} INFO - DAG(s) 'example_sensors' retrieved from /home/airflow/.local/lib/python3.12/site-packages/airflow/example_dags/example_sensors.py
[2024-07-22T11:46:46.894+0000] {logging_mixin.py:188} INFO - [2024-07-22T11:46:46.893+0000] {dag.py:3089} INFO - Sync 1 DAGs
[2024-07-22T11:46:46.905+0000] {logging_mixin.py:188} INFO - [2024-07-22T11:46:46.905+0000] {dag.py:3947} INFO - Setting next_dagrun for example_sensors to None, run_after=None
[2024-07-22T11:46:46.930+0000] {processor.py:183} INFO - Processing /home/airflow/.local/lib/python3.12/site-packages/airflow/example_dags/example_sensors.py took 0.077 seconds
[2024-07-22T11:47:17.759+0000] {processor.py:161} INFO - Started process (PID=1116) to work on /home/airflow/.local/lib/python3.12/site-packages/airflow/example_dags/example_sensors.py
[2024-07-22T11:47:17.762+0000] {processor.py:830} INFO - Processing file /home/airflow/.local/lib/python3.12/site-packages/airflow/example_dags/example_sensors.py for tasks to queue
[2024-07-22T11:47:17.767+0000] {logging_mixin.py:188} INFO - [2024-07-22T11:47:17.766+0000] {dagbag.py:545} INFO - Filling up the DagBag from /home/airflow/.local/lib/python3.12/site-packages/airflow/example_dags/example_sensors.py
[2024-07-22T11:47:17.797+0000] {processor.py:840} INFO - DAG(s) 'example_sensors' retrieved from /home/airflow/.local/lib/python3.12/site-packages/airflow/example_dags/example_sensors.py
[2024-07-22T11:47:17.862+0000] {logging_mixin.py:188} INFO - [2024-07-22T11:47:17.859+0000] {dag.py:3089} INFO - Sync 1 DAGs
[2024-07-22T11:47:17.886+0000] {logging_mixin.py:188} INFO - [2024-07-22T11:47:17.886+0000] {dag.py:3947} INFO - Setting next_dagrun for example_sensors to None, run_after=None
[2024-07-22T11:47:17.927+0000] {processor.py:183} INFO - Processing /home/airflow/.local/lib/python3.12/site-packages/airflow/example_dags/example_sensors.py took 0.182 seconds
[2024-07-22T11:47:48.038+0000] {processor.py:161} INFO - Started process (PID=1174) to work on /home/airflow/.local/lib/python3.12/site-packages/airflow/example_dags/example_sensors.py
[2024-07-22T11:47:48.039+0000] {processor.py:830} INFO - Processing file /home/airflow/.local/lib/python3.12/site-packages/airflow/example_dags/example_sensors.py for tasks to queue
[2024-07-22T11:47:48.041+0000] {logging_mixin.py:188} INFO - [2024-07-22T11:47:48.040+0000] {dagbag.py:545} INFO - Filling up the DagBag from /home/airflow/.local/lib/python3.12/site-packages/airflow/example_dags/example_sensors.py
[2024-07-22T11:47:48.048+0000] {processor.py:840} INFO - DAG(s) 'example_sensors' retrieved from /home/airflow/.local/lib/python3.12/site-packages/airflow/example_dags/example_sensors.py
[2024-07-22T11:47:48.070+0000] {logging_mixin.py:188} INFO - [2024-07-22T11:47:48.070+0000] {dag.py:3089} INFO - Sync 1 DAGs
[2024-07-22T11:47:48.079+0000] {logging_mixin.py:188} INFO - [2024-07-22T11:47:48.079+0000] {dag.py:3947} INFO - Setting next_dagrun for example_sensors to None, run_after=None
[2024-07-22T11:47:48.092+0000] {processor.py:183} INFO - Processing /home/airflow/.local/lib/python3.12/site-packages/airflow/example_dags/example_sensors.py took 0.059 seconds
[2024-07-22T11:49:06.297+0000] {processor.py:161} INFO - Started process (PID=1252) to work on /home/airflow/.local/lib/python3.12/site-packages/airflow/example_dags/example_sensors.py
[2024-07-22T11:49:06.299+0000] {processor.py:830} INFO - Processing file /home/airflow/.local/lib/python3.12/site-packages/airflow/example_dags/example_sensors.py for tasks to queue
[2024-07-22T11:49:06.303+0000] {logging_mixin.py:188} INFO - [2024-07-22T11:49:06.301+0000] {dagbag.py:545} INFO - Filling up the DagBag from /home/airflow/.local/lib/python3.12/site-packages/airflow/example_dags/example_sensors.py
[2024-07-22T11:49:06.327+0000] {processor.py:840} INFO - DAG(s) 'example_sensors' retrieved from /home/airflow/.local/lib/python3.12/site-packages/airflow/example_dags/example_sensors.py
[2024-07-22T11:49:06.366+0000] {logging_mixin.py:188} INFO - [2024-07-22T11:49:06.365+0000] {dag.py:3089} INFO - Sync 1 DAGs
[2024-07-22T11:49:06.383+0000] {logging_mixin.py:188} INFO - [2024-07-22T11:49:06.382+0000] {dag.py:3947} INFO - Setting next_dagrun for example_sensors to None, run_after=None
[2024-07-22T11:49:06.415+0000] {processor.py:183} INFO - Processing /home/airflow/.local/lib/python3.12/site-packages/airflow/example_dags/example_sensors.py took 0.127 seconds
[2024-07-22T11:51:47.276+0000] {processor.py:161} INFO - Started process (PID=1336) to work on /home/airflow/.local/lib/python3.12/site-packages/airflow/example_dags/example_sensors.py
[2024-07-22T11:51:47.300+0000] {processor.py:830} INFO - Processing file /home/airflow/.local/lib/python3.12/site-packages/airflow/example_dags/example_sensors.py for tasks to queue
[2024-07-22T11:51:47.327+0000] {logging_mixin.py:188} INFO - [2024-07-22T11:51:47.312+0000] {dagbag.py:545} INFO - Filling up the DagBag from /home/airflow/.local/lib/python3.12/site-packages/airflow/example_dags/example_sensors.py
[2024-07-22T11:51:47.503+0000] {processor.py:840} INFO - DAG(s) 'example_sensors' retrieved from /home/airflow/.local/lib/python3.12/site-packages/airflow/example_dags/example_sensors.py
[2024-07-22T11:51:48.169+0000] {logging_mixin.py:188} INFO - [2024-07-22T11:51:48.154+0000] {dag.py:3089} INFO - Sync 1 DAGs
[2024-07-22T11:51:48.529+0000] {logging_mixin.py:188} INFO - [2024-07-22T11:51:48.528+0000] {dag.py:3947} INFO - Setting next_dagrun for example_sensors to None, run_after=None
[2024-07-22T11:51:49.979+0000] {processor.py:183} INFO - Processing /home/airflow/.local/lib/python3.12/site-packages/airflow/example_dags/example_sensors.py took 2.811 seconds
[2024-07-22T12:09:14.365+0000] {processor.py:161} INFO - Started process (PID=113) to work on /home/airflow/.local/lib/python3.12/site-packages/airflow/example_dags/example_sensors.py
[2024-07-22T12:09:14.368+0000] {processor.py:830} INFO - Processing file /home/airflow/.local/lib/python3.12/site-packages/airflow/example_dags/example_sensors.py for tasks to queue
[2024-07-22T12:09:14.371+0000] {logging_mixin.py:188} INFO - [2024-07-22T12:09:14.370+0000] {dagbag.py:545} INFO - Filling up the DagBag from /home/airflow/.local/lib/python3.12/site-packages/airflow/example_dags/example_sensors.py
[2024-07-22T12:09:14.392+0000] {processor.py:840} INFO - DAG(s) 'example_sensors' retrieved from /home/airflow/.local/lib/python3.12/site-packages/airflow/example_dags/example_sensors.py
[2024-07-22T12:09:14.642+0000] {logging_mixin.py:188} INFO - [2024-07-22T12:09:14.641+0000] {dag.py:3089} INFO - Sync 1 DAGs
[2024-07-22T12:09:14.667+0000] {logging_mixin.py:188} INFO - [2024-07-22T12:09:14.666+0000] {dag.py:3947} INFO - Setting next_dagrun for example_sensors to None, run_after=None
[2024-07-22T12:09:14.731+0000] {processor.py:183} INFO - Processing /home/airflow/.local/lib/python3.12/site-packages/airflow/example_dags/example_sensors.py took 0.377 seconds
[2024-07-22T12:09:47.059+0000] {processor.py:161} INFO - Started process (PID=171) to work on /home/airflow/.local/lib/python3.12/site-packages/airflow/example_dags/example_sensors.py
[2024-07-22T12:09:47.068+0000] {processor.py:830} INFO - Processing file /home/airflow/.local/lib/python3.12/site-packages/airflow/example_dags/example_sensors.py for tasks to queue
[2024-07-22T12:09:47.085+0000] {logging_mixin.py:188} INFO - [2024-07-22T12:09:47.081+0000] {dagbag.py:545} INFO - Filling up the DagBag from /home/airflow/.local/lib/python3.12/site-packages/airflow/example_dags/example_sensors.py
[2024-07-22T12:09:47.160+0000] {processor.py:840} INFO - DAG(s) 'example_sensors' retrieved from /home/airflow/.local/lib/python3.12/site-packages/airflow/example_dags/example_sensors.py
[2024-07-22T12:09:47.278+0000] {logging_mixin.py:188} INFO - [2024-07-22T12:09:47.278+0000] {dag.py:3089} INFO - Sync 1 DAGs
[2024-07-22T12:09:47.317+0000] {logging_mixin.py:188} INFO - [2024-07-22T12:09:47.317+0000] {dag.py:3947} INFO - Setting next_dagrun for example_sensors to None, run_after=None
[2024-07-22T12:09:47.359+0000] {processor.py:183} INFO - Processing /home/airflow/.local/lib/python3.12/site-packages/airflow/example_dags/example_sensors.py took 0.438 seconds
[2024-07-22T12:10:17.881+0000] {processor.py:161} INFO - Started process (PID=230) to work on /home/airflow/.local/lib/python3.12/site-packages/airflow/example_dags/example_sensors.py
[2024-07-22T12:10:17.886+0000] {processor.py:830} INFO - Processing file /home/airflow/.local/lib/python3.12/site-packages/airflow/example_dags/example_sensors.py for tasks to queue
[2024-07-22T12:10:17.892+0000] {logging_mixin.py:188} INFO - [2024-07-22T12:10:17.891+0000] {dagbag.py:545} INFO - Filling up the DagBag from /home/airflow/.local/lib/python3.12/site-packages/airflow/example_dags/example_sensors.py
[2024-07-22T12:10:17.912+0000] {processor.py:840} INFO - DAG(s) 'example_sensors' retrieved from /home/airflow/.local/lib/python3.12/site-packages/airflow/example_dags/example_sensors.py
[2024-07-22T12:10:17.945+0000] {logging_mixin.py:188} INFO - [2024-07-22T12:10:17.945+0000] {dag.py:3089} INFO - Sync 1 DAGs
[2024-07-22T12:10:17.968+0000] {logging_mixin.py:188} INFO - [2024-07-22T12:10:17.967+0000] {dag.py:3947} INFO - Setting next_dagrun for example_sensors to None, run_after=None
[2024-07-22T12:10:17.991+0000] {processor.py:183} INFO - Processing /home/airflow/.local/lib/python3.12/site-packages/airflow/example_dags/example_sensors.py took 0.116 seconds
[2024-07-22T12:10:48.985+0000] {processor.py:161} INFO - Started process (PID=290) to work on /home/airflow/.local/lib/python3.12/site-packages/airflow/example_dags/example_sensors.py
[2024-07-22T12:10:48.993+0000] {processor.py:830} INFO - Processing file /home/airflow/.local/lib/python3.12/site-packages/airflow/example_dags/example_sensors.py for tasks to queue
[2024-07-22T12:10:48.994+0000] {logging_mixin.py:188} INFO - [2024-07-22T12:10:48.993+0000] {dagbag.py:545} INFO - Filling up the DagBag from /home/airflow/.local/lib/python3.12/site-packages/airflow/example_dags/example_sensors.py
[2024-07-22T12:10:49.013+0000] {processor.py:840} INFO - DAG(s) 'example_sensors' retrieved from /home/airflow/.local/lib/python3.12/site-packages/airflow/example_dags/example_sensors.py
[2024-07-22T12:10:49.106+0000] {logging_mixin.py:188} INFO - [2024-07-22T12:10:49.105+0000] {dag.py:3089} INFO - Sync 1 DAGs
[2024-07-22T12:10:49.125+0000] {logging_mixin.py:188} INFO - [2024-07-22T12:10:49.125+0000] {dag.py:3947} INFO - Setting next_dagrun for example_sensors to None, run_after=None
[2024-07-22T12:10:49.167+0000] {processor.py:183} INFO - Processing /home/airflow/.local/lib/python3.12/site-packages/airflow/example_dags/example_sensors.py took 0.189 seconds
[2024-07-22T12:11:19.895+0000] {processor.py:161} INFO - Started process (PID=349) to work on /home/airflow/.local/lib/python3.12/site-packages/airflow/example_dags/example_sensors.py
[2024-07-22T12:11:19.900+0000] {processor.py:830} INFO - Processing file /home/airflow/.local/lib/python3.12/site-packages/airflow/example_dags/example_sensors.py for tasks to queue
[2024-07-22T12:11:19.902+0000] {logging_mixin.py:188} INFO - [2024-07-22T12:11:19.901+0000] {dagbag.py:545} INFO - Filling up the DagBag from /home/airflow/.local/lib/python3.12/site-packages/airflow/example_dags/example_sensors.py
[2024-07-22T12:11:19.925+0000] {processor.py:840} INFO - DAG(s) 'example_sensors' retrieved from /home/airflow/.local/lib/python3.12/site-packages/airflow/example_dags/example_sensors.py
[2024-07-22T12:11:20.021+0000] {logging_mixin.py:188} INFO - [2024-07-22T12:11:20.018+0000] {dag.py:3089} INFO - Sync 1 DAGs
[2024-07-22T12:11:20.099+0000] {logging_mixin.py:188} INFO - [2024-07-22T12:11:20.098+0000] {dag.py:3947} INFO - Setting next_dagrun for example_sensors to None, run_after=None
[2024-07-22T12:11:20.186+0000] {processor.py:183} INFO - Processing /home/airflow/.local/lib/python3.12/site-packages/airflow/example_dags/example_sensors.py took 0.319 seconds
[2024-07-22T12:11:53.557+0000] {processor.py:161} INFO - Started process (PID=408) to work on /home/airflow/.local/lib/python3.12/site-packages/airflow/example_dags/example_sensors.py
[2024-07-22T12:11:53.563+0000] {processor.py:830} INFO - Processing file /home/airflow/.local/lib/python3.12/site-packages/airflow/example_dags/example_sensors.py for tasks to queue
[2024-07-22T12:11:53.567+0000] {logging_mixin.py:188} INFO - [2024-07-22T12:11:53.565+0000] {dagbag.py:545} INFO - Filling up the DagBag from /home/airflow/.local/lib/python3.12/site-packages/airflow/example_dags/example_sensors.py
[2024-07-22T12:11:53.601+0000] {processor.py:840} INFO - DAG(s) 'example_sensors' retrieved from /home/airflow/.local/lib/python3.12/site-packages/airflow/example_dags/example_sensors.py
[2024-07-22T12:11:53.652+0000] {logging_mixin.py:188} INFO - [2024-07-22T12:11:53.651+0000] {dag.py:3089} INFO - Sync 1 DAGs
[2024-07-22T12:11:53.681+0000] {logging_mixin.py:188} INFO - [2024-07-22T12:11:53.680+0000] {dag.py:3947} INFO - Setting next_dagrun for example_sensors to None, run_after=None
[2024-07-22T12:11:53.725+0000] {processor.py:183} INFO - Processing /home/airflow/.local/lib/python3.12/site-packages/airflow/example_dags/example_sensors.py took 0.182 seconds
[2024-07-22T12:12:24.135+0000] {processor.py:161} INFO - Started process (PID=466) to work on /home/airflow/.local/lib/python3.12/site-packages/airflow/example_dags/example_sensors.py
[2024-07-22T12:12:24.136+0000] {processor.py:830} INFO - Processing file /home/airflow/.local/lib/python3.12/site-packages/airflow/example_dags/example_sensors.py for tasks to queue
[2024-07-22T12:12:24.137+0000] {logging_mixin.py:188} INFO - [2024-07-22T12:12:24.137+0000] {dagbag.py:545} INFO - Filling up the DagBag from /home/airflow/.local/lib/python3.12/site-packages/airflow/example_dags/example_sensors.py
[2024-07-22T12:12:24.147+0000] {processor.py:840} INFO - DAG(s) 'example_sensors' retrieved from /home/airflow/.local/lib/python3.12/site-packages/airflow/example_dags/example_sensors.py
[2024-07-22T12:12:24.178+0000] {logging_mixin.py:188} INFO - [2024-07-22T12:12:24.178+0000] {dag.py:3089} INFO - Sync 1 DAGs
[2024-07-22T12:12:24.191+0000] {logging_mixin.py:188} INFO - [2024-07-22T12:12:24.191+0000] {dag.py:3947} INFO - Setting next_dagrun for example_sensors to None, run_after=None
[2024-07-22T12:12:24.211+0000] {processor.py:183} INFO - Processing /home/airflow/.local/lib/python3.12/site-packages/airflow/example_dags/example_sensors.py took 0.082 seconds
[2024-07-22T12:12:59.870+0000] {processor.py:161} INFO - Started process (PID=525) to work on /home/airflow/.local/lib/python3.12/site-packages/airflow/example_dags/example_sensors.py
[2024-07-22T12:12:59.874+0000] {processor.py:830} INFO - Processing file /home/airflow/.local/lib/python3.12/site-packages/airflow/example_dags/example_sensors.py for tasks to queue
[2024-07-22T12:12:59.882+0000] {logging_mixin.py:188} INFO - [2024-07-22T12:12:59.877+0000] {dagbag.py:545} INFO - Filling up the DagBag from /home/airflow/.local/lib/python3.12/site-packages/airflow/example_dags/example_sensors.py
[2024-07-22T12:12:59.967+0000] {processor.py:840} INFO - DAG(s) 'example_sensors' retrieved from /home/airflow/.local/lib/python3.12/site-packages/airflow/example_dags/example_sensors.py
[2024-07-22T12:13:00.304+0000] {logging_mixin.py:188} INFO - [2024-07-22T12:13:00.302+0000] {dag.py:3089} INFO - Sync 1 DAGs
[2024-07-22T12:13:00.412+0000] {logging_mixin.py:188} INFO - [2024-07-22T12:13:00.410+0000] {dag.py:3947} INFO - Setting next_dagrun for example_sensors to None, run_after=None
[2024-07-22T12:13:00.626+0000] {processor.py:183} INFO - Processing /home/airflow/.local/lib/python3.12/site-packages/airflow/example_dags/example_sensors.py took 0.786 seconds
[2024-07-22T12:13:32.335+0000] {processor.py:161} INFO - Started process (PID=584) to work on /home/airflow/.local/lib/python3.12/site-packages/airflow/example_dags/example_sensors.py
[2024-07-22T12:13:32.339+0000] {processor.py:830} INFO - Processing file /home/airflow/.local/lib/python3.12/site-packages/airflow/example_dags/example_sensors.py for tasks to queue
[2024-07-22T12:13:32.339+0000] {logging_mixin.py:188} INFO - [2024-07-22T12:13:32.339+0000] {dagbag.py:545} INFO - Filling up the DagBag from /home/airflow/.local/lib/python3.12/site-packages/airflow/example_dags/example_sensors.py
[2024-07-22T12:13:32.350+0000] {processor.py:840} INFO - DAG(s) 'example_sensors' retrieved from /home/airflow/.local/lib/python3.12/site-packages/airflow/example_dags/example_sensors.py
[2024-07-22T12:13:32.384+0000] {logging_mixin.py:188} INFO - [2024-07-22T12:13:32.384+0000] {dag.py:3089} INFO - Sync 1 DAGs
[2024-07-22T12:13:32.407+0000] {logging_mixin.py:188} INFO - [2024-07-22T12:13:32.406+0000] {dag.py:3947} INFO - Setting next_dagrun for example_sensors to None, run_after=None
[2024-07-22T12:13:32.442+0000] {processor.py:183} INFO - Processing /home/airflow/.local/lib/python3.12/site-packages/airflow/example_dags/example_sensors.py took 0.111 seconds
[2024-07-22T12:14:07.451+0000] {processor.py:161} INFO - Started process (PID=643) to work on /home/airflow/.local/lib/python3.12/site-packages/airflow/example_dags/example_sensors.py
[2024-07-22T12:14:07.459+0000] {processor.py:830} INFO - Processing file /home/airflow/.local/lib/python3.12/site-packages/airflow/example_dags/example_sensors.py for tasks to queue
[2024-07-22T12:14:07.468+0000] {logging_mixin.py:188} INFO - [2024-07-22T12:14:07.466+0000] {dagbag.py:545} INFO - Filling up the DagBag from /home/airflow/.local/lib/python3.12/site-packages/airflow/example_dags/example_sensors.py
[2024-07-22T12:14:07.569+0000] {processor.py:840} INFO - DAG(s) 'example_sensors' retrieved from /home/airflow/.local/lib/python3.12/site-packages/airflow/example_dags/example_sensors.py
[2024-07-22T12:14:07.727+0000] {logging_mixin.py:188} INFO - [2024-07-22T12:14:07.726+0000] {dag.py:3089} INFO - Sync 1 DAGs
[2024-07-22T12:14:07.793+0000] {logging_mixin.py:188} INFO - [2024-07-22T12:14:07.792+0000] {dag.py:3947} INFO - Setting next_dagrun for example_sensors to None, run_after=None
[2024-07-22T12:14:07.833+0000] {processor.py:183} INFO - Processing /home/airflow/.local/lib/python3.12/site-packages/airflow/example_dags/example_sensors.py took 0.435 seconds
[2024-07-22T12:14:39.169+0000] {processor.py:161} INFO - Started process (PID=704) to work on /home/airflow/.local/lib/python3.12/site-packages/airflow/example_dags/example_sensors.py
[2024-07-22T12:14:39.173+0000] {processor.py:830} INFO - Processing file /home/airflow/.local/lib/python3.12/site-packages/airflow/example_dags/example_sensors.py for tasks to queue
[2024-07-22T12:14:39.178+0000] {logging_mixin.py:188} INFO - [2024-07-22T12:14:39.177+0000] {dagbag.py:545} INFO - Filling up the DagBag from /home/airflow/.local/lib/python3.12/site-packages/airflow/example_dags/example_sensors.py
[2024-07-22T12:14:39.193+0000] {processor.py:840} INFO - DAG(s) 'example_sensors' retrieved from /home/airflow/.local/lib/python3.12/site-packages/airflow/example_dags/example_sensors.py
[2024-07-22T12:14:39.236+0000] {logging_mixin.py:188} INFO - [2024-07-22T12:14:39.236+0000] {dag.py:3089} INFO - Sync 1 DAGs
[2024-07-22T12:14:39.252+0000] {logging_mixin.py:188} INFO - [2024-07-22T12:14:39.252+0000] {dag.py:3947} INFO - Setting next_dagrun for example_sensors to None, run_after=None
[2024-07-22T12:14:39.288+0000] {processor.py:183} INFO - Processing /home/airflow/.local/lib/python3.12/site-packages/airflow/example_dags/example_sensors.py took 0.132 seconds
[2024-07-22T12:15:10.149+0000] {processor.py:161} INFO - Started process (PID=763) to work on /home/airflow/.local/lib/python3.12/site-packages/airflow/example_dags/example_sensors.py
[2024-07-22T12:15:10.151+0000] {processor.py:830} INFO - Processing file /home/airflow/.local/lib/python3.12/site-packages/airflow/example_dags/example_sensors.py for tasks to queue
[2024-07-22T12:15:10.152+0000] {logging_mixin.py:188} INFO - [2024-07-22T12:15:10.152+0000] {dagbag.py:545} INFO - Filling up the DagBag from /home/airflow/.local/lib/python3.12/site-packages/airflow/example_dags/example_sensors.py
[2024-07-22T12:15:10.172+0000] {processor.py:840} INFO - DAG(s) 'example_sensors' retrieved from /home/airflow/.local/lib/python3.12/site-packages/airflow/example_dags/example_sensors.py
[2024-07-22T12:15:10.206+0000] {logging_mixin.py:188} INFO - [2024-07-22T12:15:10.205+0000] {dag.py:3089} INFO - Sync 1 DAGs
[2024-07-22T12:15:10.238+0000] {logging_mixin.py:188} INFO - [2024-07-22T12:15:10.238+0000] {dag.py:3947} INFO - Setting next_dagrun for example_sensors to None, run_after=None
[2024-07-22T12:15:10.274+0000] {processor.py:183} INFO - Processing /home/airflow/.local/lib/python3.12/site-packages/airflow/example_dags/example_sensors.py took 0.129 seconds
[2024-07-22T12:15:40.432+0000] {processor.py:161} INFO - Started process (PID=821) to work on /home/airflow/.local/lib/python3.12/site-packages/airflow/example_dags/example_sensors.py
[2024-07-22T12:15:40.433+0000] {processor.py:830} INFO - Processing file /home/airflow/.local/lib/python3.12/site-packages/airflow/example_dags/example_sensors.py for tasks to queue
[2024-07-22T12:15:40.434+0000] {logging_mixin.py:188} INFO - [2024-07-22T12:15:40.433+0000] {dagbag.py:545} INFO - Filling up the DagBag from /home/airflow/.local/lib/python3.12/site-packages/airflow/example_dags/example_sensors.py
[2024-07-22T12:15:40.441+0000] {processor.py:840} INFO - DAG(s) 'example_sensors' retrieved from /home/airflow/.local/lib/python3.12/site-packages/airflow/example_dags/example_sensors.py
[2024-07-22T12:15:40.459+0000] {logging_mixin.py:188} INFO - [2024-07-22T12:15:40.459+0000] {dag.py:3089} INFO - Sync 1 DAGs
[2024-07-22T12:15:40.468+0000] {logging_mixin.py:188} INFO - [2024-07-22T12:15:40.467+0000] {dag.py:3947} INFO - Setting next_dagrun for example_sensors to None, run_after=None
[2024-07-22T12:15:40.480+0000] {processor.py:183} INFO - Processing /home/airflow/.local/lib/python3.12/site-packages/airflow/example_dags/example_sensors.py took 0.053 seconds
[2024-07-22T12:16:11.091+0000] {processor.py:161} INFO - Started process (PID=880) to work on /home/airflow/.local/lib/python3.12/site-packages/airflow/example_dags/example_sensors.py
[2024-07-22T12:16:11.092+0000] {processor.py:830} INFO - Processing file /home/airflow/.local/lib/python3.12/site-packages/airflow/example_dags/example_sensors.py for tasks to queue
[2024-07-22T12:16:11.093+0000] {logging_mixin.py:188} INFO - [2024-07-22T12:16:11.093+0000] {dagbag.py:545} INFO - Filling up the DagBag from /home/airflow/.local/lib/python3.12/site-packages/airflow/example_dags/example_sensors.py
[2024-07-22T12:16:11.103+0000] {processor.py:840} INFO - DAG(s) 'example_sensors' retrieved from /home/airflow/.local/lib/python3.12/site-packages/airflow/example_dags/example_sensors.py
[2024-07-22T12:16:11.136+0000] {logging_mixin.py:188} INFO - [2024-07-22T12:16:11.136+0000] {dag.py:3089} INFO - Sync 1 DAGs
[2024-07-22T12:16:11.146+0000] {logging_mixin.py:188} INFO - [2024-07-22T12:16:11.146+0000] {dag.py:3947} INFO - Setting next_dagrun for example_sensors to None, run_after=None
[2024-07-22T12:16:11.165+0000] {processor.py:183} INFO - Processing /home/airflow/.local/lib/python3.12/site-packages/airflow/example_dags/example_sensors.py took 0.084 seconds
[2024-07-22T12:16:42.168+0000] {processor.py:161} INFO - Started process (PID=938) to work on /home/airflow/.local/lib/python3.12/site-packages/airflow/example_dags/example_sensors.py
[2024-07-22T12:16:42.174+0000] {processor.py:830} INFO - Processing file /home/airflow/.local/lib/python3.12/site-packages/airflow/example_dags/example_sensors.py for tasks to queue
[2024-07-22T12:16:42.177+0000] {logging_mixin.py:188} INFO - [2024-07-22T12:16:42.176+0000] {dagbag.py:545} INFO - Filling up the DagBag from /home/airflow/.local/lib/python3.12/site-packages/airflow/example_dags/example_sensors.py
[2024-07-22T12:16:42.227+0000] {processor.py:840} INFO - DAG(s) 'example_sensors' retrieved from /home/airflow/.local/lib/python3.12/site-packages/airflow/example_dags/example_sensors.py
[2024-07-22T12:16:42.370+0000] {logging_mixin.py:188} INFO - [2024-07-22T12:16:42.369+0000] {dag.py:3089} INFO - Sync 1 DAGs
[2024-07-22T12:16:42.396+0000] {logging_mixin.py:188} INFO - [2024-07-22T12:16:42.396+0000] {dag.py:3947} INFO - Setting next_dagrun for example_sensors to None, run_after=None
[2024-07-22T12:16:42.523+0000] {processor.py:183} INFO - Processing /home/airflow/.local/lib/python3.12/site-packages/airflow/example_dags/example_sensors.py took 0.373 seconds
[2024-07-22T12:17:13.158+0000] {processor.py:161} INFO - Started process (PID=997) to work on /home/airflow/.local/lib/python3.12/site-packages/airflow/example_dags/example_sensors.py
[2024-07-22T12:17:13.159+0000] {processor.py:830} INFO - Processing file /home/airflow/.local/lib/python3.12/site-packages/airflow/example_dags/example_sensors.py for tasks to queue
[2024-07-22T12:17:13.161+0000] {logging_mixin.py:188} INFO - [2024-07-22T12:17:13.160+0000] {dagbag.py:545} INFO - Filling up the DagBag from /home/airflow/.local/lib/python3.12/site-packages/airflow/example_dags/example_sensors.py
[2024-07-22T12:17:13.178+0000] {processor.py:840} INFO - DAG(s) 'example_sensors' retrieved from /home/airflow/.local/lib/python3.12/site-packages/airflow/example_dags/example_sensors.py
[2024-07-22T12:17:13.212+0000] {logging_mixin.py:188} INFO - [2024-07-22T12:17:13.212+0000] {dag.py:3089} INFO - Sync 1 DAGs
[2024-07-22T12:17:13.230+0000] {logging_mixin.py:188} INFO - [2024-07-22T12:17:13.230+0000] {dag.py:3947} INFO - Setting next_dagrun for example_sensors to None, run_after=None
[2024-07-22T12:17:13.262+0000] {processor.py:183} INFO - Processing /home/airflow/.local/lib/python3.12/site-packages/airflow/example_dags/example_sensors.py took 0.114 seconds
[2024-07-22T12:17:43.953+0000] {processor.py:161} INFO - Started process (PID=1058) to work on /home/airflow/.local/lib/python3.12/site-packages/airflow/example_dags/example_sensors.py
[2024-07-22T12:17:43.953+0000] {processor.py:830} INFO - Processing file /home/airflow/.local/lib/python3.12/site-packages/airflow/example_dags/example_sensors.py for tasks to queue
[2024-07-22T12:17:43.954+0000] {logging_mixin.py:188} INFO - [2024-07-22T12:17:43.954+0000] {dagbag.py:545} INFO - Filling up the DagBag from /home/airflow/.local/lib/python3.12/site-packages/airflow/example_dags/example_sensors.py
[2024-07-22T12:17:43.966+0000] {processor.py:840} INFO - DAG(s) 'example_sensors' retrieved from /home/airflow/.local/lib/python3.12/site-packages/airflow/example_dags/example_sensors.py
[2024-07-22T12:17:44.005+0000] {logging_mixin.py:188} INFO - [2024-07-22T12:17:44.004+0000] {dag.py:3089} INFO - Sync 1 DAGs
[2024-07-22T12:17:44.020+0000] {logging_mixin.py:188} INFO - [2024-07-22T12:17:44.020+0000] {dag.py:3947} INFO - Setting next_dagrun for example_sensors to None, run_after=None
[2024-07-22T12:17:44.037+0000] {processor.py:183} INFO - Processing /home/airflow/.local/lib/python3.12/site-packages/airflow/example_dags/example_sensors.py took 0.090 seconds
[2024-07-22T12:18:14.259+0000] {processor.py:161} INFO - Started process (PID=1117) to work on /home/airflow/.local/lib/python3.12/site-packages/airflow/example_dags/example_sensors.py
[2024-07-22T12:18:14.264+0000] {processor.py:830} INFO - Processing file /home/airflow/.local/lib/python3.12/site-packages/airflow/example_dags/example_sensors.py for tasks to queue
[2024-07-22T12:18:14.265+0000] {logging_mixin.py:188} INFO - [2024-07-22T12:18:14.264+0000] {dagbag.py:545} INFO - Filling up the DagBag from /home/airflow/.local/lib/python3.12/site-packages/airflow/example_dags/example_sensors.py
[2024-07-22T12:18:14.276+0000] {processor.py:840} INFO - DAG(s) 'example_sensors' retrieved from /home/airflow/.local/lib/python3.12/site-packages/airflow/example_dags/example_sensors.py
[2024-07-22T12:18:14.319+0000] {logging_mixin.py:188} INFO - [2024-07-22T12:18:14.318+0000] {dag.py:3089} INFO - Sync 1 DAGs
[2024-07-22T12:18:14.334+0000] {logging_mixin.py:188} INFO - [2024-07-22T12:18:14.334+0000] {dag.py:3947} INFO - Setting next_dagrun for example_sensors to None, run_after=None
[2024-07-22T12:18:14.357+0000] {processor.py:183} INFO - Processing /home/airflow/.local/lib/python3.12/site-packages/airflow/example_dags/example_sensors.py took 0.106 seconds
[2024-07-22T12:18:45.253+0000] {processor.py:161} INFO - Started process (PID=1175) to work on /home/airflow/.local/lib/python3.12/site-packages/airflow/example_dags/example_sensors.py
[2024-07-22T12:18:45.255+0000] {processor.py:830} INFO - Processing file /home/airflow/.local/lib/python3.12/site-packages/airflow/example_dags/example_sensors.py for tasks to queue
[2024-07-22T12:18:45.259+0000] {logging_mixin.py:188} INFO - [2024-07-22T12:18:45.259+0000] {dagbag.py:545} INFO - Filling up the DagBag from /home/airflow/.local/lib/python3.12/site-packages/airflow/example_dags/example_sensors.py
[2024-07-22T12:18:45.269+0000] {processor.py:840} INFO - DAG(s) 'example_sensors' retrieved from /home/airflow/.local/lib/python3.12/site-packages/airflow/example_dags/example_sensors.py
[2024-07-22T12:18:45.294+0000] {logging_mixin.py:188} INFO - [2024-07-22T12:18:45.294+0000] {dag.py:3089} INFO - Sync 1 DAGs
[2024-07-22T12:18:45.305+0000] {logging_mixin.py:188} INFO - [2024-07-22T12:18:45.305+0000] {dag.py:3947} INFO - Setting next_dagrun for example_sensors to None, run_after=None
[2024-07-22T12:18:45.320+0000] {processor.py:183} INFO - Processing /home/airflow/.local/lib/python3.12/site-packages/airflow/example_dags/example_sensors.py took 0.072 seconds
[2024-07-22T12:19:32.837+0000] {processor.py:161} INFO - Started process (PID=1241) to work on /home/airflow/.local/lib/python3.12/site-packages/airflow/example_dags/example_sensors.py
[2024-07-22T12:19:32.839+0000] {processor.py:830} INFO - Processing file /home/airflow/.local/lib/python3.12/site-packages/airflow/example_dags/example_sensors.py for tasks to queue
[2024-07-22T12:19:32.841+0000] {logging_mixin.py:188} INFO - [2024-07-22T12:19:32.841+0000] {dagbag.py:545} INFO - Filling up the DagBag from /home/airflow/.local/lib/python3.12/site-packages/airflow/example_dags/example_sensors.py
[2024-07-22T12:19:32.863+0000] {processor.py:840} INFO - DAG(s) 'example_sensors' retrieved from /home/airflow/.local/lib/python3.12/site-packages/airflow/example_dags/example_sensors.py
[2024-07-22T12:19:32.939+0000] {logging_mixin.py:188} INFO - [2024-07-22T12:19:32.939+0000] {dag.py:3089} INFO - Sync 1 DAGs
[2024-07-22T12:19:32.962+0000] {logging_mixin.py:188} INFO - [2024-07-22T12:19:32.960+0000] {dag.py:3947} INFO - Setting next_dagrun for example_sensors to None, run_after=None
[2024-07-22T12:19:33.025+0000] {processor.py:183} INFO - Processing /home/airflow/.local/lib/python3.12/site-packages/airflow/example_dags/example_sensors.py took 0.199 seconds
[2024-07-22T12:20:03.503+0000] {processor.py:161} INFO - Started process (PID=1300) to work on /home/airflow/.local/lib/python3.12/site-packages/airflow/example_dags/example_sensors.py
[2024-07-22T12:20:03.504+0000] {processor.py:830} INFO - Processing file /home/airflow/.local/lib/python3.12/site-packages/airflow/example_dags/example_sensors.py for tasks to queue
[2024-07-22T12:20:03.505+0000] {logging_mixin.py:188} INFO - [2024-07-22T12:20:03.504+0000] {dagbag.py:545} INFO - Filling up the DagBag from /home/airflow/.local/lib/python3.12/site-packages/airflow/example_dags/example_sensors.py
[2024-07-22T12:20:03.523+0000] {processor.py:840} INFO - DAG(s) 'example_sensors' retrieved from /home/airflow/.local/lib/python3.12/site-packages/airflow/example_dags/example_sensors.py
[2024-07-22T12:20:03.569+0000] {logging_mixin.py:188} INFO - [2024-07-22T12:20:03.568+0000] {dag.py:3089} INFO - Sync 1 DAGs
[2024-07-22T12:20:03.590+0000] {logging_mixin.py:188} INFO - [2024-07-22T12:20:03.590+0000] {dag.py:3947} INFO - Setting next_dagrun for example_sensors to None, run_after=None
[2024-07-22T12:20:03.625+0000] {processor.py:183} INFO - Processing /home/airflow/.local/lib/python3.12/site-packages/airflow/example_dags/example_sensors.py took 0.145 seconds
[2024-07-22T12:21:44.214+0000] {processor.py:161} INFO - Started process (PID=1370) to work on /home/airflow/.local/lib/python3.12/site-packages/airflow/example_dags/example_sensors.py
[2024-07-22T12:21:44.231+0000] {processor.py:830} INFO - Processing file /home/airflow/.local/lib/python3.12/site-packages/airflow/example_dags/example_sensors.py for tasks to queue
[2024-07-22T12:21:44.272+0000] {logging_mixin.py:188} INFO - [2024-07-22T12:21:44.254+0000] {dagbag.py:545} INFO - Filling up the DagBag from /home/airflow/.local/lib/python3.12/site-packages/airflow/example_dags/example_sensors.py
[2024-07-22T12:21:44.423+0000] {processor.py:840} INFO - DAG(s) 'example_sensors' retrieved from /home/airflow/.local/lib/python3.12/site-packages/airflow/example_dags/example_sensors.py
[2024-07-22T12:21:45.199+0000] {logging_mixin.py:188} INFO - [2024-07-22T12:21:45.177+0000] {dag.py:3089} INFO - Sync 1 DAGs
[2024-07-22T12:21:46.802+0000] {logging_mixin.py:188} INFO - [2024-07-22T12:21:46.722+0000] {dag.py:3947} INFO - Setting next_dagrun for example_sensors to None, run_after=None
[2024-07-22T12:21:47.679+0000] {processor.py:183} INFO - Processing /home/airflow/.local/lib/python3.12/site-packages/airflow/example_dags/example_sensors.py took 3.499 seconds
[2024-07-22T12:27:18.706+0000] {processor.py:161} INFO - Started process (PID=1483) to work on /home/airflow/.local/lib/python3.12/site-packages/airflow/example_dags/example_sensors.py
[2024-07-22T12:27:18.722+0000] {processor.py:830} INFO - Processing file /home/airflow/.local/lib/python3.12/site-packages/airflow/example_dags/example_sensors.py for tasks to queue
[2024-07-22T12:27:18.767+0000] {logging_mixin.py:188} INFO - [2024-07-22T12:27:18.748+0000] {dagbag.py:545} INFO - Filling up the DagBag from /home/airflow/.local/lib/python3.12/site-packages/airflow/example_dags/example_sensors.py
[2024-07-22T12:27:19.211+0000] {processor.py:840} INFO - DAG(s) 'example_sensors' retrieved from /home/airflow/.local/lib/python3.12/site-packages/airflow/example_dags/example_sensors.py
[2024-07-22T12:27:19.893+0000] {logging_mixin.py:188} INFO - [2024-07-22T12:27:19.878+0000] {dag.py:3089} INFO - Sync 1 DAGs
[2024-07-22T12:27:20.094+0000] {logging_mixin.py:188} INFO - [2024-07-22T12:27:20.092+0000] {dag.py:3947} INFO - Setting next_dagrun for example_sensors to None, run_after=None
[2024-07-22T12:27:20.332+0000] {processor.py:183} INFO - Processing /home/airflow/.local/lib/python3.12/site-packages/airflow/example_dags/example_sensors.py took 1.704 seconds
[2024-07-22T12:28:27.510+0000] {processor.py:161} INFO - Started process (PID=1548) to work on /home/airflow/.local/lib/python3.12/site-packages/airflow/example_dags/example_sensors.py
[2024-07-22T12:28:27.512+0000] {processor.py:830} INFO - Processing file /home/airflow/.local/lib/python3.12/site-packages/airflow/example_dags/example_sensors.py for tasks to queue
[2024-07-22T12:28:27.513+0000] {logging_mixin.py:188} INFO - [2024-07-22T12:28:27.513+0000] {dagbag.py:545} INFO - Filling up the DagBag from /home/airflow/.local/lib/python3.12/site-packages/airflow/example_dags/example_sensors.py
[2024-07-22T12:28:27.528+0000] {processor.py:840} INFO - DAG(s) 'example_sensors' retrieved from /home/airflow/.local/lib/python3.12/site-packages/airflow/example_dags/example_sensors.py
[2024-07-22T12:28:27.556+0000] {logging_mixin.py:188} INFO - [2024-07-22T12:28:27.556+0000] {dag.py:3089} INFO - Sync 1 DAGs
[2024-07-22T12:28:27.568+0000] {logging_mixin.py:188} INFO - [2024-07-22T12:28:27.568+0000] {dag.py:3947} INFO - Setting next_dagrun for example_sensors to None, run_after=None
[2024-07-22T12:28:27.590+0000] {processor.py:183} INFO - Processing /home/airflow/.local/lib/python3.12/site-packages/airflow/example_dags/example_sensors.py took 0.086 seconds
[2024-07-22T12:28:58.479+0000] {processor.py:161} INFO - Started process (PID=1609) to work on /home/airflow/.local/lib/python3.12/site-packages/airflow/example_dags/example_sensors.py
[2024-07-22T12:28:58.480+0000] {processor.py:830} INFO - Processing file /home/airflow/.local/lib/python3.12/site-packages/airflow/example_dags/example_sensors.py for tasks to queue
[2024-07-22T12:28:58.482+0000] {logging_mixin.py:188} INFO - [2024-07-22T12:28:58.481+0000] {dagbag.py:545} INFO - Filling up the DagBag from /home/airflow/.local/lib/python3.12/site-packages/airflow/example_dags/example_sensors.py
[2024-07-22T12:28:58.489+0000] {processor.py:840} INFO - DAG(s) 'example_sensors' retrieved from /home/airflow/.local/lib/python3.12/site-packages/airflow/example_dags/example_sensors.py
[2024-07-22T12:28:58.519+0000] {logging_mixin.py:188} INFO - [2024-07-22T12:28:58.518+0000] {dag.py:3089} INFO - Sync 1 DAGs
[2024-07-22T12:28:58.529+0000] {logging_mixin.py:188} INFO - [2024-07-22T12:28:58.529+0000] {dag.py:3947} INFO - Setting next_dagrun for example_sensors to None, run_after=None
[2024-07-22T12:28:58.547+0000] {processor.py:183} INFO - Processing /home/airflow/.local/lib/python3.12/site-packages/airflow/example_dags/example_sensors.py took 0.072 seconds
[2024-07-22T12:29:30.093+0000] {processor.py:161} INFO - Started process (PID=1675) to work on /home/airflow/.local/lib/python3.12/site-packages/airflow/example_dags/example_sensors.py
[2024-07-22T12:29:30.099+0000] {processor.py:830} INFO - Processing file /home/airflow/.local/lib/python3.12/site-packages/airflow/example_dags/example_sensors.py for tasks to queue
[2024-07-22T12:29:30.101+0000] {logging_mixin.py:188} INFO - [2024-07-22T12:29:30.100+0000] {dagbag.py:545} INFO - Filling up the DagBag from /home/airflow/.local/lib/python3.12/site-packages/airflow/example_dags/example_sensors.py
[2024-07-22T12:29:30.126+0000] {processor.py:840} INFO - DAG(s) 'example_sensors' retrieved from /home/airflow/.local/lib/python3.12/site-packages/airflow/example_dags/example_sensors.py
[2024-07-22T12:29:30.160+0000] {logging_mixin.py:188} INFO - [2024-07-22T12:29:30.160+0000] {dag.py:3089} INFO - Sync 1 DAGs
[2024-07-22T12:29:30.173+0000] {logging_mixin.py:188} INFO - [2024-07-22T12:29:30.173+0000] {dag.py:3947} INFO - Setting next_dagrun for example_sensors to None, run_after=None
[2024-07-22T12:29:30.190+0000] {processor.py:183} INFO - Processing /home/airflow/.local/lib/python3.12/site-packages/airflow/example_dags/example_sensors.py took 0.106 seconds
[2024-07-22T12:30:07.972+0000] {processor.py:161} INFO - Started process (PID=1729) to work on /home/airflow/.local/lib/python3.12/site-packages/airflow/example_dags/example_sensors.py
[2024-07-22T12:30:07.975+0000] {processor.py:830} INFO - Processing file /home/airflow/.local/lib/python3.12/site-packages/airflow/example_dags/example_sensors.py for tasks to queue
[2024-07-22T12:30:07.977+0000] {logging_mixin.py:188} INFO - [2024-07-22T12:30:07.976+0000] {dagbag.py:545} INFO - Filling up the DagBag from /home/airflow/.local/lib/python3.12/site-packages/airflow/example_dags/example_sensors.py
[2024-07-22T12:30:07.997+0000] {processor.py:840} INFO - DAG(s) 'example_sensors' retrieved from /home/airflow/.local/lib/python3.12/site-packages/airflow/example_dags/example_sensors.py
[2024-07-22T12:30:08.022+0000] {logging_mixin.py:188} INFO - [2024-07-22T12:30:08.022+0000] {dag.py:3089} INFO - Sync 1 DAGs
[2024-07-22T12:30:08.196+0000] {logging_mixin.py:188} INFO - [2024-07-22T12:30:08.195+0000] {dag.py:3947} INFO - Setting next_dagrun for example_sensors to None, run_after=None
[2024-07-22T12:30:08.220+0000] {processor.py:183} INFO - Processing /home/airflow/.local/lib/python3.12/site-packages/airflow/example_dags/example_sensors.py took 0.257 seconds
[2024-07-22T12:30:39.015+0000] {processor.py:161} INFO - Started process (PID=1789) to work on /home/airflow/.local/lib/python3.12/site-packages/airflow/example_dags/example_sensors.py
[2024-07-22T12:30:39.017+0000] {processor.py:830} INFO - Processing file /home/airflow/.local/lib/python3.12/site-packages/airflow/example_dags/example_sensors.py for tasks to queue
[2024-07-22T12:30:39.018+0000] {logging_mixin.py:188} INFO - [2024-07-22T12:30:39.018+0000] {dagbag.py:545} INFO - Filling up the DagBag from /home/airflow/.local/lib/python3.12/site-packages/airflow/example_dags/example_sensors.py
[2024-07-22T12:30:39.029+0000] {processor.py:840} INFO - DAG(s) 'example_sensors' retrieved from /home/airflow/.local/lib/python3.12/site-packages/airflow/example_dags/example_sensors.py
[2024-07-22T12:30:39.054+0000] {logging_mixin.py:188} INFO - [2024-07-22T12:30:39.054+0000] {dag.py:3089} INFO - Sync 1 DAGs
[2024-07-22T12:30:39.068+0000] {logging_mixin.py:188} INFO - [2024-07-22T12:30:39.068+0000] {dag.py:3947} INFO - Setting next_dagrun for example_sensors to None, run_after=None
[2024-07-22T12:30:39.087+0000] {processor.py:183} INFO - Processing /home/airflow/.local/lib/python3.12/site-packages/airflow/example_dags/example_sensors.py took 0.078 seconds
[2024-07-22T12:31:09.892+0000] {processor.py:161} INFO - Started process (PID=1849) to work on /home/airflow/.local/lib/python3.12/site-packages/airflow/example_dags/example_sensors.py
[2024-07-22T12:31:09.893+0000] {processor.py:830} INFO - Processing file /home/airflow/.local/lib/python3.12/site-packages/airflow/example_dags/example_sensors.py for tasks to queue
[2024-07-22T12:31:09.894+0000] {logging_mixin.py:188} INFO - [2024-07-22T12:31:09.894+0000] {dagbag.py:545} INFO - Filling up the DagBag from /home/airflow/.local/lib/python3.12/site-packages/airflow/example_dags/example_sensors.py
[2024-07-22T12:31:09.923+0000] {processor.py:840} INFO - DAG(s) 'example_sensors' retrieved from /home/airflow/.local/lib/python3.12/site-packages/airflow/example_dags/example_sensors.py
[2024-07-22T12:31:09.997+0000] {logging_mixin.py:188} INFO - [2024-07-22T12:31:09.996+0000] {dag.py:3089} INFO - Sync 1 DAGs
[2024-07-22T12:31:10.015+0000] {logging_mixin.py:188} INFO - [2024-07-22T12:31:10.015+0000] {dag.py:3947} INFO - Setting next_dagrun for example_sensors to None, run_after=None
[2024-07-22T12:31:10.045+0000] {processor.py:183} INFO - Processing /home/airflow/.local/lib/python3.12/site-packages/airflow/example_dags/example_sensors.py took 0.162 seconds
[2024-07-22T12:31:42.084+0000] {processor.py:161} INFO - Started process (PID=1908) to work on /home/airflow/.local/lib/python3.12/site-packages/airflow/example_dags/example_sensors.py
[2024-07-22T12:31:42.088+0000] {processor.py:830} INFO - Processing file /home/airflow/.local/lib/python3.12/site-packages/airflow/example_dags/example_sensors.py for tasks to queue
[2024-07-22T12:31:42.120+0000] {logging_mixin.py:188} INFO - [2024-07-22T12:31:42.112+0000] {dagbag.py:545} INFO - Filling up the DagBag from /home/airflow/.local/lib/python3.12/site-packages/airflow/example_dags/example_sensors.py
[2024-07-22T12:31:42.248+0000] {processor.py:840} INFO - DAG(s) 'example_sensors' retrieved from /home/airflow/.local/lib/python3.12/site-packages/airflow/example_dags/example_sensors.py
[2024-07-22T12:31:42.420+0000] {logging_mixin.py:188} INFO - [2024-07-22T12:31:42.419+0000] {dag.py:3089} INFO - Sync 1 DAGs
[2024-07-22T12:31:42.477+0000] {logging_mixin.py:188} INFO - [2024-07-22T12:31:42.476+0000] {dag.py:3947} INFO - Setting next_dagrun for example_sensors to None, run_after=None
[2024-07-22T12:31:42.532+0000] {processor.py:183} INFO - Processing /home/airflow/.local/lib/python3.12/site-packages/airflow/example_dags/example_sensors.py took 0.488 seconds
[2024-07-22T12:32:13.211+0000] {processor.py:161} INFO - Started process (PID=1968) to work on /home/airflow/.local/lib/python3.12/site-packages/airflow/example_dags/example_sensors.py
[2024-07-22T12:32:13.214+0000] {processor.py:830} INFO - Processing file /home/airflow/.local/lib/python3.12/site-packages/airflow/example_dags/example_sensors.py for tasks to queue
[2024-07-22T12:32:13.218+0000] {logging_mixin.py:188} INFO - [2024-07-22T12:32:13.218+0000] {dagbag.py:545} INFO - Filling up the DagBag from /home/airflow/.local/lib/python3.12/site-packages/airflow/example_dags/example_sensors.py
[2024-07-22T12:32:13.231+0000] {processor.py:840} INFO - DAG(s) 'example_sensors' retrieved from /home/airflow/.local/lib/python3.12/site-packages/airflow/example_dags/example_sensors.py
[2024-07-22T12:32:13.258+0000] {logging_mixin.py:188} INFO - [2024-07-22T12:32:13.258+0000] {dag.py:3089} INFO - Sync 1 DAGs
[2024-07-22T12:32:13.270+0000] {logging_mixin.py:188} INFO - [2024-07-22T12:32:13.269+0000] {dag.py:3947} INFO - Setting next_dagrun for example_sensors to None, run_after=None
[2024-07-22T12:32:13.308+0000] {processor.py:183} INFO - Processing /home/airflow/.local/lib/python3.12/site-packages/airflow/example_dags/example_sensors.py took 0.103 seconds
[2024-07-22T12:32:43.564+0000] {processor.py:161} INFO - Started process (PID=2030) to work on /home/airflow/.local/lib/python3.12/site-packages/airflow/example_dags/example_sensors.py
[2024-07-22T12:32:43.573+0000] {processor.py:830} INFO - Processing file /home/airflow/.local/lib/python3.12/site-packages/airflow/example_dags/example_sensors.py for tasks to queue
[2024-07-22T12:32:43.581+0000] {logging_mixin.py:188} INFO - [2024-07-22T12:32:43.579+0000] {dagbag.py:545} INFO - Filling up the DagBag from /home/airflow/.local/lib/python3.12/site-packages/airflow/example_dags/example_sensors.py
[2024-07-22T12:32:43.743+0000] {processor.py:840} INFO - DAG(s) 'example_sensors' retrieved from /home/airflow/.local/lib/python3.12/site-packages/airflow/example_dags/example_sensors.py
[2024-07-22T12:32:44.054+0000] {logging_mixin.py:188} INFO - [2024-07-22T12:32:44.047+0000] {dag.py:3089} INFO - Sync 1 DAGs
[2024-07-22T12:32:44.717+0000] {logging_mixin.py:188} INFO - [2024-07-22T12:32:44.690+0000] {dag.py:3947} INFO - Setting next_dagrun for example_sensors to None, run_after=None
[2024-07-22T12:32:44.849+0000] {processor.py:183} INFO - Processing /home/airflow/.local/lib/python3.12/site-packages/airflow/example_dags/example_sensors.py took 1.304 seconds
[2024-07-22T12:33:49.799+0000] {processor.py:161} INFO - Started process (PID=2097) to work on /home/airflow/.local/lib/python3.12/site-packages/airflow/example_dags/example_sensors.py
[2024-07-22T12:33:49.808+0000] {processor.py:830} INFO - Processing file /home/airflow/.local/lib/python3.12/site-packages/airflow/example_dags/example_sensors.py for tasks to queue
[2024-07-22T12:33:49.812+0000] {logging_mixin.py:188} INFO - [2024-07-22T12:33:49.811+0000] {dagbag.py:545} INFO - Filling up the DagBag from /home/airflow/.local/lib/python3.12/site-packages/airflow/example_dags/example_sensors.py
[2024-07-22T12:33:49.878+0000] {processor.py:840} INFO - DAG(s) 'example_sensors' retrieved from /home/airflow/.local/lib/python3.12/site-packages/airflow/example_dags/example_sensors.py
[2024-07-22T12:33:50.352+0000] {logging_mixin.py:188} INFO - [2024-07-22T12:33:50.338+0000] {dag.py:3089} INFO - Sync 1 DAGs
[2024-07-22T12:33:50.505+0000] {logging_mixin.py:188} INFO - [2024-07-22T12:33:50.502+0000] {dag.py:3947} INFO - Setting next_dagrun for example_sensors to None, run_after=None
[2024-07-22T12:33:50.685+0000] {processor.py:183} INFO - Processing /home/airflow/.local/lib/python3.12/site-packages/airflow/example_dags/example_sensors.py took 0.913 seconds
[2024-07-22T12:34:50.681+0000] {processor.py:161} INFO - Started process (PID=2155) to work on /home/airflow/.local/lib/python3.12/site-packages/airflow/example_dags/example_sensors.py
[2024-07-22T12:34:50.684+0000] {processor.py:830} INFO - Processing file /home/airflow/.local/lib/python3.12/site-packages/airflow/example_dags/example_sensors.py for tasks to queue
[2024-07-22T12:34:50.687+0000] {logging_mixin.py:188} INFO - [2024-07-22T12:34:50.686+0000] {dagbag.py:545} INFO - Filling up the DagBag from /home/airflow/.local/lib/python3.12/site-packages/airflow/example_dags/example_sensors.py
[2024-07-22T12:34:50.701+0000] {processor.py:840} INFO - DAG(s) 'example_sensors' retrieved from /home/airflow/.local/lib/python3.12/site-packages/airflow/example_dags/example_sensors.py
[2024-07-22T12:34:50.731+0000] {logging_mixin.py:188} INFO - [2024-07-22T12:34:50.731+0000] {dag.py:3089} INFO - Sync 1 DAGs
[2024-07-22T12:34:50.742+0000] {logging_mixin.py:188} INFO - [2024-07-22T12:34:50.742+0000] {dag.py:3947} INFO - Setting next_dagrun for example_sensors to None, run_after=None
[2024-07-22T12:34:50.760+0000] {processor.py:183} INFO - Processing /home/airflow/.local/lib/python3.12/site-packages/airflow/example_dags/example_sensors.py took 0.087 seconds
[2024-07-22T12:35:20.813+0000] {processor.py:161} INFO - Started process (PID=2215) to work on /home/airflow/.local/lib/python3.12/site-packages/airflow/example_dags/example_sensors.py
[2024-07-22T12:35:20.818+0000] {processor.py:830} INFO - Processing file /home/airflow/.local/lib/python3.12/site-packages/airflow/example_dags/example_sensors.py for tasks to queue
[2024-07-22T12:35:20.819+0000] {logging_mixin.py:188} INFO - [2024-07-22T12:35:20.819+0000] {dagbag.py:545} INFO - Filling up the DagBag from /home/airflow/.local/lib/python3.12/site-packages/airflow/example_dags/example_sensors.py
[2024-07-22T12:35:20.827+0000] {processor.py:840} INFO - DAG(s) 'example_sensors' retrieved from /home/airflow/.local/lib/python3.12/site-packages/airflow/example_dags/example_sensors.py
[2024-07-22T12:35:20.846+0000] {logging_mixin.py:188} INFO - [2024-07-22T12:35:20.846+0000] {dag.py:3089} INFO - Sync 1 DAGs
[2024-07-22T12:35:20.856+0000] {logging_mixin.py:188} INFO - [2024-07-22T12:35:20.856+0000] {dag.py:3947} INFO - Setting next_dagrun for example_sensors to None, run_after=None
[2024-07-22T12:35:20.870+0000] {processor.py:183} INFO - Processing /home/airflow/.local/lib/python3.12/site-packages/airflow/example_dags/example_sensors.py took 0.062 seconds
[2024-07-22T12:35:52.943+0000] {processor.py:161} INFO - Started process (PID=2275) to work on /home/airflow/.local/lib/python3.12/site-packages/airflow/example_dags/example_sensors.py
[2024-07-22T12:35:52.946+0000] {processor.py:830} INFO - Processing file /home/airflow/.local/lib/python3.12/site-packages/airflow/example_dags/example_sensors.py for tasks to queue
[2024-07-22T12:35:52.949+0000] {logging_mixin.py:188} INFO - [2024-07-22T12:35:52.948+0000] {dagbag.py:545} INFO - Filling up the DagBag from /home/airflow/.local/lib/python3.12/site-packages/airflow/example_dags/example_sensors.py
[2024-07-22T12:35:52.980+0000] {processor.py:840} INFO - DAG(s) 'example_sensors' retrieved from /home/airflow/.local/lib/python3.12/site-packages/airflow/example_dags/example_sensors.py
[2024-07-22T12:35:53.029+0000] {logging_mixin.py:188} INFO - [2024-07-22T12:35:53.028+0000] {dag.py:3089} INFO - Sync 1 DAGs
[2024-07-22T12:35:53.078+0000] {logging_mixin.py:188} INFO - [2024-07-22T12:35:53.077+0000] {dag.py:3947} INFO - Setting next_dagrun for example_sensors to None, run_after=None
[2024-07-22T12:35:53.197+0000] {processor.py:183} INFO - Processing /home/airflow/.local/lib/python3.12/site-packages/airflow/example_dags/example_sensors.py took 0.267 seconds
[2024-07-22T12:36:24.724+0000] {processor.py:161} INFO - Started process (PID=2335) to work on /home/airflow/.local/lib/python3.12/site-packages/airflow/example_dags/example_sensors.py
[2024-07-22T12:36:24.726+0000] {processor.py:830} INFO - Processing file /home/airflow/.local/lib/python3.12/site-packages/airflow/example_dags/example_sensors.py for tasks to queue
[2024-07-22T12:36:24.728+0000] {logging_mixin.py:188} INFO - [2024-07-22T12:36:24.727+0000] {dagbag.py:545} INFO - Filling up the DagBag from /home/airflow/.local/lib/python3.12/site-packages/airflow/example_dags/example_sensors.py
[2024-07-22T12:36:24.741+0000] {processor.py:840} INFO - DAG(s) 'example_sensors' retrieved from /home/airflow/.local/lib/python3.12/site-packages/airflow/example_dags/example_sensors.py
[2024-07-22T12:36:24.806+0000] {logging_mixin.py:188} INFO - [2024-07-22T12:36:24.806+0000] {dag.py:3089} INFO - Sync 1 DAGs
[2024-07-22T12:36:24.835+0000] {logging_mixin.py:188} INFO - [2024-07-22T12:36:24.833+0000] {dag.py:3947} INFO - Setting next_dagrun for example_sensors to None, run_after=None
[2024-07-22T12:36:25.249+0000] {processor.py:183} INFO - Processing /home/airflow/.local/lib/python3.12/site-packages/airflow/example_dags/example_sensors.py took 0.533 seconds
[2024-07-22T12:36:55.602+0000] {processor.py:161} INFO - Started process (PID=2395) to work on /home/airflow/.local/lib/python3.12/site-packages/airflow/example_dags/example_sensors.py
[2024-07-22T12:36:55.602+0000] {processor.py:830} INFO - Processing file /home/airflow/.local/lib/python3.12/site-packages/airflow/example_dags/example_sensors.py for tasks to queue
[2024-07-22T12:36:55.603+0000] {logging_mixin.py:188} INFO - [2024-07-22T12:36:55.603+0000] {dagbag.py:545} INFO - Filling up the DagBag from /home/airflow/.local/lib/python3.12/site-packages/airflow/example_dags/example_sensors.py
[2024-07-22T12:36:55.611+0000] {processor.py:840} INFO - DAG(s) 'example_sensors' retrieved from /home/airflow/.local/lib/python3.12/site-packages/airflow/example_dags/example_sensors.py
[2024-07-22T12:36:55.630+0000] {logging_mixin.py:188} INFO - [2024-07-22T12:36:55.630+0000] {dag.py:3089} INFO - Sync 1 DAGs
[2024-07-22T12:36:55.639+0000] {logging_mixin.py:188} INFO - [2024-07-22T12:36:55.639+0000] {dag.py:3947} INFO - Setting next_dagrun for example_sensors to None, run_after=None
[2024-07-22T12:36:55.655+0000] {processor.py:183} INFO - Processing /home/airflow/.local/lib/python3.12/site-packages/airflow/example_dags/example_sensors.py took 0.059 seconds
[2024-07-22T12:37:25.760+0000] {processor.py:161} INFO - Started process (PID=2455) to work on /home/airflow/.local/lib/python3.12/site-packages/airflow/example_dags/example_sensors.py
[2024-07-22T12:37:25.764+0000] {processor.py:830} INFO - Processing file /home/airflow/.local/lib/python3.12/site-packages/airflow/example_dags/example_sensors.py for tasks to queue
[2024-07-22T12:37:25.769+0000] {logging_mixin.py:188} INFO - [2024-07-22T12:37:25.768+0000] {dagbag.py:545} INFO - Filling up the DagBag from /home/airflow/.local/lib/python3.12/site-packages/airflow/example_dags/example_sensors.py
[2024-07-22T12:37:25.784+0000] {processor.py:840} INFO - DAG(s) 'example_sensors' retrieved from /home/airflow/.local/lib/python3.12/site-packages/airflow/example_dags/example_sensors.py
[2024-07-22T12:37:25.809+0000] {logging_mixin.py:188} INFO - [2024-07-22T12:37:25.809+0000] {dag.py:3089} INFO - Sync 1 DAGs
[2024-07-22T12:37:25.819+0000] {logging_mixin.py:188} INFO - [2024-07-22T12:37:25.819+0000] {dag.py:3947} INFO - Setting next_dagrun for example_sensors to None, run_after=None
[2024-07-22T12:37:25.831+0000] {processor.py:183} INFO - Processing /home/airflow/.local/lib/python3.12/site-packages/airflow/example_dags/example_sensors.py took 0.076 seconds
[2024-07-22T12:38:00.379+0000] {processor.py:161} INFO - Started process (PID=2515) to work on /home/airflow/.local/lib/python3.12/site-packages/airflow/example_dags/example_sensors.py
[2024-07-22T12:38:00.386+0000] {processor.py:830} INFO - Processing file /home/airflow/.local/lib/python3.12/site-packages/airflow/example_dags/example_sensors.py for tasks to queue
[2024-07-22T12:38:00.390+0000] {logging_mixin.py:188} INFO - [2024-07-22T12:38:00.389+0000] {dagbag.py:545} INFO - Filling up the DagBag from /home/airflow/.local/lib/python3.12/site-packages/airflow/example_dags/example_sensors.py
[2024-07-22T12:38:00.415+0000] {processor.py:840} INFO - DAG(s) 'example_sensors' retrieved from /home/airflow/.local/lib/python3.12/site-packages/airflow/example_dags/example_sensors.py
[2024-07-22T12:38:00.486+0000] {logging_mixin.py:188} INFO - [2024-07-22T12:38:00.486+0000] {dag.py:3089} INFO - Sync 1 DAGs
[2024-07-22T12:38:00.515+0000] {logging_mixin.py:188} INFO - [2024-07-22T12:38:00.515+0000] {dag.py:3947} INFO - Setting next_dagrun for example_sensors to None, run_after=None
[2024-07-22T12:38:00.556+0000] {processor.py:183} INFO - Processing /home/airflow/.local/lib/python3.12/site-packages/airflow/example_dags/example_sensors.py took 0.183 seconds
[2024-07-22T12:38:50.441+0000] {processor.py:161} INFO - Started process (PID=2581) to work on /home/airflow/.local/lib/python3.12/site-packages/airflow/example_dags/example_sensors.py
[2024-07-22T12:38:50.444+0000] {processor.py:830} INFO - Processing file /home/airflow/.local/lib/python3.12/site-packages/airflow/example_dags/example_sensors.py for tasks to queue
[2024-07-22T12:38:50.446+0000] {logging_mixin.py:188} INFO - [2024-07-22T12:38:50.445+0000] {dagbag.py:545} INFO - Filling up the DagBag from /home/airflow/.local/lib/python3.12/site-packages/airflow/example_dags/example_sensors.py
[2024-07-22T12:38:50.485+0000] {processor.py:840} INFO - DAG(s) 'example_sensors' retrieved from /home/airflow/.local/lib/python3.12/site-packages/airflow/example_dags/example_sensors.py
[2024-07-22T12:38:50.594+0000] {logging_mixin.py:188} INFO - [2024-07-22T12:38:50.592+0000] {dag.py:3089} INFO - Sync 1 DAGs
[2024-07-22T12:38:50.663+0000] {logging_mixin.py:188} INFO - [2024-07-22T12:38:50.663+0000] {dag.py:3947} INFO - Setting next_dagrun for example_sensors to None, run_after=None
[2024-07-22T12:38:50.700+0000] {processor.py:183} INFO - Processing /home/airflow/.local/lib/python3.12/site-packages/airflow/example_dags/example_sensors.py took 0.274 seconds
[2024-07-22T12:39:21.156+0000] {processor.py:161} INFO - Started process (PID=2639) to work on /home/airflow/.local/lib/python3.12/site-packages/airflow/example_dags/example_sensors.py
[2024-07-22T12:39:21.158+0000] {processor.py:830} INFO - Processing file /home/airflow/.local/lib/python3.12/site-packages/airflow/example_dags/example_sensors.py for tasks to queue
[2024-07-22T12:39:21.159+0000] {logging_mixin.py:188} INFO - [2024-07-22T12:39:21.158+0000] {dagbag.py:545} INFO - Filling up the DagBag from /home/airflow/.local/lib/python3.12/site-packages/airflow/example_dags/example_sensors.py
[2024-07-22T12:39:21.177+0000] {processor.py:840} INFO - DAG(s) 'example_sensors' retrieved from /home/airflow/.local/lib/python3.12/site-packages/airflow/example_dags/example_sensors.py
[2024-07-22T12:39:21.204+0000] {logging_mixin.py:188} INFO - [2024-07-22T12:39:21.204+0000] {dag.py:3089} INFO - Sync 1 DAGs
[2024-07-22T12:39:21.216+0000] {logging_mixin.py:188} INFO - [2024-07-22T12:39:21.216+0000] {dag.py:3947} INFO - Setting next_dagrun for example_sensors to None, run_after=None
[2024-07-22T12:39:21.248+0000] {processor.py:183} INFO - Processing /home/airflow/.local/lib/python3.12/site-packages/airflow/example_dags/example_sensors.py took 0.099 seconds
[2024-07-22T12:46:25.359+0000] {processor.py:161} INFO - Started process (PID=2748) to work on /home/airflow/.local/lib/python3.12/site-packages/airflow/example_dags/example_sensors.py
[2024-07-22T12:46:25.391+0000] {processor.py:830} INFO - Processing file /home/airflow/.local/lib/python3.12/site-packages/airflow/example_dags/example_sensors.py for tasks to queue
[2024-07-22T12:46:25.435+0000] {logging_mixin.py:188} INFO - [2024-07-22T12:46:25.409+0000] {dagbag.py:545} INFO - Filling up the DagBag from /home/airflow/.local/lib/python3.12/site-packages/airflow/example_dags/example_sensors.py
[2024-07-22T12:46:25.806+0000] {processor.py:840} INFO - DAG(s) 'example_sensors' retrieved from /home/airflow/.local/lib/python3.12/site-packages/airflow/example_dags/example_sensors.py
[2024-07-22T12:46:27.409+0000] {logging_mixin.py:188} INFO - [2024-07-22T12:46:27.362+0000] {dag.py:3089} INFO - Sync 1 DAGs
[2024-07-22T12:46:28.167+0000] {logging_mixin.py:188} INFO - [2024-07-22T12:46:28.136+0000] {dag.py:3947} INFO - Setting next_dagrun for example_sensors to None, run_after=None
[2024-07-22T12:46:33.719+0000] {processor.py:183} INFO - Processing /home/airflow/.local/lib/python3.12/site-packages/airflow/example_dags/example_sensors.py took 8.897 seconds
