[2024-07-22T11:28:02.804+0000] {processor.py:161} INFO - Started process (PID=93) to work on /home/airflow/.local/lib/python3.12/site-packages/airflow/example_dags/tutorial.py
[2024-07-22T11:28:02.807+0000] {processor.py:830} INFO - Processing file /home/airflow/.local/lib/python3.12/site-packages/airflow/example_dags/tutorial.py for tasks to queue
[2024-07-22T11:28:02.810+0000] {logging_mixin.py:188} INFO - [2024-07-22T11:28:02.810+0000] {dagbag.py:545} INFO - Filling up the DagBag from /home/airflow/.local/lib/python3.12/site-packages/airflow/example_dags/tutorial.py
[2024-07-22T11:28:02.821+0000] {processor.py:840} INFO - DAG(s) 'tutorial' retrieved from /home/airflow/.local/lib/python3.12/site-packages/airflow/example_dags/tutorial.py
[2024-07-22T11:28:03.040+0000] {logging_mixin.py:188} INFO - [2024-07-22T11:28:03.039+0000] {dag.py:3089} INFO - Sync 1 DAGs
[2024-07-22T11:28:03.103+0000] {logging_mixin.py:188} INFO - [2024-07-22T11:28:03.103+0000] {dag.py:3947} INFO - Setting next_dagrun for tutorial to 2024-07-21 00:00:00+00:00, run_after=2024-07-22 00:00:00+00:00
[2024-07-22T11:28:03.136+0000] {processor.py:183} INFO - Processing /home/airflow/.local/lib/python3.12/site-packages/airflow/example_dags/tutorial.py took 0.341 seconds
[2024-07-22T11:28:33.980+0000] {processor.py:161} INFO - Started process (PID=151) to work on /home/airflow/.local/lib/python3.12/site-packages/airflow/example_dags/tutorial.py
[2024-07-22T11:28:33.981+0000] {processor.py:830} INFO - Processing file /home/airflow/.local/lib/python3.12/site-packages/airflow/example_dags/tutorial.py for tasks to queue
[2024-07-22T11:28:33.984+0000] {logging_mixin.py:188} INFO - [2024-07-22T11:28:33.984+0000] {dagbag.py:545} INFO - Filling up the DagBag from /home/airflow/.local/lib/python3.12/site-packages/airflow/example_dags/tutorial.py
[2024-07-22T11:28:33.994+0000] {processor.py:840} INFO - DAG(s) 'tutorial' retrieved from /home/airflow/.local/lib/python3.12/site-packages/airflow/example_dags/tutorial.py
[2024-07-22T11:28:34.029+0000] {logging_mixin.py:188} INFO - [2024-07-22T11:28:34.029+0000] {dag.py:3089} INFO - Sync 1 DAGs
[2024-07-22T11:28:34.064+0000] {logging_mixin.py:188} INFO - [2024-07-22T11:28:34.064+0000] {dag.py:3947} INFO - Setting next_dagrun for tutorial to 2024-07-21 00:00:00+00:00, run_after=2024-07-22 00:00:00+00:00
[2024-07-22T11:28:34.082+0000] {processor.py:183} INFO - Processing /home/airflow/.local/lib/python3.12/site-packages/airflow/example_dags/tutorial.py took 0.111 seconds
[2024-07-22T11:29:04.578+0000] {processor.py:161} INFO - Started process (PID=209) to work on /home/airflow/.local/lib/python3.12/site-packages/airflow/example_dags/tutorial.py
[2024-07-22T11:29:04.579+0000] {processor.py:830} INFO - Processing file /home/airflow/.local/lib/python3.12/site-packages/airflow/example_dags/tutorial.py for tasks to queue
[2024-07-22T11:29:04.581+0000] {logging_mixin.py:188} INFO - [2024-07-22T11:29:04.581+0000] {dagbag.py:545} INFO - Filling up the DagBag from /home/airflow/.local/lib/python3.12/site-packages/airflow/example_dags/tutorial.py
[2024-07-22T11:29:04.589+0000] {processor.py:840} INFO - DAG(s) 'tutorial' retrieved from /home/airflow/.local/lib/python3.12/site-packages/airflow/example_dags/tutorial.py
[2024-07-22T11:29:04.608+0000] {logging_mixin.py:188} INFO - [2024-07-22T11:29:04.608+0000] {dag.py:3089} INFO - Sync 1 DAGs
[2024-07-22T11:29:04.629+0000] {logging_mixin.py:188} INFO - [2024-07-22T11:29:04.629+0000] {dag.py:3947} INFO - Setting next_dagrun for tutorial to 2024-07-21 00:00:00+00:00, run_after=2024-07-22 00:00:00+00:00
[2024-07-22T11:29:04.642+0000] {processor.py:183} INFO - Processing /home/airflow/.local/lib/python3.12/site-packages/airflow/example_dags/tutorial.py took 0.069 seconds
[2024-07-22T11:29:35.025+0000] {processor.py:161} INFO - Started process (PID=267) to work on /home/airflow/.local/lib/python3.12/site-packages/airflow/example_dags/tutorial.py
[2024-07-22T11:29:35.027+0000] {processor.py:830} INFO - Processing file /home/airflow/.local/lib/python3.12/site-packages/airflow/example_dags/tutorial.py for tasks to queue
[2024-07-22T11:29:35.031+0000] {logging_mixin.py:188} INFO - [2024-07-22T11:29:35.030+0000] {dagbag.py:545} INFO - Filling up the DagBag from /home/airflow/.local/lib/python3.12/site-packages/airflow/example_dags/tutorial.py
[2024-07-22T11:29:35.050+0000] {processor.py:840} INFO - DAG(s) 'tutorial' retrieved from /home/airflow/.local/lib/python3.12/site-packages/airflow/example_dags/tutorial.py
[2024-07-22T11:29:35.072+0000] {logging_mixin.py:188} INFO - [2024-07-22T11:29:35.072+0000] {dag.py:3089} INFO - Sync 1 DAGs
[2024-07-22T11:29:35.091+0000] {logging_mixin.py:188} INFO - [2024-07-22T11:29:35.091+0000] {dag.py:3947} INFO - Setting next_dagrun for tutorial to 2024-07-21 00:00:00+00:00, run_after=2024-07-22 00:00:00+00:00
[2024-07-22T11:29:35.109+0000] {processor.py:183} INFO - Processing /home/airflow/.local/lib/python3.12/site-packages/airflow/example_dags/tutorial.py took 0.092 seconds
[2024-07-22T11:30:06.325+0000] {processor.py:161} INFO - Started process (PID=325) to work on /home/airflow/.local/lib/python3.12/site-packages/airflow/example_dags/tutorial.py
[2024-07-22T11:30:06.326+0000] {processor.py:830} INFO - Processing file /home/airflow/.local/lib/python3.12/site-packages/airflow/example_dags/tutorial.py for tasks to queue
[2024-07-22T11:30:06.329+0000] {logging_mixin.py:188} INFO - [2024-07-22T11:30:06.328+0000] {dagbag.py:545} INFO - Filling up the DagBag from /home/airflow/.local/lib/python3.12/site-packages/airflow/example_dags/tutorial.py
[2024-07-22T11:30:06.338+0000] {processor.py:840} INFO - DAG(s) 'tutorial' retrieved from /home/airflow/.local/lib/python3.12/site-packages/airflow/example_dags/tutorial.py
[2024-07-22T11:30:06.382+0000] {logging_mixin.py:188} INFO - [2024-07-22T11:30:06.382+0000] {dag.py:3089} INFO - Sync 1 DAGs
[2024-07-22T11:30:06.411+0000] {logging_mixin.py:188} INFO - [2024-07-22T11:30:06.410+0000] {dag.py:3947} INFO - Setting next_dagrun for tutorial to 2024-07-21 00:00:00+00:00, run_after=2024-07-22 00:00:00+00:00
[2024-07-22T11:30:06.439+0000] {processor.py:183} INFO - Processing /home/airflow/.local/lib/python3.12/site-packages/airflow/example_dags/tutorial.py took 0.122 seconds
[2024-07-22T11:30:36.496+0000] {processor.py:161} INFO - Started process (PID=383) to work on /home/airflow/.local/lib/python3.12/site-packages/airflow/example_dags/tutorial.py
[2024-07-22T11:30:36.499+0000] {processor.py:830} INFO - Processing file /home/airflow/.local/lib/python3.12/site-packages/airflow/example_dags/tutorial.py for tasks to queue
[2024-07-22T11:30:36.504+0000] {logging_mixin.py:188} INFO - [2024-07-22T11:30:36.503+0000] {dagbag.py:545} INFO - Filling up the DagBag from /home/airflow/.local/lib/python3.12/site-packages/airflow/example_dags/tutorial.py
[2024-07-22T11:30:36.523+0000] {processor.py:840} INFO - DAG(s) 'tutorial' retrieved from /home/airflow/.local/lib/python3.12/site-packages/airflow/example_dags/tutorial.py
[2024-07-22T11:30:36.575+0000] {logging_mixin.py:188} INFO - [2024-07-22T11:30:36.574+0000] {dag.py:3089} INFO - Sync 1 DAGs
[2024-07-22T11:30:36.598+0000] {logging_mixin.py:188} INFO - [2024-07-22T11:30:36.597+0000] {dag.py:3947} INFO - Setting next_dagrun for tutorial to 2024-07-21 00:00:00+00:00, run_after=2024-07-22 00:00:00+00:00
[2024-07-22T11:30:36.611+0000] {processor.py:183} INFO - Processing /home/airflow/.local/lib/python3.12/site-packages/airflow/example_dags/tutorial.py took 0.120 seconds
[2024-07-22T11:31:08.371+0000] {processor.py:161} INFO - Started process (PID=441) to work on /home/airflow/.local/lib/python3.12/site-packages/airflow/example_dags/tutorial.py
[2024-07-22T11:31:08.375+0000] {processor.py:830} INFO - Processing file /home/airflow/.local/lib/python3.12/site-packages/airflow/example_dags/tutorial.py for tasks to queue
[2024-07-22T11:31:08.384+0000] {logging_mixin.py:188} INFO - [2024-07-22T11:31:08.383+0000] {dagbag.py:545} INFO - Filling up the DagBag from /home/airflow/.local/lib/python3.12/site-packages/airflow/example_dags/tutorial.py
[2024-07-22T11:31:08.400+0000] {processor.py:840} INFO - DAG(s) 'tutorial' retrieved from /home/airflow/.local/lib/python3.12/site-packages/airflow/example_dags/tutorial.py
[2024-07-22T11:31:08.608+0000] {logging_mixin.py:188} INFO - [2024-07-22T11:31:08.604+0000] {dag.py:3089} INFO - Sync 1 DAGs
[2024-07-22T11:31:08.752+0000] {logging_mixin.py:188} INFO - [2024-07-22T11:31:08.751+0000] {dag.py:3947} INFO - Setting next_dagrun for tutorial to 2024-07-21 00:00:00+00:00, run_after=2024-07-22 00:00:00+00:00
[2024-07-22T11:31:08.801+0000] {processor.py:183} INFO - Processing /home/airflow/.local/lib/python3.12/site-packages/airflow/example_dags/tutorial.py took 0.445 seconds
[2024-07-22T11:31:38.892+0000] {processor.py:161} INFO - Started process (PID=499) to work on /home/airflow/.local/lib/python3.12/site-packages/airflow/example_dags/tutorial.py
[2024-07-22T11:31:38.896+0000] {processor.py:830} INFO - Processing file /home/airflow/.local/lib/python3.12/site-packages/airflow/example_dags/tutorial.py for tasks to queue
[2024-07-22T11:31:38.899+0000] {logging_mixin.py:188} INFO - [2024-07-22T11:31:38.898+0000] {dagbag.py:545} INFO - Filling up the DagBag from /home/airflow/.local/lib/python3.12/site-packages/airflow/example_dags/tutorial.py
[2024-07-22T11:31:38.908+0000] {processor.py:840} INFO - DAG(s) 'tutorial' retrieved from /home/airflow/.local/lib/python3.12/site-packages/airflow/example_dags/tutorial.py
[2024-07-22T11:31:38.953+0000] {logging_mixin.py:188} INFO - [2024-07-22T11:31:38.951+0000] {dag.py:3089} INFO - Sync 1 DAGs
[2024-07-22T11:31:38.988+0000] {logging_mixin.py:188} INFO - [2024-07-22T11:31:38.987+0000] {dag.py:3947} INFO - Setting next_dagrun for tutorial to 2024-07-21 00:00:00+00:00, run_after=2024-07-22 00:00:00+00:00
[2024-07-22T11:31:39.073+0000] {processor.py:183} INFO - Processing /home/airflow/.local/lib/python3.12/site-packages/airflow/example_dags/tutorial.py took 0.187 seconds
[2024-07-22T11:32:09.715+0000] {processor.py:161} INFO - Started process (PID=557) to work on /home/airflow/.local/lib/python3.12/site-packages/airflow/example_dags/tutorial.py
[2024-07-22T11:32:09.717+0000] {processor.py:830} INFO - Processing file /home/airflow/.local/lib/python3.12/site-packages/airflow/example_dags/tutorial.py for tasks to queue
[2024-07-22T11:32:09.719+0000] {logging_mixin.py:188} INFO - [2024-07-22T11:32:09.718+0000] {dagbag.py:545} INFO - Filling up the DagBag from /home/airflow/.local/lib/python3.12/site-packages/airflow/example_dags/tutorial.py
[2024-07-22T11:32:09.727+0000] {processor.py:840} INFO - DAG(s) 'tutorial' retrieved from /home/airflow/.local/lib/python3.12/site-packages/airflow/example_dags/tutorial.py
[2024-07-22T11:32:09.743+0000] {logging_mixin.py:188} INFO - [2024-07-22T11:32:09.743+0000] {dag.py:3089} INFO - Sync 1 DAGs
[2024-07-22T11:32:09.761+0000] {logging_mixin.py:188} INFO - [2024-07-22T11:32:09.761+0000] {dag.py:3947} INFO - Setting next_dagrun for tutorial to 2024-07-21 00:00:00+00:00, run_after=2024-07-22 00:00:00+00:00
[2024-07-22T11:32:09.776+0000] {processor.py:183} INFO - Processing /home/airflow/.local/lib/python3.12/site-packages/airflow/example_dags/tutorial.py took 0.065 seconds
[2024-07-22T11:32:39.904+0000] {processor.py:161} INFO - Started process (PID=615) to work on /home/airflow/.local/lib/python3.12/site-packages/airflow/example_dags/tutorial.py
[2024-07-22T11:32:39.907+0000] {processor.py:830} INFO - Processing file /home/airflow/.local/lib/python3.12/site-packages/airflow/example_dags/tutorial.py for tasks to queue
[2024-07-22T11:32:39.909+0000] {logging_mixin.py:188} INFO - [2024-07-22T11:32:39.909+0000] {dagbag.py:545} INFO - Filling up the DagBag from /home/airflow/.local/lib/python3.12/site-packages/airflow/example_dags/tutorial.py
[2024-07-22T11:32:39.914+0000] {processor.py:840} INFO - DAG(s) 'tutorial' retrieved from /home/airflow/.local/lib/python3.12/site-packages/airflow/example_dags/tutorial.py
[2024-07-22T11:32:39.930+0000] {logging_mixin.py:188} INFO - [2024-07-22T11:32:39.930+0000] {dag.py:3089} INFO - Sync 1 DAGs
[2024-07-22T11:32:39.950+0000] {logging_mixin.py:188} INFO - [2024-07-22T11:32:39.950+0000] {dag.py:3947} INFO - Setting next_dagrun for tutorial to 2024-07-21 00:00:00+00:00, run_after=2024-07-22 00:00:00+00:00
[2024-07-22T11:32:39.974+0000] {processor.py:183} INFO - Processing /home/airflow/.local/lib/python3.12/site-packages/airflow/example_dags/tutorial.py took 0.075 seconds
[2024-07-22T11:33:10.603+0000] {processor.py:161} INFO - Started process (PID=673) to work on /home/airflow/.local/lib/python3.12/site-packages/airflow/example_dags/tutorial.py
[2024-07-22T11:33:10.604+0000] {processor.py:830} INFO - Processing file /home/airflow/.local/lib/python3.12/site-packages/airflow/example_dags/tutorial.py for tasks to queue
[2024-07-22T11:33:10.606+0000] {logging_mixin.py:188} INFO - [2024-07-22T11:33:10.605+0000] {dagbag.py:545} INFO - Filling up the DagBag from /home/airflow/.local/lib/python3.12/site-packages/airflow/example_dags/tutorial.py
[2024-07-22T11:33:10.610+0000] {processor.py:840} INFO - DAG(s) 'tutorial' retrieved from /home/airflow/.local/lib/python3.12/site-packages/airflow/example_dags/tutorial.py
[2024-07-22T11:33:10.624+0000] {logging_mixin.py:188} INFO - [2024-07-22T11:33:10.624+0000] {dag.py:3089} INFO - Sync 1 DAGs
[2024-07-22T11:33:10.639+0000] {logging_mixin.py:188} INFO - [2024-07-22T11:33:10.639+0000] {dag.py:3947} INFO - Setting next_dagrun for tutorial to 2024-07-21 00:00:00+00:00, run_after=2024-07-22 00:00:00+00:00
[2024-07-22T11:33:10.652+0000] {processor.py:183} INFO - Processing /home/airflow/.local/lib/python3.12/site-packages/airflow/example_dags/tutorial.py took 0.053 seconds
[2024-07-22T11:36:44.355+0000] {processor.py:161} INFO - Started process (PID=106) to work on /home/airflow/.local/lib/python3.12/site-packages/airflow/example_dags/tutorial.py
[2024-07-22T11:36:44.375+0000] {processor.py:830} INFO - Processing file /home/airflow/.local/lib/python3.12/site-packages/airflow/example_dags/tutorial.py for tasks to queue
[2024-07-22T11:36:44.503+0000] {logging_mixin.py:188} INFO - [2024-07-22T11:36:44.496+0000] {dagbag.py:545} INFO - Filling up the DagBag from /home/airflow/.local/lib/python3.12/site-packages/airflow/example_dags/tutorial.py
[2024-07-22T11:36:44.695+0000] {processor.py:840} INFO - DAG(s) 'tutorial' retrieved from /home/airflow/.local/lib/python3.12/site-packages/airflow/example_dags/tutorial.py
[2024-07-22T11:36:46.671+0000] {logging_mixin.py:188} INFO - [2024-07-22T11:36:46.612+0000] {dag.py:3089} INFO - Sync 1 DAGs
[2024-07-22T11:36:47.123+0000] {logging_mixin.py:188} INFO - [2024-07-22T11:36:47.114+0000] {dag.py:3947} INFO - Setting next_dagrun for tutorial to 2024-07-21 00:00:00+00:00, run_after=2024-07-22 00:00:00+00:00
[2024-07-22T11:36:47.529+0000] {processor.py:183} INFO - Processing /home/airflow/.local/lib/python3.12/site-packages/airflow/example_dags/tutorial.py took 3.275 seconds
[2024-07-22T11:37:37.830+0000] {processor.py:161} INFO - Started process (PID=164) to work on /home/airflow/.local/lib/python3.12/site-packages/airflow/example_dags/tutorial.py
[2024-07-22T11:37:37.833+0000] {processor.py:830} INFO - Processing file /home/airflow/.local/lib/python3.12/site-packages/airflow/example_dags/tutorial.py for tasks to queue
[2024-07-22T11:37:37.847+0000] {logging_mixin.py:188} INFO - [2024-07-22T11:37:37.845+0000] {dagbag.py:545} INFO - Filling up the DagBag from /home/airflow/.local/lib/python3.12/site-packages/airflow/example_dags/tutorial.py
[2024-07-22T11:37:37.877+0000] {processor.py:840} INFO - DAG(s) 'tutorial' retrieved from /home/airflow/.local/lib/python3.12/site-packages/airflow/example_dags/tutorial.py
[2024-07-22T11:37:37.956+0000] {logging_mixin.py:188} INFO - [2024-07-22T11:37:37.956+0000] {dag.py:3089} INFO - Sync 1 DAGs
[2024-07-22T11:37:38.005+0000] {logging_mixin.py:188} INFO - [2024-07-22T11:37:38.004+0000] {dag.py:3947} INFO - Setting next_dagrun for tutorial to 2024-07-21 00:00:00+00:00, run_after=2024-07-22 00:00:00+00:00
[2024-07-22T11:37:38.080+0000] {processor.py:183} INFO - Processing /home/airflow/.local/lib/python3.12/site-packages/airflow/example_dags/tutorial.py took 0.262 seconds
[2024-07-22T11:38:31.164+0000] {processor.py:161} INFO - Started process (PID=226) to work on /home/airflow/.local/lib/python3.12/site-packages/airflow/example_dags/tutorial.py
[2024-07-22T11:38:31.188+0000] {processor.py:830} INFO - Processing file /home/airflow/.local/lib/python3.12/site-packages/airflow/example_dags/tutorial.py for tasks to queue
[2024-07-22T11:38:31.264+0000] {logging_mixin.py:188} INFO - [2024-07-22T11:38:31.247+0000] {dagbag.py:545} INFO - Filling up the DagBag from /home/airflow/.local/lib/python3.12/site-packages/airflow/example_dags/tutorial.py
[2024-07-22T11:38:31.307+0000] {processor.py:840} INFO - DAG(s) 'tutorial' retrieved from /home/airflow/.local/lib/python3.12/site-packages/airflow/example_dags/tutorial.py
[2024-07-22T11:38:32.086+0000] {logging_mixin.py:188} INFO - [2024-07-22T11:38:32.006+0000] {dag.py:3089} INFO - Sync 1 DAGs
[2024-07-22T11:38:33.455+0000] {logging_mixin.py:188} INFO - [2024-07-22T11:38:33.447+0000] {dag.py:3947} INFO - Setting next_dagrun for tutorial to 2024-07-21 00:00:00+00:00, run_after=2024-07-22 00:00:00+00:00
[2024-07-22T11:38:33.920+0000] {processor.py:183} INFO - Processing /home/airflow/.local/lib/python3.12/site-packages/airflow/example_dags/tutorial.py took 2.799 seconds
[2024-07-22T11:39:08.337+0000] {processor.py:161} INFO - Started process (PID=284) to work on /home/airflow/.local/lib/python3.12/site-packages/airflow/example_dags/tutorial.py
[2024-07-22T11:39:08.348+0000] {processor.py:830} INFO - Processing file /home/airflow/.local/lib/python3.12/site-packages/airflow/example_dags/tutorial.py for tasks to queue
[2024-07-22T11:39:08.362+0000] {logging_mixin.py:188} INFO - [2024-07-22T11:39:08.360+0000] {dagbag.py:545} INFO - Filling up the DagBag from /home/airflow/.local/lib/python3.12/site-packages/airflow/example_dags/tutorial.py
[2024-07-22T11:39:08.653+0000] {processor.py:840} INFO - DAG(s) 'tutorial' retrieved from /home/airflow/.local/lib/python3.12/site-packages/airflow/example_dags/tutorial.py
[2024-07-22T11:39:10.683+0000] {logging_mixin.py:188} INFO - [2024-07-22T11:39:10.681+0000] {dag.py:3089} INFO - Sync 1 DAGs
[2024-07-22T11:39:11.405+0000] {logging_mixin.py:188} INFO - [2024-07-22T11:39:11.397+0000] {dag.py:3947} INFO - Setting next_dagrun for tutorial to 2024-07-21 00:00:00+00:00, run_after=2024-07-22 00:00:00+00:00
[2024-07-22T11:39:11.983+0000] {processor.py:183} INFO - Processing /home/airflow/.local/lib/python3.12/site-packages/airflow/example_dags/tutorial.py took 3.757 seconds
[2024-07-22T11:40:29.174+0000] {processor.py:161} INFO - Started process (PID=357) to work on /home/airflow/.local/lib/python3.12/site-packages/airflow/example_dags/tutorial.py
[2024-07-22T11:40:29.179+0000] {processor.py:830} INFO - Processing file /home/airflow/.local/lib/python3.12/site-packages/airflow/example_dags/tutorial.py for tasks to queue
[2024-07-22T11:40:29.212+0000] {logging_mixin.py:188} INFO - [2024-07-22T11:40:29.201+0000] {dagbag.py:545} INFO - Filling up the DagBag from /home/airflow/.local/lib/python3.12/site-packages/airflow/example_dags/tutorial.py
[2024-07-22T11:40:29.272+0000] {processor.py:840} INFO - DAG(s) 'tutorial' retrieved from /home/airflow/.local/lib/python3.12/site-packages/airflow/example_dags/tutorial.py
[2024-07-22T11:40:29.465+0000] {logging_mixin.py:188} INFO - [2024-07-22T11:40:29.463+0000] {dag.py:3089} INFO - Sync 1 DAGs
[2024-07-22T11:40:29.567+0000] {logging_mixin.py:188} INFO - [2024-07-22T11:40:29.567+0000] {dag.py:3947} INFO - Setting next_dagrun for tutorial to 2024-07-21 00:00:00+00:00, run_after=2024-07-22 00:00:00+00:00
[2024-07-22T11:40:29.632+0000] {processor.py:183} INFO - Processing /home/airflow/.local/lib/python3.12/site-packages/airflow/example_dags/tutorial.py took 0.644 seconds
[2024-07-22T11:41:00.366+0000] {processor.py:161} INFO - Started process (PID=415) to work on /home/airflow/.local/lib/python3.12/site-packages/airflow/example_dags/tutorial.py
[2024-07-22T11:41:00.374+0000] {processor.py:830} INFO - Processing file /home/airflow/.local/lib/python3.12/site-packages/airflow/example_dags/tutorial.py for tasks to queue
[2024-07-22T11:41:00.387+0000] {logging_mixin.py:188} INFO - [2024-07-22T11:41:00.385+0000] {dagbag.py:545} INFO - Filling up the DagBag from /home/airflow/.local/lib/python3.12/site-packages/airflow/example_dags/tutorial.py
[2024-07-22T11:41:00.409+0000] {processor.py:840} INFO - DAG(s) 'tutorial' retrieved from /home/airflow/.local/lib/python3.12/site-packages/airflow/example_dags/tutorial.py
[2024-07-22T11:41:00.473+0000] {logging_mixin.py:188} INFO - [2024-07-22T11:41:00.473+0000] {dag.py:3089} INFO - Sync 1 DAGs
[2024-07-22T11:41:00.517+0000] {logging_mixin.py:188} INFO - [2024-07-22T11:41:00.517+0000] {dag.py:3947} INFO - Setting next_dagrun for tutorial to 2024-07-21 00:00:00+00:00, run_after=2024-07-22 00:00:00+00:00
[2024-07-22T11:41:00.545+0000] {processor.py:183} INFO - Processing /home/airflow/.local/lib/python3.12/site-packages/airflow/example_dags/tutorial.py took 0.211 seconds
[2024-07-22T11:41:30.955+0000] {processor.py:161} INFO - Started process (PID=470) to work on /home/airflow/.local/lib/python3.12/site-packages/airflow/example_dags/tutorial.py
[2024-07-22T11:41:30.957+0000] {processor.py:830} INFO - Processing file /home/airflow/.local/lib/python3.12/site-packages/airflow/example_dags/tutorial.py for tasks to queue
[2024-07-22T11:41:30.962+0000] {logging_mixin.py:188} INFO - [2024-07-22T11:41:30.962+0000] {dagbag.py:545} INFO - Filling up the DagBag from /home/airflow/.local/lib/python3.12/site-packages/airflow/example_dags/tutorial.py
[2024-07-22T11:41:30.978+0000] {processor.py:840} INFO - DAG(s) 'tutorial' retrieved from /home/airflow/.local/lib/python3.12/site-packages/airflow/example_dags/tutorial.py
[2024-07-22T11:41:31.034+0000] {logging_mixin.py:188} INFO - [2024-07-22T11:41:31.033+0000] {dag.py:3089} INFO - Sync 1 DAGs
[2024-07-22T11:41:31.108+0000] {logging_mixin.py:188} INFO - [2024-07-22T11:41:31.107+0000] {dag.py:3947} INFO - Setting next_dagrun for tutorial to 2024-07-21 00:00:00+00:00, run_after=2024-07-22 00:00:00+00:00
[2024-07-22T11:41:31.190+0000] {processor.py:183} INFO - Processing /home/airflow/.local/lib/python3.12/site-packages/airflow/example_dags/tutorial.py took 0.258 seconds
[2024-07-22T11:42:01.230+0000] {processor.py:161} INFO - Started process (PID=528) to work on /home/airflow/.local/lib/python3.12/site-packages/airflow/example_dags/tutorial.py
[2024-07-22T11:42:01.232+0000] {processor.py:830} INFO - Processing file /home/airflow/.local/lib/python3.12/site-packages/airflow/example_dags/tutorial.py for tasks to queue
[2024-07-22T11:42:01.234+0000] {logging_mixin.py:188} INFO - [2024-07-22T11:42:01.234+0000] {dagbag.py:545} INFO - Filling up the DagBag from /home/airflow/.local/lib/python3.12/site-packages/airflow/example_dags/tutorial.py
[2024-07-22T11:42:01.242+0000] {processor.py:840} INFO - DAG(s) 'tutorial' retrieved from /home/airflow/.local/lib/python3.12/site-packages/airflow/example_dags/tutorial.py
[2024-07-22T11:42:01.266+0000] {logging_mixin.py:188} INFO - [2024-07-22T11:42:01.265+0000] {dag.py:3089} INFO - Sync 1 DAGs
[2024-07-22T11:42:01.287+0000] {logging_mixin.py:188} INFO - [2024-07-22T11:42:01.286+0000] {dag.py:3947} INFO - Setting next_dagrun for tutorial to 2024-07-21 00:00:00+00:00, run_after=2024-07-22 00:00:00+00:00
[2024-07-22T11:42:01.303+0000] {processor.py:183} INFO - Processing /home/airflow/.local/lib/python3.12/site-packages/airflow/example_dags/tutorial.py took 0.082 seconds
[2024-07-22T11:42:31.423+0000] {processor.py:161} INFO - Started process (PID=586) to work on /home/airflow/.local/lib/python3.12/site-packages/airflow/example_dags/tutorial.py
[2024-07-22T11:42:31.424+0000] {processor.py:830} INFO - Processing file /home/airflow/.local/lib/python3.12/site-packages/airflow/example_dags/tutorial.py for tasks to queue
[2024-07-22T11:42:31.426+0000] {logging_mixin.py:188} INFO - [2024-07-22T11:42:31.425+0000] {dagbag.py:545} INFO - Filling up the DagBag from /home/airflow/.local/lib/python3.12/site-packages/airflow/example_dags/tutorial.py
[2024-07-22T11:42:31.430+0000] {processor.py:840} INFO - DAG(s) 'tutorial' retrieved from /home/airflow/.local/lib/python3.12/site-packages/airflow/example_dags/tutorial.py
[2024-07-22T11:42:31.466+0000] {logging_mixin.py:188} INFO - [2024-07-22T11:42:31.465+0000] {dag.py:3089} INFO - Sync 1 DAGs
[2024-07-22T11:42:31.486+0000] {logging_mixin.py:188} INFO - [2024-07-22T11:42:31.485+0000] {dag.py:3947} INFO - Setting next_dagrun for tutorial to 2024-07-21 00:00:00+00:00, run_after=2024-07-22 00:00:00+00:00
[2024-07-22T11:42:31.506+0000] {processor.py:183} INFO - Processing /home/airflow/.local/lib/python3.12/site-packages/airflow/example_dags/tutorial.py took 0.088 seconds
[2024-07-22T11:43:02.310+0000] {processor.py:161} INFO - Started process (PID=644) to work on /home/airflow/.local/lib/python3.12/site-packages/airflow/example_dags/tutorial.py
[2024-07-22T11:43:02.311+0000] {processor.py:830} INFO - Processing file /home/airflow/.local/lib/python3.12/site-packages/airflow/example_dags/tutorial.py for tasks to queue
[2024-07-22T11:43:02.312+0000] {logging_mixin.py:188} INFO - [2024-07-22T11:43:02.312+0000] {dagbag.py:545} INFO - Filling up the DagBag from /home/airflow/.local/lib/python3.12/site-packages/airflow/example_dags/tutorial.py
[2024-07-22T11:43:02.318+0000] {processor.py:840} INFO - DAG(s) 'tutorial' retrieved from /home/airflow/.local/lib/python3.12/site-packages/airflow/example_dags/tutorial.py
[2024-07-22T11:43:02.341+0000] {logging_mixin.py:188} INFO - [2024-07-22T11:43:02.341+0000] {dag.py:3089} INFO - Sync 1 DAGs
[2024-07-22T11:43:02.366+0000] {logging_mixin.py:188} INFO - [2024-07-22T11:43:02.366+0000] {dag.py:3947} INFO - Setting next_dagrun for tutorial to 2024-07-21 00:00:00+00:00, run_after=2024-07-22 00:00:00+00:00
[2024-07-22T11:43:02.381+0000] {processor.py:183} INFO - Processing /home/airflow/.local/lib/python3.12/site-packages/airflow/example_dags/tutorial.py took 0.077 seconds
[2024-07-22T11:43:33.674+0000] {processor.py:161} INFO - Started process (PID=702) to work on /home/airflow/.local/lib/python3.12/site-packages/airflow/example_dags/tutorial.py
[2024-07-22T11:43:33.681+0000] {processor.py:830} INFO - Processing file /home/airflow/.local/lib/python3.12/site-packages/airflow/example_dags/tutorial.py for tasks to queue
[2024-07-22T11:43:33.685+0000] {logging_mixin.py:188} INFO - [2024-07-22T11:43:33.685+0000] {dagbag.py:545} INFO - Filling up the DagBag from /home/airflow/.local/lib/python3.12/site-packages/airflow/example_dags/tutorial.py
[2024-07-22T11:43:33.766+0000] {processor.py:840} INFO - DAG(s) 'tutorial' retrieved from /home/airflow/.local/lib/python3.12/site-packages/airflow/example_dags/tutorial.py
[2024-07-22T11:43:33.877+0000] {logging_mixin.py:188} INFO - [2024-07-22T11:43:33.874+0000] {dag.py:3089} INFO - Sync 1 DAGs
[2024-07-22T11:43:33.976+0000] {logging_mixin.py:188} INFO - [2024-07-22T11:43:33.975+0000] {dag.py:3947} INFO - Setting next_dagrun for tutorial to 2024-07-21 00:00:00+00:00, run_after=2024-07-22 00:00:00+00:00
[2024-07-22T11:43:34.036+0000] {processor.py:183} INFO - Processing /home/airflow/.local/lib/python3.12/site-packages/airflow/example_dags/tutorial.py took 0.377 seconds
[2024-07-22T11:44:05.063+0000] {processor.py:161} INFO - Started process (PID=760) to work on /home/airflow/.local/lib/python3.12/site-packages/airflow/example_dags/tutorial.py
[2024-07-22T11:44:05.065+0000] {processor.py:830} INFO - Processing file /home/airflow/.local/lib/python3.12/site-packages/airflow/example_dags/tutorial.py for tasks to queue
[2024-07-22T11:44:05.067+0000] {logging_mixin.py:188} INFO - [2024-07-22T11:44:05.067+0000] {dagbag.py:545} INFO - Filling up the DagBag from /home/airflow/.local/lib/python3.12/site-packages/airflow/example_dags/tutorial.py
[2024-07-22T11:44:05.076+0000] {processor.py:840} INFO - DAG(s) 'tutorial' retrieved from /home/airflow/.local/lib/python3.12/site-packages/airflow/example_dags/tutorial.py
[2024-07-22T11:44:05.100+0000] {logging_mixin.py:188} INFO - [2024-07-22T11:44:05.100+0000] {dag.py:3089} INFO - Sync 1 DAGs
[2024-07-22T11:44:05.159+0000] {logging_mixin.py:188} INFO - [2024-07-22T11:44:05.159+0000] {dag.py:3947} INFO - Setting next_dagrun for tutorial to 2024-07-21 00:00:00+00:00, run_after=2024-07-22 00:00:00+00:00
[2024-07-22T11:44:05.180+0000] {processor.py:183} INFO - Processing /home/airflow/.local/lib/python3.12/site-packages/airflow/example_dags/tutorial.py took 0.138 seconds
[2024-07-22T11:44:35.318+0000] {processor.py:161} INFO - Started process (PID=817) to work on /home/airflow/.local/lib/python3.12/site-packages/airflow/example_dags/tutorial.py
[2024-07-22T11:44:35.326+0000] {processor.py:830} INFO - Processing file /home/airflow/.local/lib/python3.12/site-packages/airflow/example_dags/tutorial.py for tasks to queue
[2024-07-22T11:44:35.336+0000] {logging_mixin.py:188} INFO - [2024-07-22T11:44:35.335+0000] {dagbag.py:545} INFO - Filling up the DagBag from /home/airflow/.local/lib/python3.12/site-packages/airflow/example_dags/tutorial.py
[2024-07-22T11:44:35.379+0000] {processor.py:840} INFO - DAG(s) 'tutorial' retrieved from /home/airflow/.local/lib/python3.12/site-packages/airflow/example_dags/tutorial.py
[2024-07-22T11:44:35.462+0000] {logging_mixin.py:188} INFO - [2024-07-22T11:44:35.462+0000] {dag.py:3089} INFO - Sync 1 DAGs
[2024-07-22T11:44:35.569+0000] {logging_mixin.py:188} INFO - [2024-07-22T11:44:35.568+0000] {dag.py:3947} INFO - Setting next_dagrun for tutorial to 2024-07-21 00:00:00+00:00, run_after=2024-07-22 00:00:00+00:00
[2024-07-22T11:44:35.602+0000] {processor.py:183} INFO - Processing /home/airflow/.local/lib/python3.12/site-packages/airflow/example_dags/tutorial.py took 0.303 seconds
[2024-07-22T11:45:05.808+0000] {processor.py:161} INFO - Started process (PID=875) to work on /home/airflow/.local/lib/python3.12/site-packages/airflow/example_dags/tutorial.py
[2024-07-22T11:45:05.809+0000] {processor.py:830} INFO - Processing file /home/airflow/.local/lib/python3.12/site-packages/airflow/example_dags/tutorial.py for tasks to queue
[2024-07-22T11:45:05.813+0000] {logging_mixin.py:188} INFO - [2024-07-22T11:45:05.812+0000] {dagbag.py:545} INFO - Filling up the DagBag from /home/airflow/.local/lib/python3.12/site-packages/airflow/example_dags/tutorial.py
[2024-07-22T11:45:05.821+0000] {processor.py:840} INFO - DAG(s) 'tutorial' retrieved from /home/airflow/.local/lib/python3.12/site-packages/airflow/example_dags/tutorial.py
[2024-07-22T11:45:05.843+0000] {logging_mixin.py:188} INFO - [2024-07-22T11:45:05.843+0000] {dag.py:3089} INFO - Sync 1 DAGs
[2024-07-22T11:45:05.869+0000] {logging_mixin.py:188} INFO - [2024-07-22T11:45:05.869+0000] {dag.py:3947} INFO - Setting next_dagrun for tutorial to 2024-07-21 00:00:00+00:00, run_after=2024-07-22 00:00:00+00:00
[2024-07-22T11:45:05.900+0000] {processor.py:183} INFO - Processing /home/airflow/.local/lib/python3.12/site-packages/airflow/example_dags/tutorial.py took 0.098 seconds
[2024-07-22T11:45:36.182+0000] {processor.py:161} INFO - Started process (PID=933) to work on /home/airflow/.local/lib/python3.12/site-packages/airflow/example_dags/tutorial.py
[2024-07-22T11:45:36.186+0000] {processor.py:830} INFO - Processing file /home/airflow/.local/lib/python3.12/site-packages/airflow/example_dags/tutorial.py for tasks to queue
[2024-07-22T11:45:36.192+0000] {logging_mixin.py:188} INFO - [2024-07-22T11:45:36.191+0000] {dagbag.py:545} INFO - Filling up the DagBag from /home/airflow/.local/lib/python3.12/site-packages/airflow/example_dags/tutorial.py
[2024-07-22T11:45:36.223+0000] {processor.py:840} INFO - DAG(s) 'tutorial' retrieved from /home/airflow/.local/lib/python3.12/site-packages/airflow/example_dags/tutorial.py
[2024-07-22T11:45:36.266+0000] {logging_mixin.py:188} INFO - [2024-07-22T11:45:36.266+0000] {dag.py:3089} INFO - Sync 1 DAGs
[2024-07-22T11:45:36.299+0000] {logging_mixin.py:188} INFO - [2024-07-22T11:45:36.299+0000] {dag.py:3947} INFO - Setting next_dagrun for tutorial to 2024-07-21 00:00:00+00:00, run_after=2024-07-22 00:00:00+00:00
[2024-07-22T11:45:36.326+0000] {processor.py:183} INFO - Processing /home/airflow/.local/lib/python3.12/site-packages/airflow/example_dags/tutorial.py took 0.153 seconds
[2024-07-22T11:46:07.873+0000] {processor.py:161} INFO - Started process (PID=991) to work on /home/airflow/.local/lib/python3.12/site-packages/airflow/example_dags/tutorial.py
[2024-07-22T11:46:07.891+0000] {processor.py:830} INFO - Processing file /home/airflow/.local/lib/python3.12/site-packages/airflow/example_dags/tutorial.py for tasks to queue
[2024-07-22T11:46:07.910+0000] {logging_mixin.py:188} INFO - [2024-07-22T11:46:07.909+0000] {dagbag.py:545} INFO - Filling up the DagBag from /home/airflow/.local/lib/python3.12/site-packages/airflow/example_dags/tutorial.py
[2024-07-22T11:46:07.958+0000] {processor.py:840} INFO - DAG(s) 'tutorial' retrieved from /home/airflow/.local/lib/python3.12/site-packages/airflow/example_dags/tutorial.py
[2024-07-22T11:46:08.096+0000] {logging_mixin.py:188} INFO - [2024-07-22T11:46:08.096+0000] {dag.py:3089} INFO - Sync 1 DAGs
[2024-07-22T11:46:08.173+0000] {logging_mixin.py:188} INFO - [2024-07-22T11:46:08.173+0000] {dag.py:3947} INFO - Setting next_dagrun for tutorial to 2024-07-21 00:00:00+00:00, run_after=2024-07-22 00:00:00+00:00
[2024-07-22T11:46:08.211+0000] {processor.py:183} INFO - Processing /home/airflow/.local/lib/python3.12/site-packages/airflow/example_dags/tutorial.py took 0.407 seconds
[2024-07-22T11:46:39.139+0000] {processor.py:161} INFO - Started process (PID=1049) to work on /home/airflow/.local/lib/python3.12/site-packages/airflow/example_dags/tutorial.py
[2024-07-22T11:46:39.141+0000] {processor.py:830} INFO - Processing file /home/airflow/.local/lib/python3.12/site-packages/airflow/example_dags/tutorial.py for tasks to queue
[2024-07-22T11:46:39.144+0000] {logging_mixin.py:188} INFO - [2024-07-22T11:46:39.143+0000] {dagbag.py:545} INFO - Filling up the DagBag from /home/airflow/.local/lib/python3.12/site-packages/airflow/example_dags/tutorial.py
[2024-07-22T11:46:39.154+0000] {processor.py:840} INFO - DAG(s) 'tutorial' retrieved from /home/airflow/.local/lib/python3.12/site-packages/airflow/example_dags/tutorial.py
[2024-07-22T11:46:39.201+0000] {logging_mixin.py:188} INFO - [2024-07-22T11:46:39.200+0000] {dag.py:3089} INFO - Sync 1 DAGs
[2024-07-22T11:46:39.233+0000] {logging_mixin.py:188} INFO - [2024-07-22T11:46:39.233+0000] {dag.py:3947} INFO - Setting next_dagrun for tutorial to 2024-07-21 00:00:00+00:00, run_after=2024-07-22 00:00:00+00:00
[2024-07-22T11:46:39.255+0000] {processor.py:183} INFO - Processing /home/airflow/.local/lib/python3.12/site-packages/airflow/example_dags/tutorial.py took 0.140 seconds
[2024-07-22T11:47:09.612+0000] {processor.py:161} INFO - Started process (PID=1107) to work on /home/airflow/.local/lib/python3.12/site-packages/airflow/example_dags/tutorial.py
[2024-07-22T11:47:09.625+0000] {processor.py:830} INFO - Processing file /home/airflow/.local/lib/python3.12/site-packages/airflow/example_dags/tutorial.py for tasks to queue
[2024-07-22T11:47:09.638+0000] {logging_mixin.py:188} INFO - [2024-07-22T11:47:09.636+0000] {dagbag.py:545} INFO - Filling up the DagBag from /home/airflow/.local/lib/python3.12/site-packages/airflow/example_dags/tutorial.py
[2024-07-22T11:47:09.723+0000] {processor.py:840} INFO - DAG(s) 'tutorial' retrieved from /home/airflow/.local/lib/python3.12/site-packages/airflow/example_dags/tutorial.py
[2024-07-22T11:47:09.861+0000] {logging_mixin.py:188} INFO - [2024-07-22T11:47:09.860+0000] {dag.py:3089} INFO - Sync 1 DAGs
[2024-07-22T11:47:09.982+0000] {logging_mixin.py:188} INFO - [2024-07-22T11:47:09.981+0000] {dag.py:3947} INFO - Setting next_dagrun for tutorial to 2024-07-21 00:00:00+00:00, run_after=2024-07-22 00:00:00+00:00
[2024-07-22T11:47:10.054+0000] {processor.py:183} INFO - Processing /home/airflow/.local/lib/python3.12/site-packages/airflow/example_dags/tutorial.py took 0.485 seconds
[2024-07-22T11:47:40.580+0000] {processor.py:161} INFO - Started process (PID=1165) to work on /home/airflow/.local/lib/python3.12/site-packages/airflow/example_dags/tutorial.py
[2024-07-22T11:47:40.586+0000] {processor.py:830} INFO - Processing file /home/airflow/.local/lib/python3.12/site-packages/airflow/example_dags/tutorial.py for tasks to queue
[2024-07-22T11:47:40.590+0000] {logging_mixin.py:188} INFO - [2024-07-22T11:47:40.590+0000] {dagbag.py:545} INFO - Filling up the DagBag from /home/airflow/.local/lib/python3.12/site-packages/airflow/example_dags/tutorial.py
[2024-07-22T11:47:40.599+0000] {processor.py:840} INFO - DAG(s) 'tutorial' retrieved from /home/airflow/.local/lib/python3.12/site-packages/airflow/example_dags/tutorial.py
[2024-07-22T11:47:40.626+0000] {logging_mixin.py:188} INFO - [2024-07-22T11:47:40.625+0000] {dag.py:3089} INFO - Sync 1 DAGs
[2024-07-22T11:47:40.655+0000] {logging_mixin.py:188} INFO - [2024-07-22T11:47:40.655+0000] {dag.py:3947} INFO - Setting next_dagrun for tutorial to 2024-07-21 00:00:00+00:00, run_after=2024-07-22 00:00:00+00:00
[2024-07-22T11:47:40.677+0000] {processor.py:183} INFO - Processing /home/airflow/.local/lib/python3.12/site-packages/airflow/example_dags/tutorial.py took 0.107 seconds
[2024-07-22T11:49:04.876+0000] {processor.py:161} INFO - Started process (PID=1244) to work on /home/airflow/.local/lib/python3.12/site-packages/airflow/example_dags/tutorial.py
[2024-07-22T11:49:04.878+0000] {processor.py:830} INFO - Processing file /home/airflow/.local/lib/python3.12/site-packages/airflow/example_dags/tutorial.py for tasks to queue
[2024-07-22T11:49:04.887+0000] {logging_mixin.py:188} INFO - [2024-07-22T11:49:04.885+0000] {dagbag.py:545} INFO - Filling up the DagBag from /home/airflow/.local/lib/python3.12/site-packages/airflow/example_dags/tutorial.py
[2024-07-22T11:49:04.921+0000] {processor.py:840} INFO - DAG(s) 'tutorial' retrieved from /home/airflow/.local/lib/python3.12/site-packages/airflow/example_dags/tutorial.py
[2024-07-22T11:49:04.992+0000] {logging_mixin.py:188} INFO - [2024-07-22T11:49:04.992+0000] {dag.py:3089} INFO - Sync 1 DAGs
[2024-07-22T11:49:05.048+0000] {logging_mixin.py:188} INFO - [2024-07-22T11:49:05.047+0000] {dag.py:3947} INFO - Setting next_dagrun for tutorial to 2024-07-21 00:00:00+00:00, run_after=2024-07-22 00:00:00+00:00
[2024-07-22T11:49:05.130+0000] {processor.py:183} INFO - Processing /home/airflow/.local/lib/python3.12/site-packages/airflow/example_dags/tutorial.py took 0.285 seconds
[2024-07-22T11:50:38.185+0000] {processor.py:161} INFO - Started process (PID=1314) to work on /home/airflow/.local/lib/python3.12/site-packages/airflow/example_dags/tutorial.py
[2024-07-22T11:50:38.214+0000] {processor.py:830} INFO - Processing file /home/airflow/.local/lib/python3.12/site-packages/airflow/example_dags/tutorial.py for tasks to queue
[2024-07-22T11:50:38.349+0000] {logging_mixin.py:188} INFO - [2024-07-22T11:50:38.311+0000] {dagbag.py:545} INFO - Filling up the DagBag from /home/airflow/.local/lib/python3.12/site-packages/airflow/example_dags/tutorial.py
[2024-07-22T11:50:39.343+0000] {processor.py:840} INFO - DAG(s) 'tutorial' retrieved from /home/airflow/.local/lib/python3.12/site-packages/airflow/example_dags/tutorial.py
[2024-07-22T11:50:45.771+0000] {logging_mixin.py:188} INFO - [2024-07-22T11:50:45.650+0000] {dag.py:3089} INFO - Sync 1 DAGs
[2024-07-22T11:50:56.353+0000] {logging_mixin.py:188} INFO - [2024-07-22T11:50:55.929+0000] {dag.py:3947} INFO - Setting next_dagrun for tutorial to 2024-07-21 00:00:00+00:00, run_after=2024-07-22 00:00:00+00:00
[2024-07-22T11:50:57.592+0000] {processor.py:183} INFO - Processing /home/airflow/.local/lib/python3.12/site-packages/airflow/example_dags/tutorial.py took 19.491 seconds
[2024-07-22T11:54:43.753+0000] {processor.py:161} INFO - Started process (PID=1398) to work on /home/airflow/.local/lib/python3.12/site-packages/airflow/example_dags/tutorial.py
[2024-07-22T11:54:43.839+0000] {processor.py:830} INFO - Processing file /home/airflow/.local/lib/python3.12/site-packages/airflow/example_dags/tutorial.py for tasks to queue
[2024-07-22T11:54:43.898+0000] {logging_mixin.py:188} INFO - [2024-07-22T11:54:43.874+0000] {dagbag.py:545} INFO - Filling up the DagBag from /home/airflow/.local/lib/python3.12/site-packages/airflow/example_dags/tutorial.py
[2024-07-22T11:54:44.576+0000] {processor.py:840} INFO - DAG(s) 'tutorial' retrieved from /home/airflow/.local/lib/python3.12/site-packages/airflow/example_dags/tutorial.py
[2024-07-22T11:54:47.783+0000] {logging_mixin.py:188} INFO - [2024-07-22T11:54:47.458+0000] {dag.py:3089} INFO - Sync 1 DAGs
[2024-07-22T11:54:56.707+0000] {logging_mixin.py:188} INFO - [2024-07-22T11:54:54.813+0000] {dag.py:3947} INFO - Setting next_dagrun for tutorial to 2024-07-21 00:00:00+00:00, run_after=2024-07-22 00:00:00+00:00
[2024-07-22T11:55:08.926+0000] {processor.py:183} INFO - Processing /home/airflow/.local/lib/python3.12/site-packages/airflow/example_dags/tutorial.py took 25.305 seconds
[2024-07-22T12:09:08.226+0000] {processor.py:161} INFO - Started process (PID=99) to work on /home/airflow/.local/lib/python3.12/site-packages/airflow/example_dags/tutorial.py
[2024-07-22T12:09:08.229+0000] {processor.py:830} INFO - Processing file /home/airflow/.local/lib/python3.12/site-packages/airflow/example_dags/tutorial.py for tasks to queue
[2024-07-22T12:09:08.239+0000] {logging_mixin.py:188} INFO - [2024-07-22T12:09:08.238+0000] {dagbag.py:545} INFO - Filling up the DagBag from /home/airflow/.local/lib/python3.12/site-packages/airflow/example_dags/tutorial.py
[2024-07-22T12:09:08.266+0000] {processor.py:840} INFO - DAG(s) 'tutorial' retrieved from /home/airflow/.local/lib/python3.12/site-packages/airflow/example_dags/tutorial.py
[2024-07-22T12:09:08.699+0000] {logging_mixin.py:188} INFO - [2024-07-22T12:09:08.698+0000] {dag.py:3089} INFO - Sync 1 DAGs
[2024-07-22T12:09:08.811+0000] {logging_mixin.py:188} INFO - [2024-07-22T12:09:08.810+0000] {dag.py:3947} INFO - Setting next_dagrun for tutorial to 2024-07-21 00:00:00+00:00, run_after=2024-07-22 00:00:00+00:00
[2024-07-22T12:09:09.520+0000] {processor.py:183} INFO - Processing /home/airflow/.local/lib/python3.12/site-packages/airflow/example_dags/tutorial.py took 1.317 seconds
[2024-07-22T12:09:43.687+0000] {processor.py:161} INFO - Started process (PID=163) to work on /home/airflow/.local/lib/python3.12/site-packages/airflow/example_dags/tutorial.py
[2024-07-22T12:09:43.691+0000] {processor.py:830} INFO - Processing file /home/airflow/.local/lib/python3.12/site-packages/airflow/example_dags/tutorial.py for tasks to queue
[2024-07-22T12:09:43.699+0000] {logging_mixin.py:188} INFO - [2024-07-22T12:09:43.698+0000] {dagbag.py:545} INFO - Filling up the DagBag from /home/airflow/.local/lib/python3.12/site-packages/airflow/example_dags/tutorial.py
[2024-07-22T12:09:43.719+0000] {processor.py:840} INFO - DAG(s) 'tutorial' retrieved from /home/airflow/.local/lib/python3.12/site-packages/airflow/example_dags/tutorial.py
[2024-07-22T12:09:43.846+0000] {logging_mixin.py:188} INFO - [2024-07-22T12:09:43.845+0000] {dag.py:3089} INFO - Sync 1 DAGs
[2024-07-22T12:09:43.940+0000] {logging_mixin.py:188} INFO - [2024-07-22T12:09:43.939+0000] {dag.py:3947} INFO - Setting next_dagrun for tutorial to 2024-07-21 00:00:00+00:00, run_after=2024-07-22 00:00:00+00:00
[2024-07-22T12:09:44.115+0000] {processor.py:183} INFO - Processing /home/airflow/.local/lib/python3.12/site-packages/airflow/example_dags/tutorial.py took 0.449 seconds
[2024-07-22T12:10:14.389+0000] {processor.py:161} INFO - Started process (PID=222) to work on /home/airflow/.local/lib/python3.12/site-packages/airflow/example_dags/tutorial.py
[2024-07-22T12:10:14.391+0000] {processor.py:830} INFO - Processing file /home/airflow/.local/lib/python3.12/site-packages/airflow/example_dags/tutorial.py for tasks to queue
[2024-07-22T12:10:14.394+0000] {logging_mixin.py:188} INFO - [2024-07-22T12:10:14.393+0000] {dagbag.py:545} INFO - Filling up the DagBag from /home/airflow/.local/lib/python3.12/site-packages/airflow/example_dags/tutorial.py
[2024-07-22T12:10:14.404+0000] {processor.py:840} INFO - DAG(s) 'tutorial' retrieved from /home/airflow/.local/lib/python3.12/site-packages/airflow/example_dags/tutorial.py
[2024-07-22T12:10:14.428+0000] {logging_mixin.py:188} INFO - [2024-07-22T12:10:14.428+0000] {dag.py:3089} INFO - Sync 1 DAGs
[2024-07-22T12:10:14.447+0000] {logging_mixin.py:188} INFO - [2024-07-22T12:10:14.447+0000] {dag.py:3947} INFO - Setting next_dagrun for tutorial to 2024-07-21 00:00:00+00:00, run_after=2024-07-22 00:00:00+00:00
[2024-07-22T12:10:14.460+0000] {processor.py:183} INFO - Processing /home/airflow/.local/lib/python3.12/site-packages/airflow/example_dags/tutorial.py took 0.079 seconds
[2024-07-22T12:10:44.695+0000] {processor.py:161} INFO - Started process (PID=281) to work on /home/airflow/.local/lib/python3.12/site-packages/airflow/example_dags/tutorial.py
[2024-07-22T12:10:44.697+0000] {processor.py:830} INFO - Processing file /home/airflow/.local/lib/python3.12/site-packages/airflow/example_dags/tutorial.py for tasks to queue
[2024-07-22T12:10:44.698+0000] {logging_mixin.py:188} INFO - [2024-07-22T12:10:44.698+0000] {dagbag.py:545} INFO - Filling up the DagBag from /home/airflow/.local/lib/python3.12/site-packages/airflow/example_dags/tutorial.py
[2024-07-22T12:10:44.719+0000] {processor.py:840} INFO - DAG(s) 'tutorial' retrieved from /home/airflow/.local/lib/python3.12/site-packages/airflow/example_dags/tutorial.py
[2024-07-22T12:10:44.759+0000] {logging_mixin.py:188} INFO - [2024-07-22T12:10:44.759+0000] {dag.py:3089} INFO - Sync 1 DAGs
[2024-07-22T12:10:44.866+0000] {logging_mixin.py:188} INFO - [2024-07-22T12:10:44.866+0000] {dag.py:3947} INFO - Setting next_dagrun for tutorial to 2024-07-21 00:00:00+00:00, run_after=2024-07-22 00:00:00+00:00
[2024-07-22T12:10:44.938+0000] {processor.py:183} INFO - Processing /home/airflow/.local/lib/python3.12/site-packages/airflow/example_dags/tutorial.py took 0.253 seconds
[2024-07-22T12:11:18.074+0000] {processor.py:161} INFO - Started process (PID=340) to work on /home/airflow/.local/lib/python3.12/site-packages/airflow/example_dags/tutorial.py
[2024-07-22T12:11:18.076+0000] {processor.py:830} INFO - Processing file /home/airflow/.local/lib/python3.12/site-packages/airflow/example_dags/tutorial.py for tasks to queue
[2024-07-22T12:11:18.077+0000] {logging_mixin.py:188} INFO - [2024-07-22T12:11:18.077+0000] {dagbag.py:545} INFO - Filling up the DagBag from /home/airflow/.local/lib/python3.12/site-packages/airflow/example_dags/tutorial.py
[2024-07-22T12:11:18.090+0000] {processor.py:840} INFO - DAG(s) 'tutorial' retrieved from /home/airflow/.local/lib/python3.12/site-packages/airflow/example_dags/tutorial.py
[2024-07-22T12:11:18.175+0000] {logging_mixin.py:188} INFO - [2024-07-22T12:11:18.174+0000] {dag.py:3089} INFO - Sync 1 DAGs
[2024-07-22T12:11:18.223+0000] {logging_mixin.py:188} INFO - [2024-07-22T12:11:18.222+0000] {dag.py:3947} INFO - Setting next_dagrun for tutorial to 2024-07-21 00:00:00+00:00, run_after=2024-07-22 00:00:00+00:00
[2024-07-22T12:11:18.313+0000] {processor.py:183} INFO - Processing /home/airflow/.local/lib/python3.12/site-packages/airflow/example_dags/tutorial.py took 0.255 seconds
[2024-07-22T12:11:50.393+0000] {processor.py:161} INFO - Started process (PID=400) to work on /home/airflow/.local/lib/python3.12/site-packages/airflow/example_dags/tutorial.py
[2024-07-22T12:11:50.396+0000] {processor.py:830} INFO - Processing file /home/airflow/.local/lib/python3.12/site-packages/airflow/example_dags/tutorial.py for tasks to queue
[2024-07-22T12:11:50.398+0000] {logging_mixin.py:188} INFO - [2024-07-22T12:11:50.397+0000] {dagbag.py:545} INFO - Filling up the DagBag from /home/airflow/.local/lib/python3.12/site-packages/airflow/example_dags/tutorial.py
[2024-07-22T12:11:50.455+0000] {processor.py:840} INFO - DAG(s) 'tutorial' retrieved from /home/airflow/.local/lib/python3.12/site-packages/airflow/example_dags/tutorial.py
[2024-07-22T12:11:50.499+0000] {logging_mixin.py:188} INFO - [2024-07-22T12:11:50.498+0000] {dag.py:3089} INFO - Sync 1 DAGs
[2024-07-22T12:11:50.564+0000] {logging_mixin.py:188} INFO - [2024-07-22T12:11:50.564+0000] {dag.py:3947} INFO - Setting next_dagrun for tutorial to 2024-07-21 00:00:00+00:00, run_after=2024-07-22 00:00:00+00:00
[2024-07-22T12:11:50.608+0000] {processor.py:183} INFO - Processing /home/airflow/.local/lib/python3.12/site-packages/airflow/example_dags/tutorial.py took 0.256 seconds
[2024-07-22T12:12:23.448+0000] {processor.py:161} INFO - Started process (PID=456) to work on /home/airflow/.local/lib/python3.12/site-packages/airflow/example_dags/tutorial.py
[2024-07-22T12:12:23.452+0000] {processor.py:830} INFO - Processing file /home/airflow/.local/lib/python3.12/site-packages/airflow/example_dags/tutorial.py for tasks to queue
[2024-07-22T12:12:23.454+0000] {logging_mixin.py:188} INFO - [2024-07-22T12:12:23.453+0000] {dagbag.py:545} INFO - Filling up the DagBag from /home/airflow/.local/lib/python3.12/site-packages/airflow/example_dags/tutorial.py
[2024-07-22T12:12:23.462+0000] {processor.py:840} INFO - DAG(s) 'tutorial' retrieved from /home/airflow/.local/lib/python3.12/site-packages/airflow/example_dags/tutorial.py
[2024-07-22T12:12:23.492+0000] {logging_mixin.py:188} INFO - [2024-07-22T12:12:23.492+0000] {dag.py:3089} INFO - Sync 1 DAGs
[2024-07-22T12:12:23.537+0000] {logging_mixin.py:188} INFO - [2024-07-22T12:12:23.537+0000] {dag.py:3947} INFO - Setting next_dagrun for tutorial to 2024-07-21 00:00:00+00:00, run_after=2024-07-22 00:00:00+00:00
[2024-07-22T12:12:23.572+0000] {processor.py:183} INFO - Processing /home/airflow/.local/lib/python3.12/site-packages/airflow/example_dags/tutorial.py took 0.130 seconds
[2024-07-22T12:12:58.929+0000] {processor.py:161} INFO - Started process (PID=517) to work on /home/airflow/.local/lib/python3.12/site-packages/airflow/example_dags/tutorial.py
[2024-07-22T12:12:58.936+0000] {processor.py:830} INFO - Processing file /home/airflow/.local/lib/python3.12/site-packages/airflow/example_dags/tutorial.py for tasks to queue
[2024-07-22T12:12:58.937+0000] {logging_mixin.py:188} INFO - [2024-07-22T12:12:58.937+0000] {dagbag.py:545} INFO - Filling up the DagBag from /home/airflow/.local/lib/python3.12/site-packages/airflow/example_dags/tutorial.py
[2024-07-22T12:12:58.949+0000] {processor.py:840} INFO - DAG(s) 'tutorial' retrieved from /home/airflow/.local/lib/python3.12/site-packages/airflow/example_dags/tutorial.py
[2024-07-22T12:12:59.000+0000] {logging_mixin.py:188} INFO - [2024-07-22T12:12:59.000+0000] {dag.py:3089} INFO - Sync 1 DAGs
[2024-07-22T12:12:59.055+0000] {logging_mixin.py:188} INFO - [2024-07-22T12:12:59.054+0000] {dag.py:3947} INFO - Setting next_dagrun for tutorial to 2024-07-21 00:00:00+00:00, run_after=2024-07-22 00:00:00+00:00
[2024-07-22T12:12:59.078+0000] {processor.py:183} INFO - Processing /home/airflow/.local/lib/python3.12/site-packages/airflow/example_dags/tutorial.py took 0.158 seconds
[2024-07-22T12:13:31.543+0000] {processor.py:161} INFO - Started process (PID=576) to work on /home/airflow/.local/lib/python3.12/site-packages/airflow/example_dags/tutorial.py
[2024-07-22T12:13:31.546+0000] {processor.py:830} INFO - Processing file /home/airflow/.local/lib/python3.12/site-packages/airflow/example_dags/tutorial.py for tasks to queue
[2024-07-22T12:13:31.548+0000] {logging_mixin.py:188} INFO - [2024-07-22T12:13:31.548+0000] {dagbag.py:545} INFO - Filling up the DagBag from /home/airflow/.local/lib/python3.12/site-packages/airflow/example_dags/tutorial.py
[2024-07-22T12:13:31.566+0000] {processor.py:840} INFO - DAG(s) 'tutorial' retrieved from /home/airflow/.local/lib/python3.12/site-packages/airflow/example_dags/tutorial.py
[2024-07-22T12:13:31.620+0000] {logging_mixin.py:188} INFO - [2024-07-22T12:13:31.620+0000] {dag.py:3089} INFO - Sync 1 DAGs
[2024-07-22T12:13:31.657+0000] {logging_mixin.py:188} INFO - [2024-07-22T12:13:31.657+0000] {dag.py:3947} INFO - Setting next_dagrun for tutorial to 2024-07-21 00:00:00+00:00, run_after=2024-07-22 00:00:00+00:00
[2024-07-22T12:13:31.703+0000] {processor.py:183} INFO - Processing /home/airflow/.local/lib/python3.12/site-packages/airflow/example_dags/tutorial.py took 0.171 seconds
[2024-07-22T12:14:05.342+0000] {processor.py:161} INFO - Started process (PID=635) to work on /home/airflow/.local/lib/python3.12/site-packages/airflow/example_dags/tutorial.py
[2024-07-22T12:14:05.347+0000] {processor.py:830} INFO - Processing file /home/airflow/.local/lib/python3.12/site-packages/airflow/example_dags/tutorial.py for tasks to queue
[2024-07-22T12:14:05.351+0000] {logging_mixin.py:188} INFO - [2024-07-22T12:14:05.349+0000] {dagbag.py:545} INFO - Filling up the DagBag from /home/airflow/.local/lib/python3.12/site-packages/airflow/example_dags/tutorial.py
[2024-07-22T12:14:05.379+0000] {processor.py:840} INFO - DAG(s) 'tutorial' retrieved from /home/airflow/.local/lib/python3.12/site-packages/airflow/example_dags/tutorial.py
[2024-07-22T12:14:05.466+0000] {logging_mixin.py:188} INFO - [2024-07-22T12:14:05.465+0000] {dag.py:3089} INFO - Sync 1 DAGs
[2024-07-22T12:14:05.569+0000] {logging_mixin.py:188} INFO - [2024-07-22T12:14:05.568+0000] {dag.py:3947} INFO - Setting next_dagrun for tutorial to 2024-07-21 00:00:00+00:00, run_after=2024-07-22 00:00:00+00:00
[2024-07-22T12:14:05.628+0000] {processor.py:183} INFO - Processing /home/airflow/.local/lib/python3.12/site-packages/airflow/example_dags/tutorial.py took 0.300 seconds
[2024-07-22T12:14:36.248+0000] {processor.py:161} INFO - Started process (PID=694) to work on /home/airflow/.local/lib/python3.12/site-packages/airflow/example_dags/tutorial.py
[2024-07-22T12:14:36.250+0000] {processor.py:830} INFO - Processing file /home/airflow/.local/lib/python3.12/site-packages/airflow/example_dags/tutorial.py for tasks to queue
[2024-07-22T12:14:36.251+0000] {logging_mixin.py:188} INFO - [2024-07-22T12:14:36.251+0000] {dagbag.py:545} INFO - Filling up the DagBag from /home/airflow/.local/lib/python3.12/site-packages/airflow/example_dags/tutorial.py
[2024-07-22T12:14:36.262+0000] {processor.py:840} INFO - DAG(s) 'tutorial' retrieved from /home/airflow/.local/lib/python3.12/site-packages/airflow/example_dags/tutorial.py
[2024-07-22T12:14:36.282+0000] {logging_mixin.py:188} INFO - [2024-07-22T12:14:36.282+0000] {dag.py:3089} INFO - Sync 1 DAGs
[2024-07-22T12:14:36.310+0000] {logging_mixin.py:188} INFO - [2024-07-22T12:14:36.309+0000] {dag.py:3947} INFO - Setting next_dagrun for tutorial to 2024-07-21 00:00:00+00:00, run_after=2024-07-22 00:00:00+00:00
[2024-07-22T12:14:36.331+0000] {processor.py:183} INFO - Processing /home/airflow/.local/lib/python3.12/site-packages/airflow/example_dags/tutorial.py took 0.089 seconds
[2024-07-22T12:15:07.294+0000] {processor.py:161} INFO - Started process (PID=753) to work on /home/airflow/.local/lib/python3.12/site-packages/airflow/example_dags/tutorial.py
[2024-07-22T12:15:07.295+0000] {processor.py:830} INFO - Processing file /home/airflow/.local/lib/python3.12/site-packages/airflow/example_dags/tutorial.py for tasks to queue
[2024-07-22T12:15:07.296+0000] {logging_mixin.py:188} INFO - [2024-07-22T12:15:07.296+0000] {dagbag.py:545} INFO - Filling up the DagBag from /home/airflow/.local/lib/python3.12/site-packages/airflow/example_dags/tutorial.py
[2024-07-22T12:15:07.303+0000] {processor.py:840} INFO - DAG(s) 'tutorial' retrieved from /home/airflow/.local/lib/python3.12/site-packages/airflow/example_dags/tutorial.py
[2024-07-22T12:15:07.327+0000] {logging_mixin.py:188} INFO - [2024-07-22T12:15:07.327+0000] {dag.py:3089} INFO - Sync 1 DAGs
[2024-07-22T12:15:07.347+0000] {logging_mixin.py:188} INFO - [2024-07-22T12:15:07.346+0000] {dag.py:3947} INFO - Setting next_dagrun for tutorial to 2024-07-21 00:00:00+00:00, run_after=2024-07-22 00:00:00+00:00
[2024-07-22T12:15:07.367+0000] {processor.py:183} INFO - Processing /home/airflow/.local/lib/python3.12/site-packages/airflow/example_dags/tutorial.py took 0.083 seconds
[2024-07-22T12:15:37.630+0000] {processor.py:161} INFO - Started process (PID=811) to work on /home/airflow/.local/lib/python3.12/site-packages/airflow/example_dags/tutorial.py
[2024-07-22T12:15:37.631+0000] {processor.py:830} INFO - Processing file /home/airflow/.local/lib/python3.12/site-packages/airflow/example_dags/tutorial.py for tasks to queue
[2024-07-22T12:15:37.632+0000] {logging_mixin.py:188} INFO - [2024-07-22T12:15:37.632+0000] {dagbag.py:545} INFO - Filling up the DagBag from /home/airflow/.local/lib/python3.12/site-packages/airflow/example_dags/tutorial.py
[2024-07-22T12:15:37.637+0000] {processor.py:840} INFO - DAG(s) 'tutorial' retrieved from /home/airflow/.local/lib/python3.12/site-packages/airflow/example_dags/tutorial.py
[2024-07-22T12:15:37.655+0000] {logging_mixin.py:188} INFO - [2024-07-22T12:15:37.655+0000] {dag.py:3089} INFO - Sync 1 DAGs
[2024-07-22T12:15:37.682+0000] {logging_mixin.py:188} INFO - [2024-07-22T12:15:37.682+0000] {dag.py:3947} INFO - Setting next_dagrun for tutorial to 2024-07-21 00:00:00+00:00, run_after=2024-07-22 00:00:00+00:00
[2024-07-22T12:15:37.704+0000] {processor.py:183} INFO - Processing /home/airflow/.local/lib/python3.12/site-packages/airflow/example_dags/tutorial.py took 0.079 seconds
[2024-07-22T12:16:08.353+0000] {processor.py:161} INFO - Started process (PID=870) to work on /home/airflow/.local/lib/python3.12/site-packages/airflow/example_dags/tutorial.py
[2024-07-22T12:16:08.355+0000] {processor.py:830} INFO - Processing file /home/airflow/.local/lib/python3.12/site-packages/airflow/example_dags/tutorial.py for tasks to queue
[2024-07-22T12:16:08.355+0000] {logging_mixin.py:188} INFO - [2024-07-22T12:16:08.355+0000] {dagbag.py:545} INFO - Filling up the DagBag from /home/airflow/.local/lib/python3.12/site-packages/airflow/example_dags/tutorial.py
[2024-07-22T12:16:08.362+0000] {processor.py:840} INFO - DAG(s) 'tutorial' retrieved from /home/airflow/.local/lib/python3.12/site-packages/airflow/example_dags/tutorial.py
[2024-07-22T12:16:08.389+0000] {logging_mixin.py:188} INFO - [2024-07-22T12:16:08.388+0000] {dag.py:3089} INFO - Sync 1 DAGs
[2024-07-22T12:16:08.425+0000] {logging_mixin.py:188} INFO - [2024-07-22T12:16:08.425+0000] {dag.py:3947} INFO - Setting next_dagrun for tutorial to 2024-07-21 00:00:00+00:00, run_after=2024-07-22 00:00:00+00:00
[2024-07-22T12:16:08.452+0000] {processor.py:183} INFO - Processing /home/airflow/.local/lib/python3.12/site-packages/airflow/example_dags/tutorial.py took 0.105 seconds
[2024-07-22T12:16:39.725+0000] {processor.py:161} INFO - Started process (PID=928) to work on /home/airflow/.local/lib/python3.12/site-packages/airflow/example_dags/tutorial.py
[2024-07-22T12:16:39.730+0000] {processor.py:830} INFO - Processing file /home/airflow/.local/lib/python3.12/site-packages/airflow/example_dags/tutorial.py for tasks to queue
[2024-07-22T12:16:39.732+0000] {logging_mixin.py:188} INFO - [2024-07-22T12:16:39.731+0000] {dagbag.py:545} INFO - Filling up the DagBag from /home/airflow/.local/lib/python3.12/site-packages/airflow/example_dags/tutorial.py
[2024-07-22T12:16:39.751+0000] {processor.py:840} INFO - DAG(s) 'tutorial' retrieved from /home/airflow/.local/lib/python3.12/site-packages/airflow/example_dags/tutorial.py
[2024-07-22T12:16:39.810+0000] {logging_mixin.py:188} INFO - [2024-07-22T12:16:39.809+0000] {dag.py:3089} INFO - Sync 1 DAGs
[2024-07-22T12:16:39.908+0000] {logging_mixin.py:188} INFO - [2024-07-22T12:16:39.904+0000] {dag.py:3947} INFO - Setting next_dagrun for tutorial to 2024-07-21 00:00:00+00:00, run_after=2024-07-22 00:00:00+00:00
[2024-07-22T12:16:40.034+0000] {processor.py:183} INFO - Processing /home/airflow/.local/lib/python3.12/site-packages/airflow/example_dags/tutorial.py took 0.330 seconds
[2024-07-22T12:17:10.798+0000] {processor.py:161} INFO - Started process (PID=987) to work on /home/airflow/.local/lib/python3.12/site-packages/airflow/example_dags/tutorial.py
[2024-07-22T12:17:10.800+0000] {processor.py:830} INFO - Processing file /home/airflow/.local/lib/python3.12/site-packages/airflow/example_dags/tutorial.py for tasks to queue
[2024-07-22T12:17:10.802+0000] {logging_mixin.py:188} INFO - [2024-07-22T12:17:10.801+0000] {dagbag.py:545} INFO - Filling up the DagBag from /home/airflow/.local/lib/python3.12/site-packages/airflow/example_dags/tutorial.py
[2024-07-22T12:17:10.824+0000] {processor.py:840} INFO - DAG(s) 'tutorial' retrieved from /home/airflow/.local/lib/python3.12/site-packages/airflow/example_dags/tutorial.py
[2024-07-22T12:17:10.868+0000] {logging_mixin.py:188} INFO - [2024-07-22T12:17:10.868+0000] {dag.py:3089} INFO - Sync 1 DAGs
[2024-07-22T12:17:10.916+0000] {logging_mixin.py:188} INFO - [2024-07-22T12:17:10.915+0000] {dag.py:3947} INFO - Setting next_dagrun for tutorial to 2024-07-21 00:00:00+00:00, run_after=2024-07-22 00:00:00+00:00
[2024-07-22T12:17:10.955+0000] {processor.py:183} INFO - Processing /home/airflow/.local/lib/python3.12/site-packages/airflow/example_dags/tutorial.py took 0.187 seconds
[2024-07-22T12:17:41.381+0000] {processor.py:161} INFO - Started process (PID=1046) to work on /home/airflow/.local/lib/python3.12/site-packages/airflow/example_dags/tutorial.py
[2024-07-22T12:17:41.384+0000] {processor.py:830} INFO - Processing file /home/airflow/.local/lib/python3.12/site-packages/airflow/example_dags/tutorial.py for tasks to queue
[2024-07-22T12:17:41.386+0000] {logging_mixin.py:188} INFO - [2024-07-22T12:17:41.386+0000] {dagbag.py:545} INFO - Filling up the DagBag from /home/airflow/.local/lib/python3.12/site-packages/airflow/example_dags/tutorial.py
[2024-07-22T12:17:41.436+0000] {processor.py:840} INFO - DAG(s) 'tutorial' retrieved from /home/airflow/.local/lib/python3.12/site-packages/airflow/example_dags/tutorial.py
[2024-07-22T12:17:41.528+0000] {logging_mixin.py:188} INFO - [2024-07-22T12:17:41.526+0000] {dag.py:3089} INFO - Sync 1 DAGs
[2024-07-22T12:17:41.602+0000] {logging_mixin.py:188} INFO - [2024-07-22T12:17:41.601+0000] {dag.py:3947} INFO - Setting next_dagrun for tutorial to 2024-07-21 00:00:00+00:00, run_after=2024-07-22 00:00:00+00:00
[2024-07-22T12:17:41.649+0000] {processor.py:183} INFO - Processing /home/airflow/.local/lib/python3.12/site-packages/airflow/example_dags/tutorial.py took 0.297 seconds
[2024-07-22T12:18:11.947+0000] {processor.py:161} INFO - Started process (PID=1105) to work on /home/airflow/.local/lib/python3.12/site-packages/airflow/example_dags/tutorial.py
[2024-07-22T12:18:11.955+0000] {processor.py:830} INFO - Processing file /home/airflow/.local/lib/python3.12/site-packages/airflow/example_dags/tutorial.py for tasks to queue
[2024-07-22T12:18:11.965+0000] {logging_mixin.py:188} INFO - [2024-07-22T12:18:11.961+0000] {dagbag.py:545} INFO - Filling up the DagBag from /home/airflow/.local/lib/python3.12/site-packages/airflow/example_dags/tutorial.py
[2024-07-22T12:18:11.994+0000] {processor.py:840} INFO - DAG(s) 'tutorial' retrieved from /home/airflow/.local/lib/python3.12/site-packages/airflow/example_dags/tutorial.py
[2024-07-22T12:18:12.188+0000] {logging_mixin.py:188} INFO - [2024-07-22T12:18:12.186+0000] {dag.py:3089} INFO - Sync 1 DAGs
[2024-07-22T12:18:12.263+0000] {logging_mixin.py:188} INFO - [2024-07-22T12:18:12.263+0000] {dag.py:3947} INFO - Setting next_dagrun for tutorial to 2024-07-21 00:00:00+00:00, run_after=2024-07-22 00:00:00+00:00
[2024-07-22T12:18:12.298+0000] {processor.py:183} INFO - Processing /home/airflow/.local/lib/python3.12/site-packages/airflow/example_dags/tutorial.py took 0.418 seconds
[2024-07-22T12:18:43.229+0000] {processor.py:161} INFO - Started process (PID=1163) to work on /home/airflow/.local/lib/python3.12/site-packages/airflow/example_dags/tutorial.py
[2024-07-22T12:18:43.232+0000] {processor.py:830} INFO - Processing file /home/airflow/.local/lib/python3.12/site-packages/airflow/example_dags/tutorial.py for tasks to queue
[2024-07-22T12:18:43.235+0000] {logging_mixin.py:188} INFO - [2024-07-22T12:18:43.234+0000] {dagbag.py:545} INFO - Filling up the DagBag from /home/airflow/.local/lib/python3.12/site-packages/airflow/example_dags/tutorial.py
[2024-07-22T12:18:43.260+0000] {processor.py:840} INFO - DAG(s) 'tutorial' retrieved from /home/airflow/.local/lib/python3.12/site-packages/airflow/example_dags/tutorial.py
[2024-07-22T12:18:43.330+0000] {logging_mixin.py:188} INFO - [2024-07-22T12:18:43.330+0000] {dag.py:3089} INFO - Sync 1 DAGs
[2024-07-22T12:18:43.377+0000] {logging_mixin.py:188} INFO - [2024-07-22T12:18:43.376+0000] {dag.py:3947} INFO - Setting next_dagrun for tutorial to 2024-07-21 00:00:00+00:00, run_after=2024-07-22 00:00:00+00:00
[2024-07-22T12:18:43.430+0000] {processor.py:183} INFO - Processing /home/airflow/.local/lib/python3.12/site-packages/airflow/example_dags/tutorial.py took 0.250 seconds
[2024-07-22T12:19:13.591+0000] {processor.py:161} INFO - Started process (PID=1223) to work on /home/airflow/.local/lib/python3.12/site-packages/airflow/example_dags/tutorial.py
[2024-07-22T12:19:13.597+0000] {processor.py:830} INFO - Processing file /home/airflow/.local/lib/python3.12/site-packages/airflow/example_dags/tutorial.py for tasks to queue
[2024-07-22T12:19:13.606+0000] {logging_mixin.py:188} INFO - [2024-07-22T12:19:13.600+0000] {dagbag.py:545} INFO - Filling up the DagBag from /home/airflow/.local/lib/python3.12/site-packages/airflow/example_dags/tutorial.py
[2024-07-22T12:19:13.776+0000] {processor.py:840} INFO - DAG(s) 'tutorial' retrieved from /home/airflow/.local/lib/python3.12/site-packages/airflow/example_dags/tutorial.py
[2024-07-22T12:19:14.195+0000] {logging_mixin.py:188} INFO - [2024-07-22T12:19:14.187+0000] {dag.py:3089} INFO - Sync 1 DAGs
[2024-07-22T12:19:14.373+0000] {logging_mixin.py:188} INFO - [2024-07-22T12:19:14.372+0000] {dag.py:3947} INFO - Setting next_dagrun for tutorial to 2024-07-21 00:00:00+00:00, run_after=2024-07-22 00:00:00+00:00
[2024-07-22T12:19:14.569+0000] {processor.py:183} INFO - Processing /home/airflow/.local/lib/python3.12/site-packages/airflow/example_dags/tutorial.py took 1.030 seconds
[2024-07-22T12:19:45.444+0000] {processor.py:161} INFO - Started process (PID=1281) to work on /home/airflow/.local/lib/python3.12/site-packages/airflow/example_dags/tutorial.py
[2024-07-22T12:19:45.446+0000] {processor.py:830} INFO - Processing file /home/airflow/.local/lib/python3.12/site-packages/airflow/example_dags/tutorial.py for tasks to queue
[2024-07-22T12:19:45.447+0000] {logging_mixin.py:188} INFO - [2024-07-22T12:19:45.447+0000] {dagbag.py:545} INFO - Filling up the DagBag from /home/airflow/.local/lib/python3.12/site-packages/airflow/example_dags/tutorial.py
[2024-07-22T12:19:45.469+0000] {processor.py:840} INFO - DAG(s) 'tutorial' retrieved from /home/airflow/.local/lib/python3.12/site-packages/airflow/example_dags/tutorial.py
[2024-07-22T12:19:45.504+0000] {logging_mixin.py:188} INFO - [2024-07-22T12:19:45.504+0000] {dag.py:3089} INFO - Sync 1 DAGs
[2024-07-22T12:19:45.540+0000] {logging_mixin.py:188} INFO - [2024-07-22T12:19:45.539+0000] {dag.py:3947} INFO - Setting next_dagrun for tutorial to 2024-07-21 00:00:00+00:00, run_after=2024-07-22 00:00:00+00:00
[2024-07-22T12:19:45.585+0000] {processor.py:183} INFO - Processing /home/airflow/.local/lib/python3.12/site-packages/airflow/example_dags/tutorial.py took 0.152 seconds
[2024-07-22T12:20:17.670+0000] {processor.py:161} INFO - Started process (PID=1340) to work on /home/airflow/.local/lib/python3.12/site-packages/airflow/example_dags/tutorial.py
[2024-07-22T12:20:17.679+0000] {processor.py:830} INFO - Processing file /home/airflow/.local/lib/python3.12/site-packages/airflow/example_dags/tutorial.py for tasks to queue
[2024-07-22T12:20:17.689+0000] {logging_mixin.py:188} INFO - [2024-07-22T12:20:17.686+0000] {dagbag.py:545} INFO - Filling up the DagBag from /home/airflow/.local/lib/python3.12/site-packages/airflow/example_dags/tutorial.py
[2024-07-22T12:20:17.729+0000] {processor.py:840} INFO - DAG(s) 'tutorial' retrieved from /home/airflow/.local/lib/python3.12/site-packages/airflow/example_dags/tutorial.py
[2024-07-22T12:20:18.654+0000] {logging_mixin.py:188} INFO - [2024-07-22T12:20:18.652+0000] {dag.py:3089} INFO - Sync 1 DAGs
[2024-07-22T12:20:18.722+0000] {logging_mixin.py:188} INFO - [2024-07-22T12:20:18.722+0000] {dag.py:3947} INFO - Setting next_dagrun for tutorial to 2024-07-21 00:00:00+00:00, run_after=2024-07-22 00:00:00+00:00
[2024-07-22T12:20:18.769+0000] {processor.py:183} INFO - Processing /home/airflow/.local/lib/python3.12/site-packages/airflow/example_dags/tutorial.py took 1.155 seconds
[2024-07-22T12:25:19.011+0000] {processor.py:161} INFO - Started process (PID=1415) to work on /home/airflow/.local/lib/python3.12/site-packages/airflow/example_dags/tutorial.py
[2024-07-22T12:25:19.066+0000] {processor.py:830} INFO - Processing file /home/airflow/.local/lib/python3.12/site-packages/airflow/example_dags/tutorial.py for tasks to queue
[2024-07-22T12:25:19.395+0000] {logging_mixin.py:188} INFO - [2024-07-22T12:25:19.106+0000] {dagbag.py:545} INFO - Filling up the DagBag from /home/airflow/.local/lib/python3.12/site-packages/airflow/example_dags/tutorial.py
[2024-07-22T12:25:22.829+0000] {processor.py:840} INFO - DAG(s) 'tutorial' retrieved from /home/airflow/.local/lib/python3.12/site-packages/airflow/example_dags/tutorial.py
[2024-07-22T12:25:26.558+0000] {logging_mixin.py:188} INFO - [2024-07-22T12:25:26.463+0000] {dag.py:3089} INFO - Sync 1 DAGs
[2024-07-22T12:25:28.639+0000] {logging_mixin.py:188} INFO - [2024-07-22T12:25:28.437+0000] {dag.py:3947} INFO - Setting next_dagrun for tutorial to 2024-07-21 00:00:00+00:00, run_after=2024-07-22 00:00:00+00:00
[2024-07-22T12:25:29.427+0000] {processor.py:183} INFO - Processing /home/airflow/.local/lib/python3.12/site-packages/airflow/example_dags/tutorial.py took 10.790 seconds
[2024-07-22T12:28:22.536+0000] {processor.py:161} INFO - Started process (PID=1523) to work on /home/airflow/.local/lib/python3.12/site-packages/airflow/example_dags/tutorial.py
[2024-07-22T12:28:22.541+0000] {processor.py:830} INFO - Processing file /home/airflow/.local/lib/python3.12/site-packages/airflow/example_dags/tutorial.py for tasks to queue
[2024-07-22T12:28:22.547+0000] {logging_mixin.py:188} INFO - [2024-07-22T12:28:22.546+0000] {dagbag.py:545} INFO - Filling up the DagBag from /home/airflow/.local/lib/python3.12/site-packages/airflow/example_dags/tutorial.py
[2024-07-22T12:28:22.571+0000] {processor.py:840} INFO - DAG(s) 'tutorial' retrieved from /home/airflow/.local/lib/python3.12/site-packages/airflow/example_dags/tutorial.py
[2024-07-22T12:28:22.616+0000] {logging_mixin.py:188} INFO - [2024-07-22T12:28:22.616+0000] {dag.py:3089} INFO - Sync 1 DAGs
[2024-07-22T12:28:22.859+0000] {logging_mixin.py:188} INFO - [2024-07-22T12:28:22.856+0000] {dag.py:3947} INFO - Setting next_dagrun for tutorial to 2024-07-21 00:00:00+00:00, run_after=2024-07-22 00:00:00+00:00
[2024-07-22T12:28:22.963+0000] {processor.py:183} INFO - Processing /home/airflow/.local/lib/python3.12/site-packages/airflow/example_dags/tutorial.py took 0.441 seconds
[2024-07-22T12:28:53.100+0000] {processor.py:161} INFO - Started process (PID=1584) to work on /home/airflow/.local/lib/python3.12/site-packages/airflow/example_dags/tutorial.py
[2024-07-22T12:28:53.106+0000] {processor.py:830} INFO - Processing file /home/airflow/.local/lib/python3.12/site-packages/airflow/example_dags/tutorial.py for tasks to queue
[2024-07-22T12:28:53.107+0000] {logging_mixin.py:188} INFO - [2024-07-22T12:28:53.107+0000] {dagbag.py:545} INFO - Filling up the DagBag from /home/airflow/.local/lib/python3.12/site-packages/airflow/example_dags/tutorial.py
[2024-07-22T12:28:53.113+0000] {processor.py:840} INFO - DAG(s) 'tutorial' retrieved from /home/airflow/.local/lib/python3.12/site-packages/airflow/example_dags/tutorial.py
[2024-07-22T12:28:53.129+0000] {logging_mixin.py:188} INFO - [2024-07-22T12:28:53.129+0000] {dag.py:3089} INFO - Sync 1 DAGs
[2024-07-22T12:28:53.148+0000] {logging_mixin.py:188} INFO - [2024-07-22T12:28:53.148+0000] {dag.py:3947} INFO - Setting next_dagrun for tutorial to 2024-07-21 00:00:00+00:00, run_after=2024-07-22 00:00:00+00:00
[2024-07-22T12:28:53.159+0000] {processor.py:183} INFO - Processing /home/airflow/.local/lib/python3.12/site-packages/airflow/example_dags/tutorial.py took 0.067 seconds
[2024-07-22T12:29:26.953+0000] {processor.py:161} INFO - Started process (PID=1644) to work on /home/airflow/.local/lib/python3.12/site-packages/airflow/example_dags/tutorial.py
[2024-07-22T12:29:26.954+0000] {processor.py:830} INFO - Processing file /home/airflow/.local/lib/python3.12/site-packages/airflow/example_dags/tutorial.py for tasks to queue
[2024-07-22T12:29:26.955+0000] {logging_mixin.py:188} INFO - [2024-07-22T12:29:26.955+0000] {dagbag.py:545} INFO - Filling up the DagBag from /home/airflow/.local/lib/python3.12/site-packages/airflow/example_dags/tutorial.py
[2024-07-22T12:29:26.965+0000] {processor.py:840} INFO - DAG(s) 'tutorial' retrieved from /home/airflow/.local/lib/python3.12/site-packages/airflow/example_dags/tutorial.py
[2024-07-22T12:29:27.007+0000] {logging_mixin.py:188} INFO - [2024-07-22T12:29:27.006+0000] {dag.py:3089} INFO - Sync 1 DAGs
[2024-07-22T12:29:27.254+0000] {logging_mixin.py:188} INFO - [2024-07-22T12:29:27.252+0000] {dag.py:3947} INFO - Setting next_dagrun for tutorial to 2024-07-21 00:00:00+00:00, run_after=2024-07-22 00:00:00+00:00
[2024-07-22T12:29:27.298+0000] {processor.py:183} INFO - Processing /home/airflow/.local/lib/python3.12/site-packages/airflow/example_dags/tutorial.py took 0.354 seconds
[2024-07-22T12:29:58.573+0000] {processor.py:161} INFO - Started process (PID=1704) to work on /home/airflow/.local/lib/python3.12/site-packages/airflow/example_dags/tutorial.py
[2024-07-22T12:29:58.576+0000] {processor.py:830} INFO - Processing file /home/airflow/.local/lib/python3.12/site-packages/airflow/example_dags/tutorial.py for tasks to queue
[2024-07-22T12:29:58.578+0000] {logging_mixin.py:188} INFO - [2024-07-22T12:29:58.577+0000] {dagbag.py:545} INFO - Filling up the DagBag from /home/airflow/.local/lib/python3.12/site-packages/airflow/example_dags/tutorial.py
[2024-07-22T12:29:58.628+0000] {processor.py:840} INFO - DAG(s) 'tutorial' retrieved from /home/airflow/.local/lib/python3.12/site-packages/airflow/example_dags/tutorial.py
[2024-07-22T12:29:58.721+0000] {logging_mixin.py:188} INFO - [2024-07-22T12:29:58.720+0000] {dag.py:3089} INFO - Sync 1 DAGs
[2024-07-22T12:29:58.799+0000] {logging_mixin.py:188} INFO - [2024-07-22T12:29:58.799+0000] {dag.py:3947} INFO - Setting next_dagrun for tutorial to 2024-07-21 00:00:00+00:00, run_after=2024-07-22 00:00:00+00:00
[2024-07-22T12:29:58.898+0000] {processor.py:183} INFO - Processing /home/airflow/.local/lib/python3.12/site-packages/airflow/example_dags/tutorial.py took 0.354 seconds
[2024-07-22T12:30:30.736+0000] {processor.py:161} INFO - Started process (PID=1772) to work on /home/airflow/.local/lib/python3.12/site-packages/airflow/example_dags/tutorial.py
[2024-07-22T12:30:30.737+0000] {processor.py:830} INFO - Processing file /home/airflow/.local/lib/python3.12/site-packages/airflow/example_dags/tutorial.py for tasks to queue
[2024-07-22T12:30:30.742+0000] {logging_mixin.py:188} INFO - [2024-07-22T12:30:30.742+0000] {dagbag.py:545} INFO - Filling up the DagBag from /home/airflow/.local/lib/python3.12/site-packages/airflow/example_dags/tutorial.py
[2024-07-22T12:30:30.749+0000] {processor.py:840} INFO - DAG(s) 'tutorial' retrieved from /home/airflow/.local/lib/python3.12/site-packages/airflow/example_dags/tutorial.py
[2024-07-22T12:30:30.771+0000] {logging_mixin.py:188} INFO - [2024-07-22T12:30:30.771+0000] {dag.py:3089} INFO - Sync 1 DAGs
[2024-07-22T12:30:30.793+0000] {logging_mixin.py:188} INFO - [2024-07-22T12:30:30.793+0000] {dag.py:3947} INFO - Setting next_dagrun for tutorial to 2024-07-21 00:00:00+00:00, run_after=2024-07-22 00:00:00+00:00
[2024-07-22T12:30:30.807+0000] {processor.py:183} INFO - Processing /home/airflow/.local/lib/python3.12/site-packages/airflow/example_dags/tutorial.py took 0.077 seconds
[2024-07-22T12:31:01.994+0000] {processor.py:161} INFO - Started process (PID=1834) to work on /home/airflow/.local/lib/python3.12/site-packages/airflow/example_dags/tutorial.py
[2024-07-22T12:31:01.999+0000] {processor.py:830} INFO - Processing file /home/airflow/.local/lib/python3.12/site-packages/airflow/example_dags/tutorial.py for tasks to queue
[2024-07-22T12:31:02.001+0000] {logging_mixin.py:188} INFO - [2024-07-22T12:31:02.000+0000] {dagbag.py:545} INFO - Filling up the DagBag from /home/airflow/.local/lib/python3.12/site-packages/airflow/example_dags/tutorial.py
[2024-07-22T12:31:02.014+0000] {processor.py:840} INFO - DAG(s) 'tutorial' retrieved from /home/airflow/.local/lib/python3.12/site-packages/airflow/example_dags/tutorial.py
[2024-07-22T12:31:02.035+0000] {logging_mixin.py:188} INFO - [2024-07-22T12:31:02.035+0000] {dag.py:3089} INFO - Sync 1 DAGs
[2024-07-22T12:31:02.055+0000] {logging_mixin.py:188} INFO - [2024-07-22T12:31:02.055+0000] {dag.py:3947} INFO - Setting next_dagrun for tutorial to 2024-07-21 00:00:00+00:00, run_after=2024-07-22 00:00:00+00:00
[2024-07-22T12:31:02.069+0000] {processor.py:183} INFO - Processing /home/airflow/.local/lib/python3.12/site-packages/airflow/example_dags/tutorial.py took 0.085 seconds
[2024-07-22T12:31:32.819+0000] {processor.py:161} INFO - Started process (PID=1894) to work on /home/airflow/.local/lib/python3.12/site-packages/airflow/example_dags/tutorial.py
[2024-07-22T12:31:32.820+0000] {processor.py:830} INFO - Processing file /home/airflow/.local/lib/python3.12/site-packages/airflow/example_dags/tutorial.py for tasks to queue
[2024-07-22T12:31:32.821+0000] {logging_mixin.py:188} INFO - [2024-07-22T12:31:32.821+0000] {dagbag.py:545} INFO - Filling up the DagBag from /home/airflow/.local/lib/python3.12/site-packages/airflow/example_dags/tutorial.py
[2024-07-22T12:31:32.826+0000] {processor.py:840} INFO - DAG(s) 'tutorial' retrieved from /home/airflow/.local/lib/python3.12/site-packages/airflow/example_dags/tutorial.py
[2024-07-22T12:31:32.847+0000] {logging_mixin.py:188} INFO - [2024-07-22T12:31:32.847+0000] {dag.py:3089} INFO - Sync 1 DAGs
[2024-07-22T12:31:32.862+0000] {logging_mixin.py:188} INFO - [2024-07-22T12:31:32.862+0000] {dag.py:3947} INFO - Setting next_dagrun for tutorial to 2024-07-21 00:00:00+00:00, run_after=2024-07-22 00:00:00+00:00
[2024-07-22T12:31:32.874+0000] {processor.py:183} INFO - Processing /home/airflow/.local/lib/python3.12/site-packages/airflow/example_dags/tutorial.py took 0.059 seconds
[2024-07-22T12:32:03.342+0000] {processor.py:161} INFO - Started process (PID=1954) to work on /home/airflow/.local/lib/python3.12/site-packages/airflow/example_dags/tutorial.py
[2024-07-22T12:32:03.345+0000] {processor.py:830} INFO - Processing file /home/airflow/.local/lib/python3.12/site-packages/airflow/example_dags/tutorial.py for tasks to queue
[2024-07-22T12:32:03.348+0000] {logging_mixin.py:188} INFO - [2024-07-22T12:32:03.347+0000] {dagbag.py:545} INFO - Filling up the DagBag from /home/airflow/.local/lib/python3.12/site-packages/airflow/example_dags/tutorial.py
[2024-07-22T12:32:03.361+0000] {processor.py:840} INFO - DAG(s) 'tutorial' retrieved from /home/airflow/.local/lib/python3.12/site-packages/airflow/example_dags/tutorial.py
[2024-07-22T12:32:03.381+0000] {logging_mixin.py:188} INFO - [2024-07-22T12:32:03.381+0000] {dag.py:3089} INFO - Sync 1 DAGs
[2024-07-22T12:32:03.406+0000] {logging_mixin.py:188} INFO - [2024-07-22T12:32:03.406+0000] {dag.py:3947} INFO - Setting next_dagrun for tutorial to 2024-07-21 00:00:00+00:00, run_after=2024-07-22 00:00:00+00:00
[2024-07-22T12:32:03.443+0000] {processor.py:183} INFO - Processing /home/airflow/.local/lib/python3.12/site-packages/airflow/example_dags/tutorial.py took 0.118 seconds
[2024-07-22T12:32:38.341+0000] {processor.py:161} INFO - Started process (PID=2014) to work on /home/airflow/.local/lib/python3.12/site-packages/airflow/example_dags/tutorial.py
[2024-07-22T12:32:38.344+0000] {processor.py:830} INFO - Processing file /home/airflow/.local/lib/python3.12/site-packages/airflow/example_dags/tutorial.py for tasks to queue
[2024-07-22T12:32:38.347+0000] {logging_mixin.py:188} INFO - [2024-07-22T12:32:38.346+0000] {dagbag.py:545} INFO - Filling up the DagBag from /home/airflow/.local/lib/python3.12/site-packages/airflow/example_dags/tutorial.py
[2024-07-22T12:32:38.365+0000] {processor.py:840} INFO - DAG(s) 'tutorial' retrieved from /home/airflow/.local/lib/python3.12/site-packages/airflow/example_dags/tutorial.py
[2024-07-22T12:32:38.416+0000] {logging_mixin.py:188} INFO - [2024-07-22T12:32:38.415+0000] {dag.py:3089} INFO - Sync 1 DAGs
[2024-07-22T12:32:38.481+0000] {logging_mixin.py:188} INFO - [2024-07-22T12:32:38.481+0000] {dag.py:3947} INFO - Setting next_dagrun for tutorial to 2024-07-21 00:00:00+00:00, run_after=2024-07-22 00:00:00+00:00
[2024-07-22T12:32:38.507+0000] {processor.py:183} INFO - Processing /home/airflow/.local/lib/python3.12/site-packages/airflow/example_dags/tutorial.py took 0.185 seconds
[2024-07-22T12:33:46.254+0000] {processor.py:161} INFO - Started process (PID=2089) to work on /home/airflow/.local/lib/python3.12/site-packages/airflow/example_dags/tutorial.py
[2024-07-22T12:33:46.260+0000] {processor.py:830} INFO - Processing file /home/airflow/.local/lib/python3.12/site-packages/airflow/example_dags/tutorial.py for tasks to queue
[2024-07-22T12:33:46.267+0000] {logging_mixin.py:188} INFO - [2024-07-22T12:33:46.263+0000] {dagbag.py:545} INFO - Filling up the DagBag from /home/airflow/.local/lib/python3.12/site-packages/airflow/example_dags/tutorial.py
[2024-07-22T12:33:46.340+0000] {processor.py:840} INFO - DAG(s) 'tutorial' retrieved from /home/airflow/.local/lib/python3.12/site-packages/airflow/example_dags/tutorial.py
[2024-07-22T12:33:46.629+0000] {logging_mixin.py:188} INFO - [2024-07-22T12:33:46.627+0000] {dag.py:3089} INFO - Sync 1 DAGs
[2024-07-22T12:33:46.903+0000] {logging_mixin.py:188} INFO - [2024-07-22T12:33:46.901+0000] {dag.py:3947} INFO - Setting next_dagrun for tutorial to 2024-07-21 00:00:00+00:00, run_after=2024-07-22 00:00:00+00:00
[2024-07-22T12:33:47.185+0000] {processor.py:183} INFO - Processing /home/airflow/.local/lib/python3.12/site-packages/airflow/example_dags/tutorial.py took 0.994 seconds
[2024-07-22T12:34:49.331+0000] {processor.py:161} INFO - Started process (PID=2147) to work on /home/airflow/.local/lib/python3.12/site-packages/airflow/example_dags/tutorial.py
[2024-07-22T12:34:49.339+0000] {processor.py:830} INFO - Processing file /home/airflow/.local/lib/python3.12/site-packages/airflow/example_dags/tutorial.py for tasks to queue
[2024-07-22T12:34:49.345+0000] {logging_mixin.py:188} INFO - [2024-07-22T12:34:49.344+0000] {dagbag.py:545} INFO - Filling up the DagBag from /home/airflow/.local/lib/python3.12/site-packages/airflow/example_dags/tutorial.py
[2024-07-22T12:34:49.379+0000] {processor.py:840} INFO - DAG(s) 'tutorial' retrieved from /home/airflow/.local/lib/python3.12/site-packages/airflow/example_dags/tutorial.py
[2024-07-22T12:34:49.479+0000] {logging_mixin.py:188} INFO - [2024-07-22T12:34:49.478+0000] {dag.py:3089} INFO - Sync 1 DAGs
[2024-07-22T12:34:49.645+0000] {logging_mixin.py:188} INFO - [2024-07-22T12:34:49.644+0000] {dag.py:3947} INFO - Setting next_dagrun for tutorial to 2024-07-21 00:00:00+00:00, run_after=2024-07-22 00:00:00+00:00
[2024-07-22T12:34:49.762+0000] {processor.py:183} INFO - Processing /home/airflow/.local/lib/python3.12/site-packages/airflow/example_dags/tutorial.py took 0.444 seconds
[2024-07-22T12:35:20.269+0000] {processor.py:161} INFO - Started process (PID=2207) to work on /home/airflow/.local/lib/python3.12/site-packages/airflow/example_dags/tutorial.py
[2024-07-22T12:35:20.270+0000] {processor.py:830} INFO - Processing file /home/airflow/.local/lib/python3.12/site-packages/airflow/example_dags/tutorial.py for tasks to queue
[2024-07-22T12:35:20.270+0000] {logging_mixin.py:188} INFO - [2024-07-22T12:35:20.270+0000] {dagbag.py:545} INFO - Filling up the DagBag from /home/airflow/.local/lib/python3.12/site-packages/airflow/example_dags/tutorial.py
[2024-07-22T12:35:20.283+0000] {processor.py:840} INFO - DAG(s) 'tutorial' retrieved from /home/airflow/.local/lib/python3.12/site-packages/airflow/example_dags/tutorial.py
[2024-07-22T12:35:20.320+0000] {logging_mixin.py:188} INFO - [2024-07-22T12:35:20.319+0000] {dag.py:3089} INFO - Sync 1 DAGs
[2024-07-22T12:35:20.344+0000] {logging_mixin.py:188} INFO - [2024-07-22T12:35:20.344+0000] {dag.py:3947} INFO - Setting next_dagrun for tutorial to 2024-07-21 00:00:00+00:00, run_after=2024-07-22 00:00:00+00:00
[2024-07-22T12:35:20.359+0000] {processor.py:183} INFO - Processing /home/airflow/.local/lib/python3.12/site-packages/airflow/example_dags/tutorial.py took 0.099 seconds
[2024-07-22T12:35:52.355+0000] {processor.py:161} INFO - Started process (PID=2267) to work on /home/airflow/.local/lib/python3.12/site-packages/airflow/example_dags/tutorial.py
[2024-07-22T12:35:52.356+0000] {processor.py:830} INFO - Processing file /home/airflow/.local/lib/python3.12/site-packages/airflow/example_dags/tutorial.py for tasks to queue
[2024-07-22T12:35:52.357+0000] {logging_mixin.py:188} INFO - [2024-07-22T12:35:52.356+0000] {dagbag.py:545} INFO - Filling up the DagBag from /home/airflow/.local/lib/python3.12/site-packages/airflow/example_dags/tutorial.py
[2024-07-22T12:35:52.364+0000] {processor.py:840} INFO - DAG(s) 'tutorial' retrieved from /home/airflow/.local/lib/python3.12/site-packages/airflow/example_dags/tutorial.py
[2024-07-22T12:35:52.383+0000] {logging_mixin.py:188} INFO - [2024-07-22T12:35:52.382+0000] {dag.py:3089} INFO - Sync 1 DAGs
[2024-07-22T12:35:52.401+0000] {logging_mixin.py:188} INFO - [2024-07-22T12:35:52.400+0000] {dag.py:3947} INFO - Setting next_dagrun for tutorial to 2024-07-21 00:00:00+00:00, run_after=2024-07-22 00:00:00+00:00
[2024-07-22T12:35:52.414+0000] {processor.py:183} INFO - Processing /home/airflow/.local/lib/python3.12/site-packages/airflow/example_dags/tutorial.py took 0.065 seconds
[2024-07-22T12:36:23.347+0000] {processor.py:161} INFO - Started process (PID=2327) to work on /home/airflow/.local/lib/python3.12/site-packages/airflow/example_dags/tutorial.py
[2024-07-22T12:36:23.350+0000] {processor.py:830} INFO - Processing file /home/airflow/.local/lib/python3.12/site-packages/airflow/example_dags/tutorial.py for tasks to queue
[2024-07-22T12:36:23.351+0000] {logging_mixin.py:188} INFO - [2024-07-22T12:36:23.351+0000] {dagbag.py:545} INFO - Filling up the DagBag from /home/airflow/.local/lib/python3.12/site-packages/airflow/example_dags/tutorial.py
[2024-07-22T12:36:23.368+0000] {processor.py:840} INFO - DAG(s) 'tutorial' retrieved from /home/airflow/.local/lib/python3.12/site-packages/airflow/example_dags/tutorial.py
[2024-07-22T12:36:23.412+0000] {logging_mixin.py:188} INFO - [2024-07-22T12:36:23.411+0000] {dag.py:3089} INFO - Sync 1 DAGs
[2024-07-22T12:36:23.471+0000] {logging_mixin.py:188} INFO - [2024-07-22T12:36:23.471+0000] {dag.py:3947} INFO - Setting next_dagrun for tutorial to 2024-07-21 00:00:00+00:00, run_after=2024-07-22 00:00:00+00:00
[2024-07-22T12:36:23.506+0000] {processor.py:183} INFO - Processing /home/airflow/.local/lib/python3.12/site-packages/airflow/example_dags/tutorial.py took 0.166 seconds
[2024-07-22T12:36:54.648+0000] {processor.py:161} INFO - Started process (PID=2387) to work on /home/airflow/.local/lib/python3.12/site-packages/airflow/example_dags/tutorial.py
[2024-07-22T12:36:54.655+0000] {processor.py:830} INFO - Processing file /home/airflow/.local/lib/python3.12/site-packages/airflow/example_dags/tutorial.py for tasks to queue
[2024-07-22T12:36:54.661+0000] {logging_mixin.py:188} INFO - [2024-07-22T12:36:54.660+0000] {dagbag.py:545} INFO - Filling up the DagBag from /home/airflow/.local/lib/python3.12/site-packages/airflow/example_dags/tutorial.py
[2024-07-22T12:36:54.735+0000] {processor.py:840} INFO - DAG(s) 'tutorial' retrieved from /home/airflow/.local/lib/python3.12/site-packages/airflow/example_dags/tutorial.py
[2024-07-22T12:36:54.884+0000] {logging_mixin.py:188} INFO - [2024-07-22T12:36:54.883+0000] {dag.py:3089} INFO - Sync 1 DAGs
[2024-07-22T12:36:55.049+0000] {logging_mixin.py:188} INFO - [2024-07-22T12:36:55.049+0000] {dag.py:3947} INFO - Setting next_dagrun for tutorial to 2024-07-21 00:00:00+00:00, run_after=2024-07-22 00:00:00+00:00
[2024-07-22T12:36:55.111+0000] {processor.py:183} INFO - Processing /home/airflow/.local/lib/python3.12/site-packages/airflow/example_dags/tutorial.py took 0.543 seconds
[2024-07-22T12:37:25.316+0000] {processor.py:161} INFO - Started process (PID=2447) to work on /home/airflow/.local/lib/python3.12/site-packages/airflow/example_dags/tutorial.py
[2024-07-22T12:37:25.317+0000] {processor.py:830} INFO - Processing file /home/airflow/.local/lib/python3.12/site-packages/airflow/example_dags/tutorial.py for tasks to queue
[2024-07-22T12:37:25.318+0000] {logging_mixin.py:188} INFO - [2024-07-22T12:37:25.318+0000] {dagbag.py:545} INFO - Filling up the DagBag from /home/airflow/.local/lib/python3.12/site-packages/airflow/example_dags/tutorial.py
[2024-07-22T12:37:25.326+0000] {processor.py:840} INFO - DAG(s) 'tutorial' retrieved from /home/airflow/.local/lib/python3.12/site-packages/airflow/example_dags/tutorial.py
[2024-07-22T12:37:25.356+0000] {logging_mixin.py:188} INFO - [2024-07-22T12:37:25.356+0000] {dag.py:3089} INFO - Sync 1 DAGs
[2024-07-22T12:37:25.383+0000] {logging_mixin.py:188} INFO - [2024-07-22T12:37:25.383+0000] {dag.py:3947} INFO - Setting next_dagrun for tutorial to 2024-07-21 00:00:00+00:00, run_after=2024-07-22 00:00:00+00:00
[2024-07-22T12:37:25.407+0000] {processor.py:183} INFO - Processing /home/airflow/.local/lib/python3.12/site-packages/airflow/example_dags/tutorial.py took 0.098 seconds
[2024-07-22T12:37:56.234+0000] {processor.py:161} INFO - Started process (PID=2506) to work on /home/airflow/.local/lib/python3.12/site-packages/airflow/example_dags/tutorial.py
[2024-07-22T12:37:56.237+0000] {processor.py:830} INFO - Processing file /home/airflow/.local/lib/python3.12/site-packages/airflow/example_dags/tutorial.py for tasks to queue
[2024-07-22T12:37:56.238+0000] {logging_mixin.py:188} INFO - [2024-07-22T12:37:56.238+0000] {dagbag.py:545} INFO - Filling up the DagBag from /home/airflow/.local/lib/python3.12/site-packages/airflow/example_dags/tutorial.py
[2024-07-22T12:37:56.254+0000] {processor.py:840} INFO - DAG(s) 'tutorial' retrieved from /home/airflow/.local/lib/python3.12/site-packages/airflow/example_dags/tutorial.py
[2024-07-22T12:37:56.305+0000] {logging_mixin.py:188} INFO - [2024-07-22T12:37:56.304+0000] {dag.py:3089} INFO - Sync 1 DAGs
[2024-07-22T12:37:56.336+0000] {logging_mixin.py:188} INFO - [2024-07-22T12:37:56.336+0000] {dag.py:3947} INFO - Setting next_dagrun for tutorial to 2024-07-21 00:00:00+00:00, run_after=2024-07-22 00:00:00+00:00
[2024-07-22T12:37:56.368+0000] {processor.py:183} INFO - Processing /home/airflow/.local/lib/python3.12/site-packages/airflow/example_dags/tutorial.py took 0.144 seconds
[2024-07-22T12:38:47.893+0000] {processor.py:161} INFO - Started process (PID=2571) to work on /home/airflow/.local/lib/python3.12/site-packages/airflow/example_dags/tutorial.py
[2024-07-22T12:38:47.897+0000] {processor.py:830} INFO - Processing file /home/airflow/.local/lib/python3.12/site-packages/airflow/example_dags/tutorial.py for tasks to queue
[2024-07-22T12:38:47.900+0000] {logging_mixin.py:188} INFO - [2024-07-22T12:38:47.899+0000] {dagbag.py:545} INFO - Filling up the DagBag from /home/airflow/.local/lib/python3.12/site-packages/airflow/example_dags/tutorial.py
[2024-07-22T12:38:47.931+0000] {processor.py:840} INFO - DAG(s) 'tutorial' retrieved from /home/airflow/.local/lib/python3.12/site-packages/airflow/example_dags/tutorial.py
[2024-07-22T12:38:48.043+0000] {logging_mixin.py:188} INFO - [2024-07-22T12:38:48.042+0000] {dag.py:3089} INFO - Sync 1 DAGs
[2024-07-22T12:38:48.128+0000] {logging_mixin.py:188} INFO - [2024-07-22T12:38:48.127+0000] {dag.py:3947} INFO - Setting next_dagrun for tutorial to 2024-07-21 00:00:00+00:00, run_after=2024-07-22 00:00:00+00:00
[2024-07-22T12:38:48.182+0000] {processor.py:183} INFO - Processing /home/airflow/.local/lib/python3.12/site-packages/airflow/example_dags/tutorial.py took 0.313 seconds
[2024-07-22T12:39:18.268+0000] {processor.py:161} INFO - Started process (PID=2631) to work on /home/airflow/.local/lib/python3.12/site-packages/airflow/example_dags/tutorial.py
[2024-07-22T12:39:18.269+0000] {processor.py:830} INFO - Processing file /home/airflow/.local/lib/python3.12/site-packages/airflow/example_dags/tutorial.py for tasks to queue
[2024-07-22T12:39:18.270+0000] {logging_mixin.py:188} INFO - [2024-07-22T12:39:18.269+0000] {dagbag.py:545} INFO - Filling up the DagBag from /home/airflow/.local/lib/python3.12/site-packages/airflow/example_dags/tutorial.py
[2024-07-22T12:39:18.275+0000] {processor.py:840} INFO - DAG(s) 'tutorial' retrieved from /home/airflow/.local/lib/python3.12/site-packages/airflow/example_dags/tutorial.py
[2024-07-22T12:39:18.290+0000] {logging_mixin.py:188} INFO - [2024-07-22T12:39:18.290+0000] {dag.py:3089} INFO - Sync 1 DAGs
[2024-07-22T12:39:18.316+0000] {logging_mixin.py:188} INFO - [2024-07-22T12:39:18.316+0000] {dag.py:3947} INFO - Setting next_dagrun for tutorial to 2024-07-21 00:00:00+00:00, run_after=2024-07-22 00:00:00+00:00
[2024-07-22T12:39:18.330+0000] {processor.py:183} INFO - Processing /home/airflow/.local/lib/python3.12/site-packages/airflow/example_dags/tutorial.py took 0.067 seconds
[2024-07-22T12:45:26.361+0000] {processor.py:161} INFO - Started process (PID=2734) to work on /home/airflow/.local/lib/python3.12/site-packages/airflow/example_dags/tutorial.py
[2024-07-22T12:45:26.380+0000] {processor.py:830} INFO - Processing file /home/airflow/.local/lib/python3.12/site-packages/airflow/example_dags/tutorial.py for tasks to queue
[2024-07-22T12:45:26.429+0000] {logging_mixin.py:188} INFO - [2024-07-22T12:45:26.390+0000] {dagbag.py:545} INFO - Filling up the DagBag from /home/airflow/.local/lib/python3.12/site-packages/airflow/example_dags/tutorial.py
[2024-07-22T12:45:26.545+0000] {processor.py:840} INFO - DAG(s) 'tutorial' retrieved from /home/airflow/.local/lib/python3.12/site-packages/airflow/example_dags/tutorial.py
[2024-07-22T12:45:27.472+0000] {logging_mixin.py:188} INFO - [2024-07-22T12:45:27.460+0000] {dag.py:3089} INFO - Sync 1 DAGs
[2024-07-22T12:45:28.512+0000] {logging_mixin.py:188} INFO - [2024-07-22T12:45:28.421+0000] {dag.py:3947} INFO - Setting next_dagrun for tutorial to 2024-07-21 00:00:00+00:00, run_after=2024-07-22 00:00:00+00:00
[2024-07-22T12:45:29.753+0000] {processor.py:183} INFO - Processing /home/airflow/.local/lib/python3.12/site-packages/airflow/example_dags/tutorial.py took 3.476 seconds
[2024-07-22T13:01:03.049+0000] {processor.py:161} INFO - Started process (PID=2909) to work on /home/airflow/.local/lib/python3.12/site-packages/airflow/example_dags/tutorial.py
[2024-07-22T13:01:03.460+0000] {processor.py:830} INFO - Processing file /home/airflow/.local/lib/python3.12/site-packages/airflow/example_dags/tutorial.py for tasks to queue
[2024-07-22T13:01:05.140+0000] {logging_mixin.py:188} INFO - [2024-07-22T13:01:04.327+0000] {dagbag.py:545} INFO - Filling up the DagBag from /home/airflow/.local/lib/python3.12/site-packages/airflow/example_dags/tutorial.py
