[2024-07-22T12:41:30.380+0000] {local_task_job_runner.py:120} INFO - ::group::Pre task execution logs
[2024-07-22T12:41:33.256+0000] {taskinstance.py:2076} INFO - Dependencies all met for dep_context=non-requeueable deps ti=<TaskInstance: fetch_and_store_amazon_books.insert_book_data manual__2024-07-22T12:33:00.491009+00:00 [queued]>
[2024-07-22T12:41:34.055+0000] {taskinstance.py:2076} INFO - Dependencies all met for dep_context=requeueable deps ti=<TaskInstance: fetch_and_store_amazon_books.insert_book_data manual__2024-07-22T12:33:00.491009+00:00 [queued]>
[2024-07-22T12:41:34.172+0000] {taskinstance.py:2306} INFO - Starting attempt 1 of 2
[2024-07-22T12:41:35.226+0000] {taskinstance.py:2330} INFO - Executing <Task(PythonOperator): insert_book_data> on 2024-07-22 12:33:00.491009+00:00
[2024-07-22T12:41:35.596+0000] {warnings.py:112} WARNING - /home/***/.local/lib/python3.12/site-packages/***/task/task_runner/standard_task_runner.py:62: DeprecationWarning: This process (pid=386) is multi-threaded, use of fork() may lead to deadlocks in the child.
  pid = os.fork()

[2024-07-22T12:41:35.621+0000] {standard_task_runner.py:64} INFO - Started process 401 to run task
[2024-07-22T12:41:35.672+0000] {standard_task_runner.py:90} INFO - Running: ['***', 'tasks', 'run', 'fetch_and_store_amazon_books', 'insert_book_data', 'manual__2024-07-22T12:33:00.491009+00:00', '--job-id', '10', '--raw', '--subdir', 'DAGS_FOLDER/dag.py', '--cfg-path', '/tmp/tmpyq01jz8m']
[2024-07-22T12:41:35.690+0000] {standard_task_runner.py:91} INFO - Job 10: Subtask insert_book_data
[2024-07-22T12:41:40.201+0000] {task_command.py:426} INFO - Running <TaskInstance: fetch_and_store_amazon_books.insert_book_data manual__2024-07-22T12:33:00.491009+00:00 [running]> on host d3b217dd6db7
[2024-07-22T12:41:45.556+0000] {taskinstance.py:2648} INFO - Exporting env vars: AIRFLOW_CTX_DAG_OWNER='***' AIRFLOW_CTX_DAG_ID='fetch_and_store_amazon_books' AIRFLOW_CTX_TASK_ID='insert_book_data' AIRFLOW_CTX_EXECUTION_DATE='2024-07-22T12:33:00.491009+00:00' AIRFLOW_CTX_TRY_NUMBER='1' AIRFLOW_CTX_DAG_RUN_ID='manual__2024-07-22T12:33:00.491009+00:00'
[2024-07-22T12:41:45.592+0000] {taskinstance.py:430} INFO - ::endgroup::
[2024-07-22T12:41:48.262+0000] {base.py:84} INFO - Using connection ID 'books_connection' for task execution.
[2024-07-22T12:41:48.735+0000] {sql.py:495} INFO - Running statement: 
    INSERT INTO books (title, authors, price, rating)
    VALUES (%s, %s, %s, %s)
    , parameters: ('DATA ENGINEERING AND AI FOR BEGINNERS: Revolutionizing Data Processing and Analytics by Leveraging Artificial Intelligence for Efficient Input Collection, Storage, and Transformation (World of AI)', 'Paperback', '13.', '4.4 out of 5 stars')
[2024-07-22T12:41:48.813+0000] {sql.py:504} INFO - Rows affected: 1
[2024-07-22T12:41:49.419+0000] {base.py:84} INFO - Using connection ID 'books_connection' for task execution.
[2024-07-22T12:41:49.752+0000] {sql.py:495} INFO - Running statement: 
    INSERT INTO books (title, authors, price, rating)
    VALUES (%s, %s, %s, %s)
    , parameters: ('Ace the Data Engineering Interview: Questions and Answers for Python, SQL, Data Modeling and More', 'Sean Coyne', '24.', '4.2 out of 5 stars')
[2024-07-22T12:41:49.784+0000] {sql.py:504} INFO - Rows affected: 1
[2024-07-22T12:41:50.206+0000] {base.py:84} INFO - Using connection ID 'books_connection' for task execution.
[2024-07-22T12:41:50.328+0000] {sql.py:495} INFO - Running statement: 
    INSERT INTO books (title, authors, price, rating)
    VALUES (%s, %s, %s, %s)
    , parameters: ('Data Engineering with AWS - Second Edition: Acquire the skills to design and build AWS-based data transformation pipelines like a pro', 'Gareth Eagar', '41.', '4.4 out of 5 stars')
[2024-07-22T12:41:50.369+0000] {sql.py:504} INFO - Rows affected: 1
[2024-07-22T12:41:50.771+0000] {base.py:84} INFO - Using connection ID 'books_connection' for task execution.
[2024-07-22T12:41:51.543+0000] {sql.py:495} INFO - Running statement: 
    INSERT INTO books (title, authors, price, rating)
    VALUES (%s, %s, %s, %s)
    , parameters: ("Azure Data Factory Cookbook - Second Edition: A data engineer's guide to building and managing ETL and ELT pipelines with data integration", 'Dmitry Foshin', '52.', '4.5 out of 5 stars')
[2024-07-22T12:41:51.924+0000] {sql.py:504} INFO - Rows affected: 1
[2024-07-22T12:41:53.175+0000] {base.py:84} INFO - Using connection ID 'books_connection' for task execution.
[2024-07-22T12:41:54.622+0000] {sql.py:495} INFO - Running statement: 
    INSERT INTO books (title, authors, price, rating)
    VALUES (%s, %s, %s, %s)
    , parameters: ('Fundamentals of Data Engineering: Plan and Build Robust Data Systems', 'Joe Reis', '43.', '4.7 out of 5 stars')
[2024-07-22T12:41:54.747+0000] {sql.py:504} INFO - Rows affected: 1
[2024-07-22T12:41:55.042+0000] {base.py:84} INFO - Using connection ID 'books_connection' for task execution.
[2024-07-22T12:41:55.292+0000] {sql.py:495} INFO - Running statement: 
    INSERT INTO books (title, authors, price, rating)
    VALUES (%s, %s, %s, %s)
    , parameters: ('Designing Data-Intensive Applications: The Big Ideas Behind Reliable, Scalable, and Maintainable Systems', 'Martin Kleppmann', '48.', '4.8 out of 5 stars')
[2024-07-22T12:41:55.341+0000] {sql.py:504} INFO - Rows affected: 1
[2024-07-22T12:41:56.102+0000] {base.py:84} INFO - Using connection ID 'books_connection' for task execution.
[2024-07-22T12:41:56.822+0000] {sql.py:495} INFO - Running statement: 
    INSERT INTO books (title, authors, price, rating)
    VALUES (%s, %s, %s, %s)
    , parameters: ('Fundamentals of Data Analytics: Learn Essential Skills, Embrace the Future, and Catapult Your Career in the Data-Driven World—A Comprehensive Guide to Data Literacy for Beginners', 'Russell Dawson', '18.', '4.8 out of 5 stars')
[2024-07-22T12:41:56.903+0000] {sql.py:504} INFO - Rows affected: 1
[2024-07-22T12:41:57.320+0000] {base.py:84} INFO - Using connection ID 'books_connection' for task execution.
[2024-07-22T12:41:57.960+0000] {sql.py:495} INFO - Running statement: 
    INSERT INTO books (title, authors, price, rating)
    VALUES (%s, %s, %s, %s)
    , parameters: ('Data Engineering with Python: Work with massive datasets to design data models and automate data pipelines using Python', 'Paperback', '37.', '4.1 out of 5 stars')
[2024-07-22T12:41:58.500+0000] {sql.py:504} INFO - Rows affected: 1
[2024-07-22T12:42:00.717+0000] {base.py:84} INFO - Using connection ID 'books_connection' for task execution.
[2024-07-22T12:42:04.368+0000] {sql.py:495} INFO - Running statement: 
    INSERT INTO books (title, authors, price, rating)
    VALUES (%s, %s, %s, %s)
    , parameters: ('Cracking the Data Engineering Interview: Land your dream job with the help of resume-building tips, over 100 mock questions, and a unique portfolio', 'Kedeisha Bryan', '26.', '4.4 out of 5 stars')
[2024-07-22T12:42:10.416+0000] {sql.py:504} INFO - Rows affected: 1
[2024-07-22T12:42:35.783+0000] {base.py:84} INFO - Using connection ID 'books_connection' for task execution.
[2024-07-22T12:42:37.161+0000] {sql.py:495} INFO - Running statement: 
    INSERT INTO books (title, authors, price, rating)
    VALUES (%s, %s, %s, %s)
    , parameters: ('Data Pipelines Pocket Reference: Moving and Processing Data for Analytics', 'James Densmore', '17.', '4.5 out of 5 stars')
[2024-07-22T12:42:37.316+0000] {sql.py:504} INFO - Rows affected: 1
[2024-07-22T12:43:46.355+0000] {base.py:84} INFO - Using connection ID 'books_connection' for task execution.
[2024-07-22T12:43:47.931+0000] {sql.py:495} INFO - Running statement: 
    INSERT INTO books (title, authors, price, rating)
    VALUES (%s, %s, %s, %s)
    , parameters: ('Data Engineering with AWS: Learn how to design and build cloud-based data transformation pipelines using AWS', 'Gareth Eagar', '49.', '4.4 out of 5 stars')
[2024-07-22T12:43:48.503+0000] {sql.py:504} INFO - Rows affected: 1
[2024-07-22T12:43:49.749+0000] {base.py:84} INFO - Using connection ID 'books_connection' for task execution.
[2024-07-22T12:43:50.705+0000] {sql.py:495} INFO - Running statement: 
    INSERT INTO books (title, authors, price, rating)
    VALUES (%s, %s, %s, %s)
    , parameters: ('Data Engineering with dbt: A practical guide to building a cloud-based, pragmatic, and dependable data platform with SQL', 'Roberto Zagni', '37.', '4.6 out of 5 stars')
[2024-07-22T12:43:51.177+0000] {sql.py:504} INFO - Rows affected: 1
[2024-07-22T12:43:52.188+0000] {base.py:84} INFO - Using connection ID 'books_connection' for task execution.
[2024-07-22T12:43:52.485+0000] {sql.py:495} INFO - Running statement: 
    INSERT INTO books (title, authors, price, rating)
    VALUES (%s, %s, %s, %s)
    , parameters: ('Data Engineering with Python cookbook: Learn to build efficient data pipelines using the Modern Cloud Data Stack', 'Adithyan Ramanujakootam', '29.', '5.0 out of 5 stars')
[2024-07-22T12:43:52.507+0000] {sql.py:504} INFO - Rows affected: 1
[2024-07-22T12:43:52.688+0000] {base.py:84} INFO - Using connection ID 'books_connection' for task execution.
[2024-07-22T12:43:52.750+0000] {sql.py:495} INFO - Running statement: 
    INSERT INTO books (title, authors, price, rating)
    VALUES (%s, %s, %s, %s)
    , parameters: ('Storytelling with Data: A Data Visualization Guide for Business Professionals', 'Cole Nussbaumer Knaflic', '27.', '4.6 out of 5 stars')
[2024-07-22T12:43:52.760+0000] {sql.py:504} INFO - Rows affected: 1
[2024-07-22T12:43:52.901+0000] {base.py:84} INFO - Using connection ID 'books_connection' for task execution.
[2024-07-22T12:43:53.156+0000] {sql.py:495} INFO - Running statement: 
    INSERT INTO books (title, authors, price, rating)
    VALUES (%s, %s, %s, %s)
    , parameters: ('Software Engineering for Data Scientists: From Notebooks to Scalable Systems', 'Catherine Nelson', '52.', '4.3 out of 5 stars')
[2024-07-22T12:43:53.212+0000] {sql.py:504} INFO - Rows affected: 1
[2024-07-22T12:43:53.544+0000] {base.py:84} INFO - Using connection ID 'books_connection' for task execution.
[2024-07-22T12:43:53.793+0000] {sql.py:495} INFO - Running statement: 
    INSERT INTO books (title, authors, price, rating)
    VALUES (%s, %s, %s, %s)
    , parameters: ('The Data Governance Guidebook and Playbook: By a Practitioner for Practitioners', 'Paperback', '25.', '4.3 out of 5 stars')
[2024-07-22T12:43:53.814+0000] {sql.py:504} INFO - Rows affected: 1
[2024-07-22T12:43:54.263+0000] {base.py:84} INFO - Using connection ID 'books_connection' for task execution.
[2024-07-22T12:43:54.483+0000] {sql.py:495} INFO - Running statement: 
    INSERT INTO books (title, authors, price, rating)
    VALUES (%s, %s, %s, %s)
    , parameters: ('Data Governance Handbook: A practical approach to building trust in data', 'Paperback', '49.', '5.0 out of 5 stars')
[2024-07-22T12:43:54.509+0000] {sql.py:504} INFO - Rows affected: 1
[2024-07-22T12:43:54.638+0000] {base.py:84} INFO - Using connection ID 'books_connection' for task execution.
[2024-07-22T12:43:54.785+0000] {sql.py:495} INFO - Running statement: 
    INSERT INTO books (title, authors, price, rating)
    VALUES (%s, %s, %s, %s)
    , parameters: ('Data Engineering Fundamentals for Beginners: Mastering the Art of Building, Managing, and Scaling Data Systems', 'Paperback', '14.', '5.0 out of 5 stars')
[2024-07-22T12:43:54.831+0000] {sql.py:504} INFO - Rows affected: 1
[2024-07-22T12:43:55.268+0000] {base.py:84} INFO - Using connection ID 'books_connection' for task execution.
[2024-07-22T12:43:55.673+0000] {sql.py:495} INFO - Running statement: 
    INSERT INTO books (title, authors, price, rating)
    VALUES (%s, %s, %s, %s)
    , parameters: ('Data Engineering with Databricks Cookbook: Build effective data and AI solutions using Apache Spark, Databricks, and Delta Lake', 'Pulkit Chadha', '49.', '3.0 out of 5 stars')
[2024-07-22T12:43:55.729+0000] {sql.py:504} INFO - Rows affected: 1
[2024-07-22T12:43:56.320+0000] {base.py:84} INFO - Using connection ID 'books_connection' for task execution.
[2024-07-22T12:43:56.872+0000] {sql.py:495} INFO - Running statement: 
    INSERT INTO books (title, authors, price, rating)
    VALUES (%s, %s, %s, %s)
    , parameters: ('Azure Data Engineer Associate Certification Guide: Ace the DP-203 exam with advanced data engineering skills', 'Giacinto Palmieri', '49.', '4.6 out of 5 stars')
[2024-07-22T12:43:57.045+0000] {sql.py:504} INFO - Rows affected: 1
[2024-07-22T12:43:57.894+0000] {base.py:84} INFO - Using connection ID 'books_connection' for task execution.
[2024-07-22T12:43:58.153+0000] {sql.py:495} INFO - Running statement: 
    INSERT INTO books (title, authors, price, rating)
    VALUES (%s, %s, %s, %s)
    , parameters: ('Data-Driven Science and Engineering: Machine Learning, Dynamical Systems, and Control', 'Steven L. Brunton', '64.', '4.8 out of 5 stars')
[2024-07-22T12:43:58.242+0000] {sql.py:504} INFO - Rows affected: 1
[2024-07-22T12:43:59.569+0000] {base.py:84} INFO - Using connection ID 'books_connection' for task execution.
[2024-07-22T12:44:51.505+0000] {sql.py:495} INFO - Running statement: 
    INSERT INTO books (title, authors, price, rating)
    VALUES (%s, %s, %s, %s)
    , parameters: ('Data Engineering with Alteryx: Helping data engineers apply DataOps practices with Alteryx', 'Paul Houghton', '46.', '4.3 out of 5 stars')
[2024-07-22T12:44:52.137+0000] {sql.py:504} INFO - Rows affected: 1
[2024-07-22T12:44:54.747+0000] {base.py:84} INFO - Using connection ID 'books_connection' for task execution.
[2024-07-22T12:45:21.120+0000] {sql.py:495} INFO - Running statement: 
    INSERT INTO books (title, authors, price, rating)
    VALUES (%s, %s, %s, %s)
    , parameters: ('Data Exploration and Preparation with BigQuery: A practical guide to cleaning, transforming, and analyzing data for business insights', 'Mike Kahn', '36.', '5.0 out of 5 stars')
[2024-07-22T12:45:21.521+0000] {sql.py:504} INFO - Rows affected: 1
[2024-07-22T12:45:23.265+0000] {base.py:84} INFO - Using connection ID 'books_connection' for task execution.
[2024-07-22T12:45:24.413+0000] {sql.py:495} INFO - Running statement: 
    INSERT INTO books (title, authors, price, rating)
    VALUES (%s, %s, %s, %s)
    , parameters: ("Data: Principles To Practice - Volume 1 'Foundations': Essential Foundations: Key Concepts behind Data Architecture, Engineering and Analysis for Professionals", 'Paperback', '11.', '4.7 out of 5 stars')
[2024-07-22T12:45:24.667+0000] {sql.py:504} INFO - Rows affected: 1
[2024-07-22T12:45:26.314+0000] {base.py:84} INFO - Using connection ID 'books_connection' for task execution.
[2024-07-22T12:45:26.857+0000] {sql.py:495} INFO - Running statement: 
    INSERT INTO books (title, authors, price, rating)
    VALUES (%s, %s, %s, %s)
    , parameters: ('97 Things Every Data Engineer Should Know: Collective Wisdom from the Experts', 'Tobias Macey', '28.', '4.1 out of 5 stars')
[2024-07-22T12:45:26.940+0000] {sql.py:504} INFO - Rows affected: 1
[2024-07-22T12:45:27.838+0000] {base.py:84} INFO - Using connection ID 'books_connection' for task execution.
[2024-07-22T12:45:29.185+0000] {sql.py:495} INFO - Running statement: 
    INSERT INTO books (title, authors, price, rating)
    VALUES (%s, %s, %s, %s)
    , parameters: ('Data Engineering with Google Cloud Platform - Second Edition: A guide to leveling up as a data engineer by building a scalable data platform with Google Cloud', 'Adi Wijaya', '41.', '5.0 out of 5 stars')
[2024-07-22T12:45:29.347+0000] {sql.py:504} INFO - Rows affected: 1
[2024-07-22T12:45:30.719+0000] {base.py:84} INFO - Using connection ID 'books_connection' for task execution.
[2024-07-22T12:45:31.240+0000] {sql.py:495} INFO - Running statement: 
    INSERT INTO books (title, authors, price, rating)
    VALUES (%s, %s, %s, %s)
    , parameters: ('Ace the Data Science Interview: 201 Real Interview Questions Asked By FAANG, Tech Startups, & Wall Street', 'Nick Singh', '42.', '4.5 out of 5 stars')
[2024-07-22T12:45:31.368+0000] {sql.py:504} INFO - Rows affected: 1
[2024-07-22T12:45:32.296+0000] {base.py:84} INFO - Using connection ID 'books_connection' for task execution.
[2024-07-22T12:45:33.052+0000] {sql.py:495} INFO - Running statement: 
    INSERT INTO books (title, authors, price, rating)
    VALUES (%s, %s, %s, %s)
    , parameters: ("Applied Machine Learning and AI for Engineers: Solve Business Problems That Can't Be Solved Algorithmically", 'Jeff Prosise', '55.', '4.5 out of 5 stars')
[2024-07-22T12:45:33.175+0000] {sql.py:504} INFO - Rows affected: 1
[2024-07-22T12:45:34.075+0000] {base.py:84} INFO - Using connection ID 'books_connection' for task execution.
[2024-07-22T12:45:34.696+0000] {sql.py:495} INFO - Running statement: 
    INSERT INTO books (title, authors, price, rating)
    VALUES (%s, %s, %s, %s)
    , parameters: ('Data Engineering with Apache Spark, Delta Lake, and Lakehouse: Create scalable pipelines that ingest, curate, and aggregate complex data in a timely and secure way', 'Manoj Kukreja', '48.', '3.9 out of 5 stars')
[2024-07-22T12:45:34.807+0000] {sql.py:504} INFO - Rows affected: 1
[2024-07-22T12:45:36.345+0000] {base.py:84} INFO - Using connection ID 'books_connection' for task execution.
[2024-07-22T12:45:38.358+0000] {sql.py:495} INFO - Running statement: 
    INSERT INTO books (title, authors, price, rating)
    VALUES (%s, %s, %s, %s)
    , parameters: ('Data Engineering with Google Cloud Platform: A practical guide to operationalizing scalable data analytics systems on GCP', 'Adi Wijaya', '41.', '4.7 out of 5 stars')
[2024-07-22T12:45:39.681+0000] {sql.py:504} INFO - Rows affected: 1
[2024-07-22T12:46:17.663+0000] {base.py:84} INFO - Using connection ID 'books_connection' for task execution.
[2024-07-22T12:46:19.392+0000] {sql.py:495} INFO - Running statement: 
    INSERT INTO books (title, authors, price, rating)
    VALUES (%s, %s, %s, %s)
    , parameters: ('The Enterprise Data Catalog: Improve Data Discovery, Ensure Data Governance, and Enable Innovation', 'Ole Olesen-Bagneux', '31.', '4.4 out of 5 stars')
[2024-07-22T12:46:19.554+0000] {sql.py:504} INFO - Rows affected: 1
[2024-07-22T12:46:22.359+0000] {base.py:84} INFO - Using connection ID 'books_connection' for task execution.
[2024-07-22T12:46:23.528+0000] {sql.py:495} INFO - Running statement: 
    INSERT INTO books (title, authors, price, rating)
    VALUES (%s, %s, %s, %s)
    , parameters: ('Concepts of Generative AI and Data Engineering: Vital Concepts in Data Engineering and the World of Generative AI', 'Kindle', '0.', '5.0 out of 5 stars')
[2024-07-22T12:46:24.021+0000] {sql.py:504} INFO - Rows affected: 1
[2024-07-22T12:46:25.645+0000] {base.py:84} INFO - Using connection ID 'books_connection' for task execution.
[2024-07-22T12:46:26.221+0000] {sql.py:495} INFO - Running statement: 
    INSERT INTO books (title, authors, price, rating)
    VALUES (%s, %s, %s, %s)
    , parameters: ('Data Engineering with Databricks', 'Paperback', '25.', '3.2 out of 5 stars')
[2024-07-22T12:46:26.279+0000] {sql.py:504} INFO - Rows affected: 1
[2024-07-22T12:46:29.486+0000] {base.py:84} INFO - Using connection ID 'books_connection' for task execution.
[2024-07-22T12:46:32.736+0000] {sql.py:495} INFO - Running statement: 
    INSERT INTO books (title, authors, price, rating)
    VALUES (%s, %s, %s, %s)
    , parameters: ('Machine Learning Engineering', 'Andriy Burkov', '39.', '4.7 out of 5 stars')
[2024-07-22T12:46:33.017+0000] {sql.py:504} INFO - Rows affected: 1
[2024-07-22T12:46:35.826+0000] {base.py:84} INFO - Using connection ID 'books_connection' for task execution.
[2024-07-22T12:46:37.177+0000] {sql.py:495} INFO - Running statement: 
    INSERT INTO books (title, authors, price, rating)
    VALUES (%s, %s, %s, %s)
    , parameters: ('Data Mesh: Delivering Data-Driven Value at Scale', 'Zhamak Dehghani', '43.', '4.5 out of 5 stars')
[2024-07-22T12:46:37.609+0000] {sql.py:504} INFO - Rows affected: 1
[2024-07-22T12:46:41.052+0000] {base.py:84} INFO - Using connection ID 'books_connection' for task execution.
[2024-07-22T12:46:42.444+0000] {sql.py:495} INFO - Running statement: 
    INSERT INTO books (title, authors, price, rating)
    VALUES (%s, %s, %s, %s)
    , parameters: ('Modeling and Simulation in Python: An Introduction for Scientists and Engineers', 'Paperback', '29.', '4.5 out of 5 stars')
[2024-07-22T12:46:42.733+0000] {sql.py:504} INFO - Rows affected: 1
[2024-07-22T12:46:46.688+0000] {base.py:84} INFO - Using connection ID 'books_connection' for task execution.
[2024-07-22T12:46:47.855+0000] {sql.py:495} INFO - Running statement: 
    INSERT INTO books (title, authors, price, rating)
    VALUES (%s, %s, %s, %s)
    , parameters: ('Data Modeling with Snowflake: A practical guide to accelerating Snowflake development using universal data modeling techniques', 'Serge Gershkovich', '36.', '4.8 out of 5 stars')
[2024-07-22T12:46:48.257+0000] {sql.py:504} INFO - Rows affected: 1
[2024-07-22T12:46:50.453+0000] {base.py:84} INFO - Using connection ID 'books_connection' for task execution.
[2024-07-22T12:46:50.847+0000] {sql.py:495} INFO - Running statement: 
    INSERT INTO books (title, authors, price, rating)
    VALUES (%s, %s, %s, %s)
    , parameters: ('Ultimate Data Engineering with Databricks', 'Mayank Malhotra', '18.', '3.8 out of 5 stars')
[2024-07-22T12:46:51.629+0000] {sql.py:504} INFO - Rows affected: 1
[2024-07-22T12:46:55.463+0000] {base.py:84} INFO - Using connection ID 'books_connection' for task execution.
[2024-07-22T12:46:57.977+0000] {sql.py:495} INFO - Running statement: 
    INSERT INTO books (title, authors, price, rating)
    VALUES (%s, %s, %s, %s)
    , parameters: ('Engineers Survival Guide: Advice, tactics, and tricks After a decade of working at Facebook, Snapchat, and Microsoft', 'Merih Taze', '29.', '4.4 out of 5 stars')
[2024-07-22T12:46:58.998+0000] {sql.py:504} INFO - Rows affected: 1
[2024-07-22T12:47:03.689+0000] {base.py:84} INFO - Using connection ID 'books_connection' for task execution.
[2024-07-22T12:47:05.434+0000] {sql.py:495} INFO - Running statement: 
    INSERT INTO books (title, authors, price, rating)
    VALUES (%s, %s, %s, %s)
    , parameters: ('Python Programming and SQL: 5 books in 1 - The #1 Coding Course from Beginner to Advanced. Learn it Well & Fast (2024) (Computer Programming)', 'Paperback', '29.', '4.3 out of 5 stars')
[2024-07-22T12:47:12.134+0000] {sql.py:504} INFO - Rows affected: 1
[2024-07-22T12:47:14.695+0000] {base.py:84} INFO - Using connection ID 'books_connection' for task execution.
[2024-07-22T12:47:16.007+0000] {sql.py:495} INFO - Running statement: 
    INSERT INTO books (title, authors, price, rating)
    VALUES (%s, %s, %s, %s)
    , parameters: ("Data Quality Fundamentals: A Practitioner's Guide to Building Trustworthy Data Pipelines", 'Paperback', '45.', '4.1 out of 5 stars')
[2024-07-22T12:47:16.328+0000] {sql.py:504} INFO - Rows affected: 1
[2024-07-22T12:47:18.293+0000] {base.py:84} INFO - Using connection ID 'books_connection' for task execution.
[2024-07-22T12:47:22.533+0000] {sql.py:495} INFO - Running statement: 
    INSERT INTO books (title, authors, price, rating)
    VALUES (%s, %s, %s, %s)
    , parameters: ('Data Stewardship: An Actionable Guide to Effective Data Management and Data Governance', 'Paperback', '46.', '4.7 out of 5 stars')
[2024-07-22T12:47:22.838+0000] {sql.py:504} INFO - Rows affected: 1
[2024-07-22T12:47:27.751+0000] {base.py:84} INFO - Using connection ID 'books_connection' for task execution.
[2024-07-22T12:47:31.163+0000] {sql.py:495} INFO - Running statement: 
    INSERT INTO books (title, authors, price, rating)
    VALUES (%s, %s, %s, %s)
    , parameters: ('A Common-Sense Guide to Data Structures and Algorithms, Second Edition: Level Up Your Core Programming Skills', 'Jay Wengrow', '39.', '4.7 out of 5 stars')
[2024-07-22T12:47:31.552+0000] {sql.py:504} INFO - Rows affected: 1
[2024-07-22T12:47:34.275+0000] {base.py:84} INFO - Using connection ID 'books_connection' for task execution.
[2024-07-22T12:47:38.469+0000] {sql.py:495} INFO - Running statement: 
    INSERT INTO books (title, authors, price, rating)
    VALUES (%s, %s, %s, %s)
    , parameters: ('Architecting Data and Machine Learning Platforms: Enable Analytics and AI-Driven Innovation in the Cloud', 'Marco Tranquillin', '37.', '4.3 out of 5 stars')
[2024-07-22T12:47:39.009+0000] {sql.py:504} INFO - Rows affected: 1
[2024-07-22T12:47:41.557+0000] {base.py:84} INFO - Using connection ID 'books_connection' for task execution.
[2024-07-22T12:47:43.727+0000] {sql.py:495} INFO - Running statement: 
    INSERT INTO books (title, authors, price, rating)
    VALUES (%s, %s, %s, %s)
    , parameters: ('Azure Data Engineer Associate Certification Guide: A hands-on reference guide to developing your data engineering skills and preparing for the DP-203 exam', 'Newton Alex', '54.', '3.9 out of 5 stars')
[2024-07-22T12:47:43.931+0000] {sql.py:504} INFO - Rows affected: 1
[2024-07-22T12:47:52.534+0000] {base.py:84} INFO - Using connection ID 'books_connection' for task execution.
[2024-07-22T12:47:54.092+0000] {sql.py:495} INFO - Running statement: 
    INSERT INTO books (title, authors, price, rating)
    VALUES (%s, %s, %s, %s)
    , parameters: ('Data Science (The MIT Press Essential Knowledge series)', 'Paperback', '10.', '4.4 out of 5 stars')
[2024-07-22T12:47:56.696+0000] {sql.py:504} INFO - Rows affected: 1
[2024-07-22T12:48:03.346+0000] {base.py:84} INFO - Using connection ID 'books_connection' for task execution.
[2024-07-22T12:48:15.831+0000] {sql.py:495} INFO - Running statement: 
    INSERT INTO books (title, authors, price, rating)
    VALUES (%s, %s, %s, %s)
    , parameters: ('Designing Cloud Data Platforms', 'Danil Zburivsky', '43.', '4.7 out of 5 stars')
[2024-07-22T12:48:16.319+0000] {sql.py:504} INFO - Rows affected: 1
[2024-07-22T12:48:18.883+0000] {base.py:84} INFO - Using connection ID 'books_connection' for task execution.
[2024-07-22T12:48:20.568+0000] {sql.py:495} INFO - Running statement: 
    INSERT INTO books (title, authors, price, rating)
    VALUES (%s, %s, %s, %s)
    , parameters: ('Electrical engineering without prior knowledge: Understand the basics within 7 days (Become an Engineer Without Prior Knowledge)', 'Paperback', '17.', '4.4 out of 5 stars')
[2024-07-22T12:48:21.268+0000] {sql.py:504} INFO - Rows affected: 1
[2024-07-22T12:48:29.378+0000] {base.py:84} INFO - Using connection ID 'books_connection' for task execution.
[2024-07-22T12:48:31.208+0000] {sql.py:495} INFO - Running statement: 
    INSERT INTO books (title, authors, price, rating)
    VALUES (%s, %s, %s, %s)
    , parameters: ('Analytics Engineering with SQL and dbt: Building Meaningful Data Models at Scale', 'Helder Russa', '41.', '3.8 out of 5 stars')
[2024-07-22T12:48:31.667+0000] {sql.py:504} INFO - Rows affected: 1
[2024-07-22T12:48:34.711+0000] {base.py:84} INFO - Using connection ID 'books_connection' for task execution.
[2024-07-22T12:48:36.291+0000] {sql.py:495} INFO - Running statement: 
    INSERT INTO books (title, authors, price, rating)
    VALUES (%s, %s, %s, %s)
    , parameters: ('Data Science on AWS: Implementing End-to-End, Continuous AI and Machine Learning Pipelines', 'Chris Fregly', '28.', '4.5 out of 5 stars')
[2024-07-22T12:48:36.974+0000] {sql.py:504} INFO - Rows affected: 1
[2024-07-22T12:48:37.886+0000] {python.py:237} INFO - Done. Returned value was: None
[2024-07-22T12:48:38.857+0000] {taskinstance.py:441} INFO - ::group::Post task execution logs
[2024-07-22T12:48:58.244+0000] {taskinstance.py:1206} INFO - Marking task as SUCCESS. dag_id=fetch_and_store_amazon_books, task_id=insert_book_data, run_id=manual__2024-07-22T12:33:00.491009+00:00, execution_date=20240722T123300, start_date=20240722T124133, end_date=20240722T124858
[2024-07-22T12:49:04.976+0000] {local_task_job_runner.py:243} INFO - Task exited with return code 0
[2024-07-22T12:49:10.574+0000] {taskinstance.py:3503} INFO - 0 downstream tasks scheduled from follow-on schedule check
[2024-07-22T12:49:14.231+0000] {local_task_job_runner.py:222} INFO - ::endgroup::
