[2024-07-22T11:51:04.761+0000] {processor.py:161} INFO - Started process (PID=1316) to work on /opt/airflow/dags/dag.py
[2024-07-22T11:51:04.849+0000] {processor.py:830} INFO - Processing file /opt/airflow/dags/dag.py for tasks to queue
[2024-07-22T11:51:05.038+0000] {logging_mixin.py:188} INFO - [2024-07-22T11:51:04.955+0000] {dagbag.py:545} INFO - Filling up the DagBag from /opt/airflow/dags/dag.py
[2024-07-22T11:51:47.919+0000] {logging_mixin.py:188} INFO - [2024-07-22T11:51:47.894+0000] {timeout.py:68} ERROR - Process timed out, PID: 1316
[2024-07-22T11:51:47.925+0000] {logging_mixin.py:188} WARNING - Exception ignored in: <function WeakKeyDictionary.__init__.<locals>.remove at 0xffff98f02840>
[2024-07-22T11:51:47.950+0000] {logging_mixin.py:188} WARNING - Traceback (most recent call last):
[2024-07-22T11:51:47.955+0000] {logging_mixin.py:188} WARNING -   File "/usr/local/lib/python3.12/weakref.py", line 369, in remove
[2024-07-22T11:51:47.964+0000] {logging_mixin.py:188} WARNING -     def remove(k, selfref=ref(self)):
[2024-07-22T11:51:47.972+0000] {logging_mixin.py:188} WARNING -   File "/home/airflow/.local/lib/python3.12/site-packages/airflow/utils/timeout.py", line 69, in handle_timeout
[2024-07-22T11:51:47.986+0000] {logging_mixin.py:188} WARNING -     raise AirflowTaskTimeout(self.error_message)
[2024-07-22T11:51:47.991+0000] {logging_mixin.py:188} WARNING - airflow.exceptions.AirflowTaskTimeout: DagBag import timeout for /opt/airflow/dags/dag.py after 30.0s.
Please take a look at these docs to improve your DAG import time:
* https://airflow.apache.org/docs/apache-airflow/2.9.3/best-practices.html#top-level-python-code
* https://airflow.apache.org/docs/apache-airflow/2.9.3/best-practices.html#reducing-dag-complexity, PID: 1316
[2024-07-22T11:57:16.376+0000] {processor.py:161} INFO - Started process (PID=1438) to work on /opt/airflow/dags/dag.py
[2024-07-22T11:57:16.579+0000] {processor.py:830} INFO - Processing file /opt/airflow/dags/dag.py for tasks to queue
[2024-07-22T11:57:16.663+0000] {logging_mixin.py:188} INFO - [2024-07-22T11:57:16.655+0000] {dagbag.py:545} INFO - Filling up the DagBag from /opt/airflow/dags/dag.py
[2024-07-22T11:57:17.674+0000] {logging_mixin.py:188} INFO - [2024-07-22T11:57:17.322+0000] {dagbag.py:355} ERROR - Failed to import: /opt/airflow/dags/dag.py
Traceback (most recent call last):
  File "/home/airflow/.local/lib/python3.12/site-packages/airflow/models/dagbag.py", line 351, in parse
    loader.exec_module(new_module)
  File "<frozen importlib._bootstrap_external>", line 995, in exec_module
  File "<frozen importlib._bootstrap>", line 488, in _call_with_frames_removed
  File "/opt/airflow/dags/dag.py", line 11, in <module>
    from dateime import datetime, timedelta
ModuleNotFoundError: No module named 'dateime'
[2024-07-22T11:57:17.779+0000] {processor.py:842} WARNING - No viable dags retrieved from /opt/airflow/dags/dag.py
[2024-07-22T11:57:20.051+0000] {processor.py:183} INFO - Processing /opt/airflow/dags/dag.py took 4.209 seconds
[2024-07-22T12:08:29.428+0000] {processor.py:161} INFO - Started process (PID=63) to work on /opt/airflow/dags/dag.py
[2024-07-22T12:08:29.434+0000] {processor.py:830} INFO - Processing file /opt/airflow/dags/dag.py for tasks to queue
[2024-07-22T12:08:29.442+0000] {logging_mixin.py:188} INFO - [2024-07-22T12:08:29.440+0000] {dagbag.py:545} INFO - Filling up the DagBag from /opt/airflow/dags/dag.py
[2024-07-22T12:08:29.624+0000] {processor.py:840} INFO - DAG(s) 'fetch_and_store_amazon_books' retrieved from /opt/airflow/dags/dag.py
[2024-07-22T12:08:31.160+0000] {logging_mixin.py:188} INFO - [2024-07-22T12:08:31.106+0000] {override.py:1858} INFO - Created Permission View: can edit on DAG:fetch_and_store_amazon_books
[2024-07-22T12:08:31.212+0000] {logging_mixin.py:188} INFO - [2024-07-22T12:08:31.211+0000] {override.py:1858} INFO - Created Permission View: can read on DAG:fetch_and_store_amazon_books
[2024-07-22T12:08:31.237+0000] {logging_mixin.py:188} INFO - [2024-07-22T12:08:31.236+0000] {override.py:1858} INFO - Created Permission View: can delete on DAG:fetch_and_store_amazon_books
[2024-07-22T12:08:31.244+0000] {logging_mixin.py:188} INFO - [2024-07-22T12:08:31.242+0000] {dag.py:3089} INFO - Sync 1 DAGs
[2024-07-22T12:08:31.302+0000] {logging_mixin.py:188} INFO - [2024-07-22T12:08:31.301+0000] {dag.py:3111} INFO - Creating ORM DAG for fetch_and_store_amazon_books
[2024-07-22T12:08:31.350+0000] {logging_mixin.py:188} INFO - [2024-07-22T12:08:31.349+0000] {dag.py:3947} INFO - Setting next_dagrun for fetch_and_store_amazon_books to None, run_after=None
[2024-07-22T12:08:31.432+0000] {processor.py:183} INFO - Processing /opt/airflow/dags/dag.py took 2.029 seconds
[2024-07-22T12:09:17.178+0000] {processor.py:161} INFO - Started process (PID=128) to work on /opt/airflow/dags/dag.py
[2024-07-22T12:09:17.180+0000] {processor.py:830} INFO - Processing file /opt/airflow/dags/dag.py for tasks to queue
[2024-07-22T12:09:17.183+0000] {logging_mixin.py:188} INFO - [2024-07-22T12:09:17.183+0000] {dagbag.py:545} INFO - Filling up the DagBag from /opt/airflow/dags/dag.py
[2024-07-22T12:09:17.190+0000] {processor.py:842} WARNING - No viable dags retrieved from /opt/airflow/dags/dag.py
[2024-07-22T12:09:17.212+0000] {processor.py:183} INFO - Processing /opt/airflow/dags/dag.py took 0.057 seconds
[2024-07-22T12:09:47.555+0000] {processor.py:161} INFO - Started process (PID=173) to work on /opt/airflow/dags/dag.py
[2024-07-22T12:09:47.556+0000] {processor.py:830} INFO - Processing file /opt/airflow/dags/dag.py for tasks to queue
[2024-07-22T12:09:47.558+0000] {logging_mixin.py:188} INFO - [2024-07-22T12:09:47.558+0000] {dagbag.py:545} INFO - Filling up the DagBag from /opt/airflow/dags/dag.py
[2024-07-22T12:09:47.561+0000] {processor.py:842} WARNING - No viable dags retrieved from /opt/airflow/dags/dag.py
[2024-07-22T12:09:47.579+0000] {processor.py:183} INFO - Processing /opt/airflow/dags/dag.py took 0.036 seconds
[2024-07-22T12:10:17.912+0000] {processor.py:161} INFO - Started process (PID=231) to work on /opt/airflow/dags/dag.py
[2024-07-22T12:10:17.914+0000] {processor.py:830} INFO - Processing file /opt/airflow/dags/dag.py for tasks to queue
[2024-07-22T12:10:17.917+0000] {logging_mixin.py:188} INFO - [2024-07-22T12:10:17.917+0000] {dagbag.py:545} INFO - Filling up the DagBag from /opt/airflow/dags/dag.py
[2024-07-22T12:10:17.923+0000] {processor.py:842} WARNING - No viable dags retrieved from /opt/airflow/dags/dag.py
[2024-07-22T12:10:17.944+0000] {processor.py:183} INFO - Processing /opt/airflow/dags/dag.py took 0.043 seconds
[2024-07-22T12:10:48.695+0000] {processor.py:161} INFO - Started process (PID=287) to work on /opt/airflow/dags/dag.py
[2024-07-22T12:10:48.698+0000] {processor.py:830} INFO - Processing file /opt/airflow/dags/dag.py for tasks to queue
[2024-07-22T12:10:48.700+0000] {logging_mixin.py:188} INFO - [2024-07-22T12:10:48.699+0000] {dagbag.py:545} INFO - Filling up the DagBag from /opt/airflow/dags/dag.py
[2024-07-22T12:10:48.721+0000] {processor.py:842} WARNING - No viable dags retrieved from /opt/airflow/dags/dag.py
[2024-07-22T12:10:48.775+0000] {processor.py:183} INFO - Processing /opt/airflow/dags/dag.py took 0.112 seconds
[2024-07-22T12:11:19.448+0000] {processor.py:161} INFO - Started process (PID=346) to work on /opt/airflow/dags/dag.py
[2024-07-22T12:11:19.452+0000] {processor.py:830} INFO - Processing file /opt/airflow/dags/dag.py for tasks to queue
[2024-07-22T12:11:19.454+0000] {logging_mixin.py:188} INFO - [2024-07-22T12:11:19.454+0000] {dagbag.py:545} INFO - Filling up the DagBag from /opt/airflow/dags/dag.py
[2024-07-22T12:11:19.461+0000] {processor.py:842} WARNING - No viable dags retrieved from /opt/airflow/dags/dag.py
[2024-07-22T12:11:19.513+0000] {processor.py:183} INFO - Processing /opt/airflow/dags/dag.py took 0.076 seconds
[2024-07-22T12:11:23.315+0000] {processor.py:161} INFO - Started process (PID=362) to work on /opt/airflow/dags/dag.py
[2024-07-22T12:11:23.327+0000] {processor.py:830} INFO - Processing file /opt/airflow/dags/dag.py for tasks to queue
[2024-07-22T12:11:23.342+0000] {logging_mixin.py:188} INFO - [2024-07-22T12:11:23.333+0000] {dagbag.py:545} INFO - Filling up the DagBag from /opt/airflow/dags/dag.py
[2024-07-22T12:11:23.458+0000] {processor.py:840} INFO - DAG(s) 'fetch_and_store_amazon_books' retrieved from /opt/airflow/dags/dag.py
[2024-07-22T12:11:24.182+0000] {logging_mixin.py:188} INFO - [2024-07-22T12:11:24.180+0000] {dag.py:3089} INFO - Sync 1 DAGs
[2024-07-22T12:11:24.320+0000] {logging_mixin.py:188} INFO - [2024-07-22T12:11:24.318+0000] {dag.py:3947} INFO - Setting next_dagrun for fetch_and_store_amazon_books to None, run_after=None
[2024-07-22T12:11:24.728+0000] {processor.py:183} INFO - Processing /opt/airflow/dags/dag.py took 1.527 seconds
[2024-07-22T12:11:55.565+0000] {processor.py:161} INFO - Started process (PID=422) to work on /opt/airflow/dags/dag.py
[2024-07-22T12:11:55.567+0000] {processor.py:830} INFO - Processing file /opt/airflow/dags/dag.py for tasks to queue
[2024-07-22T12:11:55.569+0000] {logging_mixin.py:188} INFO - [2024-07-22T12:11:55.568+0000] {dagbag.py:545} INFO - Filling up the DagBag from /opt/airflow/dags/dag.py
[2024-07-22T12:11:55.581+0000] {processor.py:840} INFO - DAG(s) 'fetch_and_store_amazon_books' retrieved from /opt/airflow/dags/dag.py
[2024-07-22T12:11:55.620+0000] {logging_mixin.py:188} INFO - [2024-07-22T12:11:55.619+0000] {dag.py:3089} INFO - Sync 1 DAGs
[2024-07-22T12:11:55.659+0000] {logging_mixin.py:188} INFO - [2024-07-22T12:11:55.659+0000] {dag.py:3947} INFO - Setting next_dagrun for fetch_and_store_amazon_books to None, run_after=None
[2024-07-22T12:11:55.674+0000] {processor.py:183} INFO - Processing /opt/airflow/dags/dag.py took 0.123 seconds
[2024-07-22T12:12:26.132+0000] {processor.py:161} INFO - Started process (PID=474) to work on /opt/airflow/dags/dag.py
[2024-07-22T12:12:26.137+0000] {processor.py:830} INFO - Processing file /opt/airflow/dags/dag.py for tasks to queue
[2024-07-22T12:12:26.143+0000] {logging_mixin.py:188} INFO - [2024-07-22T12:12:26.142+0000] {dagbag.py:545} INFO - Filling up the DagBag from /opt/airflow/dags/dag.py
[2024-07-22T12:12:26.160+0000] {processor.py:840} INFO - DAG(s) 'fetch_and_store_amazon_books' retrieved from /opt/airflow/dags/dag.py
[2024-07-22T12:12:26.184+0000] {logging_mixin.py:188} INFO - [2024-07-22T12:12:26.184+0000] {dag.py:3089} INFO - Sync 1 DAGs
[2024-07-22T12:12:26.205+0000] {logging_mixin.py:188} INFO - [2024-07-22T12:12:26.204+0000] {dag.py:3947} INFO - Setting next_dagrun for fetch_and_store_amazon_books to None, run_after=None
[2024-07-22T12:12:26.220+0000] {processor.py:183} INFO - Processing /opt/airflow/dags/dag.py took 0.094 seconds
[2024-07-22T12:12:57.645+0000] {processor.py:161} INFO - Started process (PID=514) to work on /opt/airflow/dags/dag.py
[2024-07-22T12:12:57.696+0000] {processor.py:830} INFO - Processing file /opt/airflow/dags/dag.py for tasks to queue
[2024-07-22T12:12:57.722+0000] {logging_mixin.py:188} INFO - [2024-07-22T12:12:57.708+0000] {dagbag.py:545} INFO - Filling up the DagBag from /opt/airflow/dags/dag.py
[2024-07-22T12:12:57.841+0000] {processor.py:840} INFO - DAG(s) 'fetch_and_store_amazon_books' retrieved from /opt/airflow/dags/dag.py
[2024-07-22T12:12:58.082+0000] {logging_mixin.py:188} INFO - [2024-07-22T12:12:58.081+0000] {dag.py:3089} INFO - Sync 1 DAGs
[2024-07-22T12:12:58.326+0000] {logging_mixin.py:188} INFO - [2024-07-22T12:12:58.325+0000] {dag.py:3947} INFO - Setting next_dagrun for fetch_and_store_amazon_books to None, run_after=None
[2024-07-22T12:12:58.467+0000] {processor.py:183} INFO - Processing /opt/airflow/dags/dag.py took 1.057 seconds
[2024-07-22T12:13:30.782+0000] {processor.py:161} INFO - Started process (PID=571) to work on /opt/airflow/dags/dag.py
[2024-07-22T12:13:30.786+0000] {processor.py:830} INFO - Processing file /opt/airflow/dags/dag.py for tasks to queue
[2024-07-22T12:13:30.789+0000] {logging_mixin.py:188} INFO - [2024-07-22T12:13:30.788+0000] {dagbag.py:545} INFO - Filling up the DagBag from /opt/airflow/dags/dag.py
[2024-07-22T12:13:30.813+0000] {processor.py:840} INFO - DAG(s) 'fetch_and_store_amazon_books' retrieved from /opt/airflow/dags/dag.py
[2024-07-22T12:13:30.889+0000] {logging_mixin.py:188} INFO - [2024-07-22T12:13:30.888+0000] {dag.py:3089} INFO - Sync 1 DAGs
[2024-07-22T12:13:30.943+0000] {logging_mixin.py:188} INFO - [2024-07-22T12:13:30.942+0000] {dag.py:3947} INFO - Setting next_dagrun for fetch_and_store_amazon_books to None, run_after=None
[2024-07-22T12:13:31.002+0000] {processor.py:183} INFO - Processing /opt/airflow/dags/dag.py took 0.273 seconds
[2024-07-22T12:14:01.418+0000] {processor.py:161} INFO - Started process (PID=630) to work on /opt/airflow/dags/dag.py
[2024-07-22T12:14:01.429+0000] {processor.py:830} INFO - Processing file /opt/airflow/dags/dag.py for tasks to queue
[2024-07-22T12:14:01.433+0000] {logging_mixin.py:188} INFO - [2024-07-22T12:14:01.432+0000] {dagbag.py:545} INFO - Filling up the DagBag from /opt/airflow/dags/dag.py
[2024-07-22T12:14:01.490+0000] {processor.py:840} INFO - DAG(s) 'fetch_and_store_amazon_books' retrieved from /opt/airflow/dags/dag.py
[2024-07-22T12:14:02.014+0000] {logging_mixin.py:188} INFO - [2024-07-22T12:14:02.011+0000] {dag.py:3089} INFO - Sync 1 DAGs
[2024-07-22T12:14:02.857+0000] {logging_mixin.py:188} INFO - [2024-07-22T12:14:02.800+0000] {dag.py:3947} INFO - Setting next_dagrun for fetch_and_store_amazon_books to None, run_after=None
[2024-07-22T12:14:03.606+0000] {processor.py:183} INFO - Processing /opt/airflow/dags/dag.py took 2.202 seconds
[2024-07-22T12:14:33.876+0000] {processor.py:161} INFO - Started process (PID=689) to work on /opt/airflow/dags/dag.py
[2024-07-22T12:14:33.879+0000] {processor.py:830} INFO - Processing file /opt/airflow/dags/dag.py for tasks to queue
[2024-07-22T12:14:33.882+0000] {logging_mixin.py:188} INFO - [2024-07-22T12:14:33.882+0000] {dagbag.py:545} INFO - Filling up the DagBag from /opt/airflow/dags/dag.py
[2024-07-22T12:14:33.905+0000] {processor.py:840} INFO - DAG(s) 'fetch_and_store_amazon_books' retrieved from /opt/airflow/dags/dag.py
[2024-07-22T12:14:33.951+0000] {logging_mixin.py:188} INFO - [2024-07-22T12:14:33.951+0000] {dag.py:3089} INFO - Sync 1 DAGs
[2024-07-22T12:14:33.980+0000] {logging_mixin.py:188} INFO - [2024-07-22T12:14:33.979+0000] {dag.py:3947} INFO - Setting next_dagrun for fetch_and_store_amazon_books to None, run_after=None
[2024-07-22T12:14:34.027+0000] {processor.py:183} INFO - Processing /opt/airflow/dags/dag.py took 0.177 seconds
[2024-07-22T12:15:04.535+0000] {processor.py:161} INFO - Started process (PID=748) to work on /opt/airflow/dags/dag.py
[2024-07-22T12:15:04.544+0000] {processor.py:830} INFO - Processing file /opt/airflow/dags/dag.py for tasks to queue
[2024-07-22T12:15:04.550+0000] {logging_mixin.py:188} INFO - [2024-07-22T12:15:04.547+0000] {dagbag.py:545} INFO - Filling up the DagBag from /opt/airflow/dags/dag.py
[2024-07-22T12:15:04.581+0000] {processor.py:840} INFO - DAG(s) 'fetch_and_store_amazon_books' retrieved from /opt/airflow/dags/dag.py
[2024-07-22T12:15:04.653+0000] {logging_mixin.py:188} INFO - [2024-07-22T12:15:04.653+0000] {dag.py:3089} INFO - Sync 1 DAGs
[2024-07-22T12:15:04.799+0000] {logging_mixin.py:188} INFO - [2024-07-22T12:15:04.798+0000] {dag.py:3947} INFO - Setting next_dagrun for fetch_and_store_amazon_books to None, run_after=None
[2024-07-22T12:15:04.835+0000] {processor.py:183} INFO - Processing /opt/airflow/dags/dag.py took 0.320 seconds
[2024-07-22T12:15:34.971+0000] {processor.py:161} INFO - Started process (PID=806) to work on /opt/airflow/dags/dag.py
[2024-07-22T12:15:34.977+0000] {processor.py:830} INFO - Processing file /opt/airflow/dags/dag.py for tasks to queue
[2024-07-22T12:15:34.980+0000] {logging_mixin.py:188} INFO - [2024-07-22T12:15:34.978+0000] {dagbag.py:545} INFO - Filling up the DagBag from /opt/airflow/dags/dag.py
[2024-07-22T12:15:35.005+0000] {processor.py:840} INFO - DAG(s) 'fetch_and_store_amazon_books' retrieved from /opt/airflow/dags/dag.py
[2024-07-22T12:15:35.097+0000] {logging_mixin.py:188} INFO - [2024-07-22T12:15:35.096+0000] {dag.py:3089} INFO - Sync 1 DAGs
[2024-07-22T12:15:35.162+0000] {logging_mixin.py:188} INFO - [2024-07-22T12:15:35.162+0000] {dag.py:3947} INFO - Setting next_dagrun for fetch_and_store_amazon_books to None, run_after=None
[2024-07-22T12:15:35.195+0000] {processor.py:183} INFO - Processing /opt/airflow/dags/dag.py took 0.270 seconds
[2024-07-22T12:16:05.881+0000] {processor.py:161} INFO - Started process (PID=865) to work on /opt/airflow/dags/dag.py
[2024-07-22T12:16:05.884+0000] {processor.py:830} INFO - Processing file /opt/airflow/dags/dag.py for tasks to queue
[2024-07-22T12:16:05.886+0000] {logging_mixin.py:188} INFO - [2024-07-22T12:16:05.885+0000] {dagbag.py:545} INFO - Filling up the DagBag from /opt/airflow/dags/dag.py
[2024-07-22T12:16:05.899+0000] {processor.py:840} INFO - DAG(s) 'fetch_and_store_amazon_books' retrieved from /opt/airflow/dags/dag.py
[2024-07-22T12:16:05.922+0000] {logging_mixin.py:188} INFO - [2024-07-22T12:16:05.922+0000] {dag.py:3089} INFO - Sync 1 DAGs
[2024-07-22T12:16:05.970+0000] {logging_mixin.py:188} INFO - [2024-07-22T12:16:05.970+0000] {dag.py:3947} INFO - Setting next_dagrun for fetch_and_store_amazon_books to None, run_after=None
[2024-07-22T12:16:05.994+0000] {processor.py:183} INFO - Processing /opt/airflow/dags/dag.py took 0.123 seconds
[2024-07-22T12:16:36.760+0000] {processor.py:161} INFO - Started process (PID=923) to work on /opt/airflow/dags/dag.py
[2024-07-22T12:16:36.840+0000] {processor.py:830} INFO - Processing file /opt/airflow/dags/dag.py for tasks to queue
[2024-07-22T12:16:36.916+0000] {logging_mixin.py:188} INFO - [2024-07-22T12:16:36.908+0000] {dagbag.py:545} INFO - Filling up the DagBag from /opt/airflow/dags/dag.py
[2024-07-22T12:16:37.065+0000] {processor.py:840} INFO - DAG(s) 'fetch_and_store_amazon_books' retrieved from /opt/airflow/dags/dag.py
[2024-07-22T12:16:37.395+0000] {logging_mixin.py:188} INFO - [2024-07-22T12:16:37.360+0000] {dag.py:3089} INFO - Sync 1 DAGs
[2024-07-22T12:16:37.928+0000] {logging_mixin.py:188} INFO - [2024-07-22T12:16:37.895+0000] {dag.py:3947} INFO - Setting next_dagrun for fetch_and_store_amazon_books to None, run_after=None
[2024-07-22T12:16:38.213+0000] {processor.py:183} INFO - Processing /opt/airflow/dags/dag.py took 1.545 seconds
[2024-07-22T12:17:08.514+0000] {processor.py:161} INFO - Started process (PID=982) to work on /opt/airflow/dags/dag.py
[2024-07-22T12:17:08.524+0000] {processor.py:830} INFO - Processing file /opt/airflow/dags/dag.py for tasks to queue
[2024-07-22T12:17:08.535+0000] {logging_mixin.py:188} INFO - [2024-07-22T12:17:08.532+0000] {dagbag.py:545} INFO - Filling up the DagBag from /opt/airflow/dags/dag.py
[2024-07-22T12:17:08.585+0000] {processor.py:840} INFO - DAG(s) 'fetch_and_store_amazon_books' retrieved from /opt/airflow/dags/dag.py
[2024-07-22T12:17:08.708+0000] {logging_mixin.py:188} INFO - [2024-07-22T12:17:08.708+0000] {dag.py:3089} INFO - Sync 1 DAGs
[2024-07-22T12:17:08.933+0000] {logging_mixin.py:188} INFO - [2024-07-22T12:17:08.933+0000] {dag.py:3947} INFO - Setting next_dagrun for fetch_and_store_amazon_books to None, run_after=None
[2024-07-22T12:17:09.412+0000] {processor.py:183} INFO - Processing /opt/airflow/dags/dag.py took 0.915 seconds
[2024-07-22T12:17:39.864+0000] {processor.py:161} INFO - Started process (PID=1041) to work on /opt/airflow/dags/dag.py
[2024-07-22T12:17:39.871+0000] {processor.py:830} INFO - Processing file /opt/airflow/dags/dag.py for tasks to queue
[2024-07-22T12:17:39.873+0000] {logging_mixin.py:188} INFO - [2024-07-22T12:17:39.872+0000] {dagbag.py:545} INFO - Filling up the DagBag from /opt/airflow/dags/dag.py
[2024-07-22T12:17:39.901+0000] {processor.py:840} INFO - DAG(s) 'fetch_and_store_amazon_books' retrieved from /opt/airflow/dags/dag.py
[2024-07-22T12:17:39.947+0000] {logging_mixin.py:188} INFO - [2024-07-22T12:17:39.947+0000] {dag.py:3089} INFO - Sync 1 DAGs
[2024-07-22T12:17:39.987+0000] {logging_mixin.py:188} INFO - [2024-07-22T12:17:39.987+0000] {dag.py:3947} INFO - Setting next_dagrun for fetch_and_store_amazon_books to None, run_after=None
[2024-07-22T12:17:40.014+0000] {processor.py:183} INFO - Processing /opt/airflow/dags/dag.py took 0.169 seconds
[2024-07-22T12:18:10.289+0000] {processor.py:161} INFO - Started process (PID=1100) to work on /opt/airflow/dags/dag.py
[2024-07-22T12:18:10.292+0000] {processor.py:830} INFO - Processing file /opt/airflow/dags/dag.py for tasks to queue
[2024-07-22T12:18:10.299+0000] {logging_mixin.py:188} INFO - [2024-07-22T12:18:10.295+0000] {dagbag.py:545} INFO - Filling up the DagBag from /opt/airflow/dags/dag.py
[2024-07-22T12:18:10.332+0000] {processor.py:840} INFO - DAG(s) 'fetch_and_store_amazon_books' retrieved from /opt/airflow/dags/dag.py
[2024-07-22T12:18:10.370+0000] {logging_mixin.py:188} INFO - [2024-07-22T12:18:10.369+0000] {dag.py:3089} INFO - Sync 1 DAGs
[2024-07-22T12:18:10.443+0000] {logging_mixin.py:188} INFO - [2024-07-22T12:18:10.442+0000] {dag.py:3947} INFO - Setting next_dagrun for fetch_and_store_amazon_books to None, run_after=None
[2024-07-22T12:18:10.487+0000] {processor.py:183} INFO - Processing /opt/airflow/dags/dag.py took 0.210 seconds
[2024-07-22T12:18:40.729+0000] {processor.py:161} INFO - Started process (PID=1158) to work on /opt/airflow/dags/dag.py
[2024-07-22T12:18:40.732+0000] {processor.py:830} INFO - Processing file /opt/airflow/dags/dag.py for tasks to queue
[2024-07-22T12:18:40.734+0000] {logging_mixin.py:188} INFO - [2024-07-22T12:18:40.733+0000] {dagbag.py:545} INFO - Filling up the DagBag from /opt/airflow/dags/dag.py
[2024-07-22T12:18:40.742+0000] {processor.py:840} INFO - DAG(s) 'fetch_and_store_amazon_books' retrieved from /opt/airflow/dags/dag.py
[2024-07-22T12:18:40.771+0000] {logging_mixin.py:188} INFO - [2024-07-22T12:18:40.770+0000] {dag.py:3089} INFO - Sync 1 DAGs
[2024-07-22T12:18:40.792+0000] {logging_mixin.py:188} INFO - [2024-07-22T12:18:40.792+0000] {dag.py:3947} INFO - Setting next_dagrun for fetch_and_store_amazon_books to None, run_after=None
[2024-07-22T12:18:40.822+0000] {processor.py:183} INFO - Processing /opt/airflow/dags/dag.py took 0.103 seconds
[2024-07-22T12:19:00.452+0000] {processor.py:161} INFO - Started process (PID=1202) to work on /opt/airflow/dags/dag.py
[2024-07-22T12:19:00.455+0000] {processor.py:830} INFO - Processing file /opt/airflow/dags/dag.py for tasks to queue
[2024-07-22T12:19:00.457+0000] {logging_mixin.py:188} INFO - [2024-07-22T12:19:00.456+0000] {dagbag.py:545} INFO - Filling up the DagBag from /opt/airflow/dags/dag.py
[2024-07-22T12:19:01.954+0000] {processor.py:840} INFO - DAG(s) 'fetch_and_store_amazon_books' retrieved from /opt/airflow/dags/dag.py
[2024-07-22T12:19:02.476+0000] {logging_mixin.py:188} INFO - [2024-07-22T12:19:02.473+0000] {dag.py:3089} INFO - Sync 1 DAGs
[2024-07-22T12:19:02.534+0000] {logging_mixin.py:188} INFO - [2024-07-22T12:19:02.534+0000] {dag.py:3947} INFO - Setting next_dagrun for fetch_and_store_amazon_books to 2024-07-22 00:00:00+00:00, run_after=2024-07-23 00:00:00+00:00
[2024-07-22T12:19:02.591+0000] {processor.py:183} INFO - Processing /opt/airflow/dags/dag.py took 2.156 seconds
[2024-07-22T12:19:33.182+0000] {processor.py:161} INFO - Started process (PID=1243) to work on /opt/airflow/dags/dag.py
[2024-07-22T12:19:33.183+0000] {processor.py:830} INFO - Processing file /opt/airflow/dags/dag.py for tasks to queue
[2024-07-22T12:19:33.185+0000] {logging_mixin.py:188} INFO - [2024-07-22T12:19:33.184+0000] {dagbag.py:545} INFO - Filling up the DagBag from /opt/airflow/dags/dag.py
[2024-07-22T12:19:36.452+0000] {processor.py:840} INFO - DAG(s) 'fetch_and_store_amazon_books' retrieved from /opt/airflow/dags/dag.py
[2024-07-22T12:19:36.577+0000] {logging_mixin.py:188} INFO - [2024-07-22T12:19:36.575+0000] {dag.py:3089} INFO - Sync 1 DAGs
[2024-07-22T12:19:36.623+0000] {logging_mixin.py:188} INFO - [2024-07-22T12:19:36.622+0000] {dag.py:3947} INFO - Setting next_dagrun for fetch_and_store_amazon_books to 2024-07-22 00:00:00+00:00, run_after=2024-07-23 00:00:00+00:00
[2024-07-22T12:19:36.672+0000] {processor.py:183} INFO - Processing /opt/airflow/dags/dag.py took 3.500 seconds
[2024-07-22T12:20:07.300+0000] {processor.py:161} INFO - Started process (PID=1309) to work on /opt/airflow/dags/dag.py
[2024-07-22T12:20:07.304+0000] {processor.py:830} INFO - Processing file /opt/airflow/dags/dag.py for tasks to queue
[2024-07-22T12:20:07.307+0000] {logging_mixin.py:188} INFO - [2024-07-22T12:20:07.306+0000] {dagbag.py:545} INFO - Filling up the DagBag from /opt/airflow/dags/dag.py
[2024-07-22T12:20:08.352+0000] {processor.py:840} INFO - DAG(s) 'fetch_and_store_amazon_books' retrieved from /opt/airflow/dags/dag.py
[2024-07-22T12:20:08.372+0000] {logging_mixin.py:188} INFO - [2024-07-22T12:20:08.372+0000] {dag.py:3089} INFO - Sync 1 DAGs
[2024-07-22T12:20:08.388+0000] {logging_mixin.py:188} INFO - [2024-07-22T12:20:08.388+0000] {dag.py:3947} INFO - Setting next_dagrun for fetch_and_store_amazon_books to 2024-07-22 00:00:00+00:00, run_after=2024-07-23 00:00:00+00:00
[2024-07-22T12:20:08.400+0000] {processor.py:183} INFO - Processing /opt/airflow/dags/dag.py took 1.121 seconds
[2024-07-22T12:22:58.905+0000] {processor.py:161} INFO - Started process (PID=1372) to work on /opt/airflow/dags/dag.py
[2024-07-22T12:22:59.006+0000] {processor.py:830} INFO - Processing file /opt/airflow/dags/dag.py for tasks to queue
[2024-07-22T12:22:59.518+0000] {logging_mixin.py:188} INFO - [2024-07-22T12:22:59.121+0000] {dagbag.py:545} INFO - Filling up the DagBag from /opt/airflow/dags/dag.py
[2024-07-22T12:23:31.030+0000] {logging_mixin.py:188} INFO - [2024-07-22T12:23:30.700+0000] {timeout.py:68} ERROR - Process timed out, PID: 1372
[2024-07-22T12:25:57.359+0000] {processor.py:161} INFO - Started process (PID=1435) to work on /opt/airflow/dags/dag.py
[2024-07-22T12:25:57.367+0000] {processor.py:830} INFO - Processing file /opt/airflow/dags/dag.py for tasks to queue
[2024-07-22T12:25:57.412+0000] {logging_mixin.py:188} INFO - [2024-07-22T12:25:57.370+0000] {dagbag.py:545} INFO - Filling up the DagBag from /opt/airflow/dags/dag.py
[2024-07-22T12:26:28.047+0000] {logging_mixin.py:188} INFO - [2024-07-22T12:26:27.743+0000] {timeout.py:68} ERROR - Process timed out, PID: 1435
[2024-07-22T12:27:43.091+0000] {processor.py:161} INFO - Started process (PID=1493) to work on /opt/airflow/dags/dag.py
[2024-07-22T12:27:43.100+0000] {processor.py:830} INFO - Processing file /opt/airflow/dags/dag.py for tasks to queue
[2024-07-22T12:27:43.138+0000] {logging_mixin.py:188} INFO - [2024-07-22T12:27:43.126+0000] {dagbag.py:545} INFO - Filling up the DagBag from /opt/airflow/dags/dag.py
[2024-07-22T12:28:07.468+0000] {processor.py:840} INFO - DAG(s) 'fetch_and_store_amazon_books' retrieved from /opt/airflow/dags/dag.py
[2024-07-22T12:28:08.412+0000] {logging_mixin.py:188} INFO - [2024-07-22T12:28:08.403+0000] {dag.py:3089} INFO - Sync 1 DAGs
[2024-07-22T12:28:08.517+0000] {logging_mixin.py:188} INFO - [2024-07-22T12:28:08.516+0000] {dag.py:3947} INFO - Setting next_dagrun for fetch_and_store_amazon_books to 2024-07-22 00:00:00+00:00, run_after=2024-07-23 00:00:00+00:00
[2024-07-22T12:28:08.659+0000] {processor.py:183} INFO - Processing /opt/airflow/dags/dag.py took 25.733 seconds
[2024-07-22T12:28:38.906+0000] {processor.py:161} INFO - Started process (PID=1559) to work on /opt/airflow/dags/dag.py
[2024-07-22T12:28:38.909+0000] {processor.py:830} INFO - Processing file /opt/airflow/dags/dag.py for tasks to queue
[2024-07-22T12:28:38.911+0000] {logging_mixin.py:188} INFO - [2024-07-22T12:28:38.910+0000] {dagbag.py:545} INFO - Filling up the DagBag from /opt/airflow/dags/dag.py
[2024-07-22T12:28:39.964+0000] {processor.py:840} INFO - DAG(s) 'fetch_and_store_amazon_books' retrieved from /opt/airflow/dags/dag.py
[2024-07-22T12:28:40.012+0000] {logging_mixin.py:188} INFO - [2024-07-22T12:28:40.009+0000] {dag.py:3089} INFO - Sync 1 DAGs
[2024-07-22T12:28:40.038+0000] {logging_mixin.py:188} INFO - [2024-07-22T12:28:40.038+0000] {dag.py:3947} INFO - Setting next_dagrun for fetch_and_store_amazon_books to 2024-07-22 00:00:00+00:00, run_after=2024-07-23 00:00:00+00:00
[2024-07-22T12:28:40.055+0000] {processor.py:183} INFO - Processing /opt/airflow/dags/dag.py took 1.163 seconds
[2024-07-22T12:29:11.129+0000] {processor.py:161} INFO - Started process (PID=1619) to work on /opt/airflow/dags/dag.py
[2024-07-22T12:29:11.136+0000] {processor.py:830} INFO - Processing file /opt/airflow/dags/dag.py for tasks to queue
[2024-07-22T12:29:11.151+0000] {logging_mixin.py:188} INFO - [2024-07-22T12:29:11.144+0000] {dagbag.py:545} INFO - Filling up the DagBag from /opt/airflow/dags/dag.py
[2024-07-22T12:29:13.305+0000] {processor.py:840} INFO - DAG(s) 'fetch_and_store_amazon_books' retrieved from /opt/airflow/dags/dag.py
[2024-07-22T12:29:13.391+0000] {logging_mixin.py:188} INFO - [2024-07-22T12:29:13.386+0000] {dag.py:3089} INFO - Sync 1 DAGs
[2024-07-22T12:29:13.449+0000] {logging_mixin.py:188} INFO - [2024-07-22T12:29:13.448+0000] {dag.py:3947} INFO - Setting next_dagrun for fetch_and_store_amazon_books to 2024-07-22 00:00:00+00:00, run_after=2024-07-23 00:00:00+00:00
[2024-07-22T12:29:13.494+0000] {processor.py:183} INFO - Processing /opt/airflow/dags/dag.py took 2.402 seconds
[2024-07-22T12:29:43.676+0000] {processor.py:161} INFO - Started process (PID=1680) to work on /opt/airflow/dags/dag.py
[2024-07-22T12:29:43.679+0000] {processor.py:830} INFO - Processing file /opt/airflow/dags/dag.py for tasks to queue
[2024-07-22T12:29:43.680+0000] {logging_mixin.py:188} INFO - [2024-07-22T12:29:43.680+0000] {dagbag.py:545} INFO - Filling up the DagBag from /opt/airflow/dags/dag.py
[2024-07-22T12:29:45.814+0000] {processor.py:840} INFO - DAG(s) 'fetch_and_store_amazon_books' retrieved from /opt/airflow/dags/dag.py
[2024-07-22T12:29:45.876+0000] {logging_mixin.py:188} INFO - [2024-07-22T12:29:45.875+0000] {dag.py:3089} INFO - Sync 1 DAGs
[2024-07-22T12:29:45.968+0000] {logging_mixin.py:188} INFO - [2024-07-22T12:29:45.968+0000] {dag.py:3947} INFO - Setting next_dagrun for fetch_and_store_amazon_books to 2024-07-22 00:00:00+00:00, run_after=2024-07-23 00:00:00+00:00
[2024-07-22T12:29:46.018+0000] {processor.py:183} INFO - Processing /opt/airflow/dags/dag.py took 2.357 seconds
[2024-07-22T12:30:16.118+0000] {processor.py:161} INFO - Started process (PID=1739) to work on /opt/airflow/dags/dag.py
[2024-07-22T12:30:16.120+0000] {processor.py:830} INFO - Processing file /opt/airflow/dags/dag.py for tasks to queue
[2024-07-22T12:30:16.122+0000] {logging_mixin.py:188} INFO - [2024-07-22T12:30:16.122+0000] {dagbag.py:545} INFO - Filling up the DagBag from /opt/airflow/dags/dag.py
[2024-07-22T12:30:17.773+0000] {processor.py:840} INFO - DAG(s) 'fetch_and_store_amazon_books' retrieved from /opt/airflow/dags/dag.py
[2024-07-22T12:30:17.875+0000] {logging_mixin.py:188} INFO - [2024-07-22T12:30:17.871+0000] {dag.py:3089} INFO - Sync 1 DAGs
[2024-07-22T12:30:18.009+0000] {logging_mixin.py:188} INFO - [2024-07-22T12:30:18.007+0000] {dag.py:3947} INFO - Setting next_dagrun for fetch_and_store_amazon_books to 2024-07-22 00:00:00+00:00, run_after=2024-07-23 00:00:00+00:00
[2024-07-22T12:30:18.070+0000] {processor.py:183} INFO - Processing /opt/airflow/dags/dag.py took 1.976 seconds
[2024-07-22T12:30:48.716+0000] {processor.py:161} INFO - Started process (PID=1800) to work on /opt/airflow/dags/dag.py
[2024-07-22T12:30:48.722+0000] {processor.py:830} INFO - Processing file /opt/airflow/dags/dag.py for tasks to queue
[2024-07-22T12:30:48.723+0000] {logging_mixin.py:188} INFO - [2024-07-22T12:30:48.722+0000] {dagbag.py:545} INFO - Filling up the DagBag from /opt/airflow/dags/dag.py
[2024-07-22T12:30:49.493+0000] {processor.py:840} INFO - DAG(s) 'fetch_and_store_amazon_books' retrieved from /opt/airflow/dags/dag.py
[2024-07-22T12:30:49.511+0000] {logging_mixin.py:188} INFO - [2024-07-22T12:30:49.511+0000] {dag.py:3089} INFO - Sync 1 DAGs
[2024-07-22T12:30:49.554+0000] {logging_mixin.py:188} INFO - [2024-07-22T12:30:49.554+0000] {dag.py:3947} INFO - Setting next_dagrun for fetch_and_store_amazon_books to 2024-07-22 00:00:00+00:00, run_after=2024-07-23 00:00:00+00:00
[2024-07-22T12:30:49.578+0000] {processor.py:183} INFO - Processing /opt/airflow/dags/dag.py took 0.876 seconds
[2024-07-22T12:31:19.786+0000] {processor.py:161} INFO - Started process (PID=1859) to work on /opt/airflow/dags/dag.py
[2024-07-22T12:31:19.788+0000] {processor.py:830} INFO - Processing file /opt/airflow/dags/dag.py for tasks to queue
[2024-07-22T12:31:19.790+0000] {logging_mixin.py:188} INFO - [2024-07-22T12:31:19.789+0000] {dagbag.py:545} INFO - Filling up the DagBag from /opt/airflow/dags/dag.py
[2024-07-22T12:31:20.810+0000] {processor.py:840} INFO - DAG(s) 'fetch_and_store_amazon_books' retrieved from /opt/airflow/dags/dag.py
[2024-07-22T12:31:20.929+0000] {logging_mixin.py:188} INFO - [2024-07-22T12:31:20.926+0000] {dag.py:3089} INFO - Sync 1 DAGs
[2024-07-22T12:31:20.974+0000] {logging_mixin.py:188} INFO - [2024-07-22T12:31:20.974+0000] {dag.py:3947} INFO - Setting next_dagrun for fetch_and_store_amazon_books to 2024-07-22 00:00:00+00:00, run_after=2024-07-23 00:00:00+00:00
[2024-07-22T12:31:21.006+0000] {processor.py:183} INFO - Processing /opt/airflow/dags/dag.py took 1.231 seconds
[2024-07-22T12:31:51.634+0000] {processor.py:161} INFO - Started process (PID=1918) to work on /opt/airflow/dags/dag.py
[2024-07-22T12:31:51.639+0000] {processor.py:830} INFO - Processing file /opt/airflow/dags/dag.py for tasks to queue
[2024-07-22T12:31:51.642+0000] {logging_mixin.py:188} INFO - [2024-07-22T12:31:51.640+0000] {dagbag.py:545} INFO - Filling up the DagBag from /opt/airflow/dags/dag.py
[2024-07-22T12:31:53.701+0000] {processor.py:840} INFO - DAG(s) 'fetch_and_store_amazon_books' retrieved from /opt/airflow/dags/dag.py
[2024-07-22T12:31:53.756+0000] {logging_mixin.py:188} INFO - [2024-07-22T12:31:53.755+0000] {dag.py:3089} INFO - Sync 1 DAGs
[2024-07-22T12:31:53.828+0000] {logging_mixin.py:188} INFO - [2024-07-22T12:31:53.828+0000] {dag.py:3947} INFO - Setting next_dagrun for fetch_and_store_amazon_books to 2024-07-22 00:00:00+00:00, run_after=2024-07-23 00:00:00+00:00
[2024-07-22T12:31:53.991+0000] {processor.py:183} INFO - Processing /opt/airflow/dags/dag.py took 2.390 seconds
[2024-07-22T12:32:24.753+0000] {processor.py:161} INFO - Started process (PID=1982) to work on /opt/airflow/dags/dag.py
[2024-07-22T12:32:24.773+0000] {processor.py:830} INFO - Processing file /opt/airflow/dags/dag.py for tasks to queue
[2024-07-22T12:32:24.792+0000] {logging_mixin.py:188} INFO - [2024-07-22T12:32:24.784+0000] {dagbag.py:545} INFO - Filling up the DagBag from /opt/airflow/dags/dag.py
[2024-07-22T12:32:31.257+0000] {processor.py:840} INFO - DAG(s) 'fetch_and_store_amazon_books' retrieved from /opt/airflow/dags/dag.py
[2024-07-22T12:32:33.238+0000] {logging_mixin.py:188} INFO - [2024-07-22T12:32:33.211+0000] {dag.py:3089} INFO - Sync 1 DAGs
[2024-07-22T12:32:33.365+0000] {logging_mixin.py:188} INFO - [2024-07-22T12:32:33.362+0000] {dag.py:3111} INFO - Creating ORM DAG for fetch_and_store_amazon_books
[2024-07-22T12:32:33.450+0000] {logging_mixin.py:188} INFO - [2024-07-22T12:32:33.448+0000] {dag.py:3947} INFO - Setting next_dagrun for fetch_and_store_amazon_books to 2024-07-22 00:00:00+00:00, run_after=2024-07-23 00:00:00+00:00
[2024-07-22T12:32:33.610+0000] {processor.py:183} INFO - Processing /opt/airflow/dags/dag.py took 8.893 seconds
[2024-07-22T12:32:38.557+0000] {processor.py:161} INFO - Started process (PID=2017) to work on /opt/airflow/dags/dag.py
[2024-07-22T12:32:38.558+0000] {processor.py:830} INFO - Processing file /opt/airflow/dags/dag.py for tasks to queue
[2024-07-22T12:32:38.559+0000] {logging_mixin.py:188} INFO - [2024-07-22T12:32:38.559+0000] {dagbag.py:545} INFO - Filling up the DagBag from /opt/airflow/dags/dag.py
[2024-07-22T12:32:42.670+0000] {processor.py:840} INFO - DAG(s) 'fetch_and_store_amazon_books' retrieved from /opt/airflow/dags/dag.py
[2024-07-22T12:32:42.747+0000] {logging_mixin.py:188} INFO - [2024-07-22T12:32:42.746+0000] {dag.py:3089} INFO - Sync 1 DAGs
[2024-07-22T12:32:42.823+0000] {logging_mixin.py:188} INFO - [2024-07-22T12:32:42.822+0000] {dag.py:3947} INFO - Setting next_dagrun for fetch_and_store_amazon_books to 2024-07-22 00:00:00+00:00, run_after=2024-07-23 00:00:00+00:00
[2024-07-22T12:32:42.858+0000] {processor.py:183} INFO - Processing /opt/airflow/dags/dag.py took 4.308 seconds
[2024-07-22T12:32:46.978+0000] {processor.py:161} INFO - Started process (PID=2039) to work on /opt/airflow/dags/dag.py
[2024-07-22T12:32:46.979+0000] {processor.py:830} INFO - Processing file /opt/airflow/dags/dag.py for tasks to queue
[2024-07-22T12:32:46.980+0000] {logging_mixin.py:188} INFO - [2024-07-22T12:32:46.979+0000] {dagbag.py:545} INFO - Filling up the DagBag from /opt/airflow/dags/dag.py
[2024-07-22T12:32:47.626+0000] {processor.py:840} INFO - DAG(s) 'fetch_and_store_amazon_books' retrieved from /opt/airflow/dags/dag.py
[2024-07-22T12:32:47.646+0000] {logging_mixin.py:188} INFO - [2024-07-22T12:32:47.646+0000] {dag.py:3089} INFO - Sync 1 DAGs
[2024-07-22T12:32:47.691+0000] {logging_mixin.py:188} INFO - [2024-07-22T12:32:47.691+0000] {dag.py:3947} INFO - Setting next_dagrun for fetch_and_store_amazon_books to 2024-07-22 00:00:00+00:00, run_after=2024-07-23 00:00:00+00:00
[2024-07-22T12:32:47.712+0000] {processor.py:183} INFO - Processing /opt/airflow/dags/dag.py took 0.738 seconds
[2024-07-22T12:33:30.311+0000] {processor.py:161} INFO - Started process (PID=2063) to work on /opt/airflow/dags/dag.py
[2024-07-22T12:33:30.331+0000] {processor.py:830} INFO - Processing file /opt/airflow/dags/dag.py for tasks to queue
[2024-07-22T12:33:30.364+0000] {logging_mixin.py:188} INFO - [2024-07-22T12:33:30.340+0000] {dagbag.py:545} INFO - Filling up the DagBag from /opt/airflow/dags/dag.py
[2024-07-22T12:33:36.567+0000] {processor.py:840} INFO - DAG(s) 'fetch_and_store_amazon_books' retrieved from /opt/airflow/dags/dag.py
[2024-07-22T12:33:37.069+0000] {logging_mixin.py:188} INFO - [2024-07-22T12:33:37.019+0000] {dag.py:3089} INFO - Sync 1 DAGs
[2024-07-22T12:33:37.406+0000] {logging_mixin.py:188} INFO - [2024-07-22T12:33:37.392+0000] {dag.py:3947} INFO - Setting next_dagrun for fetch_and_store_amazon_books to 2024-07-22 00:00:00+00:00, run_after=2024-07-23 00:00:00+00:00
[2024-07-22T12:33:37.649+0000] {processor.py:183} INFO - Processing /opt/airflow/dags/dag.py took 7.542 seconds
[2024-07-22T12:34:34.643+0000] {processor.py:161} INFO - Started process (PID=2116) to work on /opt/airflow/dags/dag.py
[2024-07-22T12:34:34.648+0000] {processor.py:830} INFO - Processing file /opt/airflow/dags/dag.py for tasks to queue
[2024-07-22T12:34:34.653+0000] {logging_mixin.py:188} INFO - [2024-07-22T12:34:34.651+0000] {dagbag.py:545} INFO - Filling up the DagBag from /opt/airflow/dags/dag.py
[2024-07-22T12:34:44.082+0000] {processor.py:840} INFO - DAG(s) 'fetch_and_store_amazon_books' retrieved from /opt/airflow/dags/dag.py
[2024-07-22T12:34:44.163+0000] {logging_mixin.py:188} INFO - [2024-07-22T12:34:44.161+0000] {dag.py:3089} INFO - Sync 1 DAGs
[2024-07-22T12:34:44.294+0000] {logging_mixin.py:188} INFO - [2024-07-22T12:34:44.293+0000] {dag.py:3947} INFO - Setting next_dagrun for fetch_and_store_amazon_books to 2024-07-22 00:00:00+00:00, run_after=2024-07-23 00:00:00+00:00
[2024-07-22T12:34:44.383+0000] {processor.py:183} INFO - Processing /opt/airflow/dags/dag.py took 9.730 seconds
[2024-07-22T12:35:14.737+0000] {processor.py:161} INFO - Started process (PID=2179) to work on /opt/airflow/dags/dag.py
[2024-07-22T12:35:14.739+0000] {processor.py:830} INFO - Processing file /opt/airflow/dags/dag.py for tasks to queue
[2024-07-22T12:35:14.741+0000] {logging_mixin.py:188} INFO - [2024-07-22T12:35:14.740+0000] {dagbag.py:545} INFO - Filling up the DagBag from /opt/airflow/dags/dag.py
[2024-07-22T12:35:16.171+0000] {processor.py:840} INFO - DAG(s) 'fetch_and_store_amazon_books' retrieved from /opt/airflow/dags/dag.py
[2024-07-22T12:35:16.213+0000] {logging_mixin.py:188} INFO - [2024-07-22T12:35:16.212+0000] {dag.py:3089} INFO - Sync 1 DAGs
[2024-07-22T12:35:16.237+0000] {logging_mixin.py:188} INFO - [2024-07-22T12:35:16.237+0000] {dag.py:3947} INFO - Setting next_dagrun for fetch_and_store_amazon_books to 2024-07-22 00:00:00+00:00, run_after=2024-07-23 00:00:00+00:00
[2024-07-22T12:35:16.252+0000] {processor.py:183} INFO - Processing /opt/airflow/dags/dag.py took 1.527 seconds
[2024-07-22T12:35:46.411+0000] {processor.py:161} INFO - Started process (PID=2246) to work on /opt/airflow/dags/dag.py
[2024-07-22T12:35:46.415+0000] {processor.py:830} INFO - Processing file /opt/airflow/dags/dag.py for tasks to queue
[2024-07-22T12:35:46.416+0000] {logging_mixin.py:188} INFO - [2024-07-22T12:35:46.416+0000] {dagbag.py:545} INFO - Filling up the DagBag from /opt/airflow/dags/dag.py
[2024-07-22T12:35:48.794+0000] {processor.py:840} INFO - DAG(s) 'fetch_and_store_amazon_books' retrieved from /opt/airflow/dags/dag.py
[2024-07-22T12:35:49.000+0000] {logging_mixin.py:188} INFO - [2024-07-22T12:35:48.995+0000] {dag.py:3089} INFO - Sync 1 DAGs
[2024-07-22T12:35:49.186+0000] {logging_mixin.py:188} INFO - [2024-07-22T12:35:49.184+0000] {dag.py:3947} INFO - Setting next_dagrun for fetch_and_store_amazon_books to 2024-07-22 00:00:00+00:00, run_after=2024-07-23 00:00:00+00:00
[2024-07-22T12:35:49.305+0000] {processor.py:183} INFO - Processing /opt/airflow/dags/dag.py took 2.900 seconds
[2024-07-22T12:36:19.952+0000] {processor.py:161} INFO - Started process (PID=2309) to work on /opt/airflow/dags/dag.py
[2024-07-22T12:36:19.956+0000] {processor.py:830} INFO - Processing file /opt/airflow/dags/dag.py for tasks to queue
[2024-07-22T12:36:19.958+0000] {logging_mixin.py:188} INFO - [2024-07-22T12:36:19.957+0000] {dagbag.py:545} INFO - Filling up the DagBag from /opt/airflow/dags/dag.py
[2024-07-22T12:36:20.823+0000] {processor.py:840} INFO - DAG(s) 'fetch_and_store_amazon_books' retrieved from /opt/airflow/dags/dag.py
[2024-07-22T12:36:20.859+0000] {logging_mixin.py:188} INFO - [2024-07-22T12:36:20.858+0000] {dag.py:3089} INFO - Sync 1 DAGs
[2024-07-22T12:36:20.887+0000] {logging_mixin.py:188} INFO - [2024-07-22T12:36:20.887+0000] {dag.py:3947} INFO - Setting next_dagrun for fetch_and_store_amazon_books to 2024-07-22 00:00:00+00:00, run_after=2024-07-23 00:00:00+00:00
[2024-07-22T12:36:20.903+0000] {processor.py:183} INFO - Processing /opt/airflow/dags/dag.py took 0.965 seconds
[2024-07-22T12:36:51.213+0000] {processor.py:161} INFO - Started process (PID=2370) to work on /opt/airflow/dags/dag.py
[2024-07-22T12:36:51.214+0000] {processor.py:830} INFO - Processing file /opt/airflow/dags/dag.py for tasks to queue
[2024-07-22T12:36:51.215+0000] {logging_mixin.py:188} INFO - [2024-07-22T12:36:51.215+0000] {dagbag.py:545} INFO - Filling up the DagBag from /opt/airflow/dags/dag.py
[2024-07-22T12:36:52.772+0000] {processor.py:840} INFO - DAG(s) 'fetch_and_store_amazon_books' retrieved from /opt/airflow/dags/dag.py
[2024-07-22T12:36:52.802+0000] {logging_mixin.py:188} INFO - [2024-07-22T12:36:52.801+0000] {dag.py:3089} INFO - Sync 1 DAGs
[2024-07-22T12:36:52.833+0000] {logging_mixin.py:188} INFO - [2024-07-22T12:36:52.833+0000] {dag.py:3947} INFO - Setting next_dagrun for fetch_and_store_amazon_books to 2024-07-22 00:00:00+00:00, run_after=2024-07-23 00:00:00+00:00
[2024-07-22T12:36:52.879+0000] {processor.py:183} INFO - Processing /opt/airflow/dags/dag.py took 1.672 seconds
[2024-07-22T12:37:23.946+0000] {processor.py:161} INFO - Started process (PID=2437) to work on /opt/airflow/dags/dag.py
[2024-07-22T12:37:23.949+0000] {processor.py:830} INFO - Processing file /opt/airflow/dags/dag.py for tasks to queue
[2024-07-22T12:37:23.951+0000] {logging_mixin.py:188} INFO - [2024-07-22T12:37:23.950+0000] {dagbag.py:545} INFO - Filling up the DagBag from /opt/airflow/dags/dag.py
[2024-07-22T12:37:25.204+0000] {processor.py:840} INFO - DAG(s) 'fetch_and_store_amazon_books' retrieved from /opt/airflow/dags/dag.py
[2024-07-22T12:37:25.234+0000] {logging_mixin.py:188} INFO - [2024-07-22T12:37:25.233+0000] {dag.py:3089} INFO - Sync 1 DAGs
[2024-07-22T12:37:25.265+0000] {logging_mixin.py:188} INFO - [2024-07-22T12:37:25.265+0000] {dag.py:3947} INFO - Setting next_dagrun for fetch_and_store_amazon_books to 2024-07-22 00:00:00+00:00, run_after=2024-07-23 00:00:00+00:00
[2024-07-22T12:37:25.284+0000] {processor.py:183} INFO - Processing /opt/airflow/dags/dag.py took 1.355 seconds
[2024-07-22T12:37:55.908+0000] {processor.py:161} INFO - Started process (PID=2504) to work on /opt/airflow/dags/dag.py
[2024-07-22T12:37:55.910+0000] {processor.py:830} INFO - Processing file /opt/airflow/dags/dag.py for tasks to queue
[2024-07-22T12:37:55.912+0000] {logging_mixin.py:188} INFO - [2024-07-22T12:37:55.911+0000] {dagbag.py:545} INFO - Filling up the DagBag from /opt/airflow/dags/dag.py
[2024-07-22T12:38:00.047+0000] {processor.py:840} INFO - DAG(s) 'fetch_and_store_amazon_books' retrieved from /opt/airflow/dags/dag.py
[2024-07-22T12:38:00.142+0000] {logging_mixin.py:188} INFO - [2024-07-22T12:38:00.140+0000] {dag.py:3089} INFO - Sync 1 DAGs
[2024-07-22T12:38:00.184+0000] {logging_mixin.py:188} INFO - [2024-07-22T12:38:00.183+0000] {dag.py:3947} INFO - Setting next_dagrun for fetch_and_store_amazon_books to 2024-07-22 00:00:00+00:00, run_after=2024-07-23 00:00:00+00:00
[2024-07-22T12:38:00.220+0000] {processor.py:183} INFO - Processing /opt/airflow/dags/dag.py took 4.320 seconds
[2024-07-22T12:38:48.773+0000] {processor.py:161} INFO - Started process (PID=2576) to work on /opt/airflow/dags/dag.py
[2024-07-22T12:38:48.782+0000] {processor.py:830} INFO - Processing file /opt/airflow/dags/dag.py for tasks to queue
[2024-07-22T12:38:48.789+0000] {logging_mixin.py:188} INFO - [2024-07-22T12:38:48.788+0000] {dagbag.py:545} INFO - Filling up the DagBag from /opt/airflow/dags/dag.py
[2024-07-22T12:38:51.197+0000] {processor.py:840} INFO - DAG(s) 'fetch_and_store_amazon_books' retrieved from /opt/airflow/dags/dag.py
[2024-07-22T12:38:51.237+0000] {logging_mixin.py:188} INFO - [2024-07-22T12:38:51.236+0000] {dag.py:3089} INFO - Sync 1 DAGs
[2024-07-22T12:38:51.264+0000] {logging_mixin.py:188} INFO - [2024-07-22T12:38:51.264+0000] {dag.py:3947} INFO - Setting next_dagrun for fetch_and_store_amazon_books to 2024-07-22 00:00:00+00:00, run_after=2024-07-23 00:00:00+00:00
[2024-07-22T12:38:51.291+0000] {processor.py:183} INFO - Processing /opt/airflow/dags/dag.py took 2.556 seconds
[2024-07-22T12:39:21.401+0000] {processor.py:161} INFO - Started process (PID=2641) to work on /opt/airflow/dags/dag.py
[2024-07-22T12:39:21.404+0000] {processor.py:830} INFO - Processing file /opt/airflow/dags/dag.py for tasks to queue
[2024-07-22T12:39:21.406+0000] {logging_mixin.py:188} INFO - [2024-07-22T12:39:21.405+0000] {dagbag.py:545} INFO - Filling up the DagBag from /opt/airflow/dags/dag.py
[2024-07-22T12:39:23.185+0000] {processor.py:840} INFO - DAG(s) 'fetch_and_store_amazon_books' retrieved from /opt/airflow/dags/dag.py
[2024-07-22T12:39:23.222+0000] {logging_mixin.py:188} INFO - [2024-07-22T12:39:23.221+0000] {dag.py:3089} INFO - Sync 1 DAGs
[2024-07-22T12:39:23.254+0000] {logging_mixin.py:188} INFO - [2024-07-22T12:39:23.254+0000] {dag.py:3947} INFO - Setting next_dagrun for fetch_and_store_amazon_books to 2024-07-22 00:00:00+00:00, run_after=2024-07-23 00:00:00+00:00
[2024-07-22T12:39:23.299+0000] {processor.py:183} INFO - Processing /opt/airflow/dags/dag.py took 1.907 seconds
[2024-07-22T12:40:58.241+0000] {processor.py:161} INFO - Started process (PID=2691) to work on /opt/airflow/dags/dag.py
[2024-07-22T12:40:58.485+0000] {processor.py:830} INFO - Processing file /opt/airflow/dags/dag.py for tasks to queue
[2024-07-22T12:40:58.839+0000] {logging_mixin.py:188} INFO - [2024-07-22T12:40:58.674+0000] {dagbag.py:545} INFO - Filling up the DagBag from /opt/airflow/dags/dag.py
[2024-07-22T12:41:34.183+0000] {logging_mixin.py:188} INFO - [2024-07-22T12:41:34.109+0000] {timeout.py:68} ERROR - Process timed out, PID: 2691
[2024-07-22T12:48:19.876+0000] {processor.py:161} INFO - Started process (PID=2774) to work on /opt/airflow/dags/dag.py
[2024-07-22T12:48:19.930+0000] {processor.py:830} INFO - Processing file /opt/airflow/dags/dag.py for tasks to queue
[2024-07-22T12:48:19.994+0000] {logging_mixin.py:188} INFO - [2024-07-22T12:48:19.969+0000] {dagbag.py:545} INFO - Filling up the DagBag from /opt/airflow/dags/dag.py
[2024-07-22T12:48:53.269+0000] {logging_mixin.py:188} INFO - [2024-07-22T12:48:52.916+0000] {timeout.py:68} ERROR - Process timed out, PID: 2774
[2024-07-22T12:56:17.312+0000] {processor.py:161} INFO - Started process (PID=2844) to work on /opt/airflow/dags/dag.py
[2024-07-22T12:56:17.535+0000] {processor.py:830} INFO - Processing file /opt/airflow/dags/dag.py for tasks to queue
[2024-07-22T12:56:17.617+0000] {logging_mixin.py:188} INFO - [2024-07-22T12:56:17.562+0000] {dagbag.py:545} INFO - Filling up the DagBag from /opt/airflow/dags/dag.py
