[2024-07-22T12:33:36.312+0000] {local_task_job_runner.py:120} INFO - ::group::Pre task execution logs
[2024-07-22T12:33:36.484+0000] {taskinstance.py:2076} INFO - Dependencies all met for dep_context=non-requeueable deps ti=<TaskInstance: fetch_and_store_amazon_books.fetch_book_data manual__2024-07-22T12:33:00.491009+00:00 [queued]>
[2024-07-22T12:33:36.574+0000] {taskinstance.py:2076} INFO - Dependencies all met for dep_context=requeueable deps ti=<TaskInstance: fetch_and_store_amazon_books.fetch_book_data manual__2024-07-22T12:33:00.491009+00:00 [queued]>
[2024-07-22T12:33:36.585+0000] {taskinstance.py:2306} INFO - Starting attempt 1 of 2
[2024-07-22T12:33:36.953+0000] {taskinstance.py:2330} INFO - Executing <Task(PythonOperator): fetch_book_data> on 2024-07-22 12:33:00.491009+00:00
[2024-07-22T12:33:37.252+0000] {standard_task_runner.py:90} INFO - Running: ['***', 'tasks', 'run', 'fetch_and_store_amazon_books', 'fetch_book_data', 'manual__2024-07-22T12:33:00.491009+00:00', '--job-id', '8', '--raw', '--subdir', 'DAGS_FOLDER/dag.py', '--cfg-path', '/tmp/tmpq4irfh1d']
[2024-07-22T12:33:37.276+0000] {standard_task_runner.py:91} INFO - Job 8: Subtask fetch_book_data
[2024-07-22T12:33:37.352+0000] {warnings.py:112} WARNING - /home/***/.local/lib/python3.12/site-packages/***/task/task_runner/standard_task_runner.py:62: DeprecationWarning: This process (pid=308) is multi-threaded, use of fork() may lead to deadlocks in the child.
  pid = os.fork()

[2024-07-22T12:33:37.369+0000] {standard_task_runner.py:64} INFO - Started process 317 to run task
[2024-07-22T12:33:38.728+0000] {task_command.py:426} INFO - Running <TaskInstance: fetch_and_store_amazon_books.fetch_book_data manual__2024-07-22T12:33:00.491009+00:00 [running]> on host d3b217dd6db7
[2024-07-22T12:33:39.015+0000] {taskinstance.py:2648} INFO - Exporting env vars: AIRFLOW_CTX_DAG_OWNER='***' AIRFLOW_CTX_DAG_ID='fetch_and_store_amazon_books' AIRFLOW_CTX_TASK_ID='fetch_book_data' AIRFLOW_CTX_EXECUTION_DATE='2024-07-22T12:33:00.491009+00:00' AIRFLOW_CTX_TRY_NUMBER='1' AIRFLOW_CTX_DAG_RUN_ID='manual__2024-07-22T12:33:00.491009+00:00'
[2024-07-22T12:33:39.023+0000] {taskinstance.py:430} INFO - ::endgroup::
[2024-07-22T12:33:44.464+0000] {python.py:237} INFO - Done. Returned value was: None
[2024-07-22T12:33:44.523+0000] {taskinstance.py:441} INFO - ::group::Post task execution logs
[2024-07-22T12:33:44.991+0000] {taskinstance.py:1206} INFO - Marking task as SUCCESS. dag_id=fetch_and_store_amazon_books, task_id=fetch_book_data, run_id=manual__2024-07-22T12:33:00.491009+00:00, execution_date=20240722T123300, start_date=20240722T123336, end_date=20240722T123344
[2024-07-22T12:33:45.354+0000] {local_task_job_runner.py:243} INFO - Task exited with return code 0
[2024-07-22T12:33:45.560+0000] {warnings.py:112} WARNING - /home/***/.local/lib/python3.12/site-packages/***/models/baseoperator.py:1297: AirflowProviderDeprecationWarning: Call to deprecated class PostgresOperator. (Please use `***.providers.common.sql.operators.sql.SQLExecuteQueryOperator`.Also, you can provide `hook_params={'schema': <database>}`.)
  result = cls.__new__(cls)

[2024-07-22T12:33:45.694+0000] {taskinstance.py:3503} INFO - 1 downstream tasks scheduled from follow-on schedule check
[2024-07-22T12:33:45.700+0000] {local_task_job_runner.py:222} INFO - ::endgroup::
